#
# There is insufficient memory for the Java Runtime Environment to continue.
# Native memory allocation (mmap) failed to map 28311552 bytes. Error detail: G1 virtual space
# Possible reasons:
#   The system is out of physical RAM or swap space
#   This process is running with CompressedOops enabled, and the Java Heap may be blocking the growth of the native heap
# Possible solutions:
#   Reduce memory load on the system
#   Increase physical memory or swap space
#   Check if swap backing store is full
#   Decrease Java heap size (-Xmx/-Xms)
#   Decrease number of Java threads
#   Decrease Java thread stack sizes (-Xss)
#   Set larger code cache with -XX:ReservedCodeCacheSize=
#   JVM is running with Unscaled Compressed Oops mode in which the Java heap is
#     placed in the first 4GB address space. The Java Heap base address is the
#     maximum limit for the native heap growth. Please use -XX:HeapBaseMinAddress
#     to set the Java Heap base and to place the Java Heap above 4GB virtual address.
# This output file may be truncated or incomplete.
#
#  Out of Memory Error (os_windows.cpp:3564), pid=31892, tid=27844
#
# JRE version: Java(TM) SE Runtime Environment (24.0.1+9) (build 24.0.1+9-30)
# Java VM: Java HotSpot(TM) 64-Bit Server VM (24.0.1+9-30, mixed mode, sharing, tiered, compressed oops, compressed class ptrs, g1 gc, windows-amd64)
# No core dump will be written. Minidumps are not enabled by default on client versions of Windows
#

---------------  S U M M A R Y ------------

Command Line: --add-opens=java.base/java.lang=ALL-UNNAMED --add-opens=java.base/java.lang.invoke=ALL-UNNAMED --add-opens=java.base/java.util=ALL-UNNAMED --add-opens=java.prefs/java.util.prefs=ALL-UNNAMED --add-exports=jdk.compiler/com.sun.tools.javac.api=ALL-UNNAMED --add-exports=jdk.compiler/com.sun.tools.javac.util=ALL-UNNAMED --add-opens=java.base/java.util=ALL-UNNAMED --add-opens=java.prefs/java.util.prefs=ALL-UNNAMED --add-opens=java.base/java.nio.charset=ALL-UNNAMED --add-opens=java.base/java.net=ALL-UNNAMED --add-opens=java.base/java.util.concurrent.atomic=ALL-UNNAMED --add-opens=java.xml/javax.xml.namespace=ALL-UNNAMED -Xmx1536m -Dfile.encoding=UTF-8 -Duser.country=IN -Duser.language=en -Duser.variant -javaagent:C:\Users\Prattay\.gradle\wrapper\dists\gradle-8.11.1-all\2qik7nd48slq1ooc2496ixf4i\gradle-8.11.1\lib\agents\gradle-instrumentation-agent-8.11.1.jar org.gradle.launcher.daemon.bootstrap.GradleDaemon 8.11.1

Host: 12th Gen Intel(R) Core(TM) i5-12500H, 16 cores, 15G,  Windows 11 , 64 bit Build 26100 (10.0.26100.4484)
Time: Sat Aug 16 23:59:49 2025 India Standard Time elapsed time: 14.592279 seconds (0d 0h 0m 14s)

---------------  T H R E A D  ---------------

Current thread (0x0000023ae1053750):  VMThread "VM Thread"          [id=27844, stack(0x000000c11d500000,0x000000c11d600000) (1024K)]

Stack: [0x000000c11d500000,0x000000c11d600000]
Native frames: (J=compiled Java code, j=interpreted, Vv=VM code, C=native code)
V  [jvm.dll+0x730739]  (no source info available)
V  [jvm.dll+0x8d9b23]  (no source info available)
V  [jvm.dll+0x8dc00d]  (no source info available)
V  [jvm.dll+0x8dc683]  (no source info available)
V  [jvm.dll+0x2aa086]  (no source info available)
V  [jvm.dll+0x72cc65]  (no source info available)
V  [jvm.dll+0x72059a]  (no source info available)
V  [jvm.dll+0x390cea]  (no source info available)
V  [jvm.dll+0x3989f6]  (no source info available)
V  [jvm.dll+0x38523e]  (no source info available)
V  [jvm.dll+0x3854f8]  (no source info available)
V  [jvm.dll+0x35d0cc]  (no source info available)
V  [jvm.dll+0x35fe09]  (no source info available)
V  [jvm.dll+0x36b42b]  (no source info available)
V  [jvm.dll+0x3a8745]  (no source info available)
V  [jvm.dll+0x8e2742]  (no source info available)
V  [jvm.dll+0x8e3a8c]  (no source info available)
V  [jvm.dll+0x8e3ff8]  (no source info available)
V  [jvm.dll+0x8e4293]  (no source info available)
V  [jvm.dll+0x87d76b]  (no source info available)
V  [jvm.dll+0x72ee55]  (no source info available)
C  [ucrtbase.dll+0x37b0]  (no source info available)
C  [KERNEL32.DLL+0x2e8d7]  (no source info available)
C  [ntdll.dll+0x3c34c]  (no source info available)

VM_Operation (0x000000c11d0ff420): G1PauseRemark, mode: safepoint, requested by thread 0x0000023ac405c9b0


---------------  P R O C E S S  ---------------

Threads class SMR info:
_java_thread_list=0x0000023ae18a0110, length=128, elements={
0x0000023ac3ffe8e0, 0x0000023ae10600f0, 0x0000023ae1060830, 0x0000023ae10630b0,
0x0000023ae1063f70, 0x0000023ae1065e00, 0x0000023ae1066930, 0x0000023ae106f8d0,
0x0000023ae1073a40, 0x0000023ae11c4d40, 0x0000023ae11c54d0, 0x0000023ae11c8480,
0x0000023ae1391fa0, 0x0000023ae13f6f80, 0x0000023b27fbcf30, 0x0000023b284d5810,
0x0000023b2823f0c0, 0x0000023b28230c10, 0x0000023b28231350, 0x0000023b28237690,
0x0000023b28235200, 0x0000023b282360a0, 0x0000023b282367f0, 0x0000023b28236f40,
0x0000023b28237de0, 0x0000023b28235950, 0x0000023b28b33fa0, 0x0000023b28b346f0,
0x0000023b28b33100, 0x0000023b28b329b0, 0x0000023b28b34e40, 0x0000023b28b35590,
0x0000023b28b33850, 0x0000023b2b55af70, 0x0000023b2b558ae0, 0x0000023b2b559980,
0x0000023b2b559230, 0x0000023b2b55b6c0, 0x0000023b2b55d400, 0x0000023b2b55c560,
0x0000023b2b55a0d0, 0x0000023b2b55db50, 0x0000023b2b55a820, 0x0000023b2b55e2a0,
0x0000023b2b55f140, 0x0000023b2b55e9f0, 0x0000023b2b55ffe0, 0x0000023b2b55f890,
0x0000023b28f2feb0, 0x0000023b28f2f010, 0x0000023b28f2da20, 0x0000023b28f30600,
0x0000023b28f2f760, 0x0000023b28f33930, 0x0000023b28f32a90, 0x0000023b28f331e0,
0x0000023b28f34080, 0x0000023b28f347d0, 0x0000023b28f314a0, 0x0000023b28f34f20,
0x0000023b28f31bf0, 0x0000023b28f32340, 0x0000023b2a93f470, 0x0000023b2a93fbc0,
0x0000023b2a93c890, 0x0000023b2a940310, 0x0000023b2a93cfe0, 0x0000023b2a940a60,
0x0000023b2a93ed20, 0x0000023b2a93d730, 0x0000023b2a9411b0, 0x0000023b2a93de80,
0x0000023b2a941900, 0x0000023b2a93e5d0, 0x0000023b2a942050, 0x0000023b2a943640,
0x0000023b2a9427a0, 0x0000023b2a942ef0, 0x0000023b2a943d90, 0x0000023b2a0b9740,
0x0000023b2a0bc320, 0x0000023b2a0b8ff0, 0x0000023b2a0bd1c0, 0x0000023b2a0bca70,
0x0000023b2a0b9e90, 0x0000023b2a0bd910, 0x0000023b2a0ba5e0, 0x0000023b2a0bad30,
0x0000023b2a0be060, 0x0000023b2a0be7b0, 0x0000023b2a0bb480, 0x0000023b2a0bef00,
0x0000023b2a0bbbd0, 0x0000023b2a0bf650, 0x0000023b2a0c04f0, 0x0000023b2b0b31b0,
0x0000023b2b0b4050, 0x0000023b2b0b64e0, 0x0000023b28b35ce0, 0x0000023b28234ab0,
0x0000023b28f2e8c0, 0x0000023b29f02440, 0x0000023b29f03a30, 0x0000023b29f015a0,
0x0000023b29f04180, 0x0000023b29f032e0, 0x0000023b29f00e50, 0x0000023b29f01cf0,
0x0000023b29f048d0, 0x0000023b29f05ec0, 0x0000023b29f05020, 0x0000023b29f02b90,
0x0000023b29f07c00, 0x0000023b29f08350, 0x0000023ae188f710, 0x0000023ae188e870,
0x0000023ae188e120, 0x0000023ae188d280, 0x0000023ae18905b0, 0x0000023ae188fe60,
0x0000023ae188efc0, 0x0000023ae1890d00, 0x0000023ae188d9d0, 0x0000023ae1891450,
0x0000023ae1894780, 0x0000023ae1891ba0, 0x0000023ae18922f0, 0x0000023ae1893190
}

Java Threads: ( => current thread )
  0x0000023ac3ffe8e0 JavaThread "main"                              [_thread_blocked, id=27576, stack(0x000000c11ce00000,0x000000c11cf00000) (1024K)]
  0x0000023ae10600f0 JavaThread "Reference Handler"          daemon [_thread_blocked, id=20288, stack(0x000000c11d600000,0x000000c11d700000) (1024K)]
  0x0000023ae1060830 JavaThread "Finalizer"                  daemon [_thread_blocked, id=21136, stack(0x000000c11d700000,0x000000c11d800000) (1024K)]
  0x0000023ae10630b0 JavaThread "Signal Dispatcher"          daemon [_thread_blocked, id=2456, stack(0x000000c11d800000,0x000000c11d900000) (1024K)]
  0x0000023ae1063f70 JavaThread "Attach Listener"            daemon [_thread_blocked, id=38180, stack(0x000000c11d900000,0x000000c11da00000) (1024K)]
  0x0000023ae1065e00 JavaThread "Service Thread"             daemon [_thread_blocked, id=9132, stack(0x000000c11da00000,0x000000c11db00000) (1024K)]
  0x0000023ae1066930 JavaThread "Monitor Deflation Thread"   daemon [_thread_blocked, id=3472, stack(0x000000c11db00000,0x000000c11dc00000) (1024K)]
  0x0000023ae106f8d0 JavaThread "C2 CompilerThread0"         daemon [_thread_blocked, id=12412, stack(0x000000c11dc00000,0x000000c11dd00000) (1024K)]
  0x0000023ae1073a40 JavaThread "C1 CompilerThread0"         daemon [_thread_blocked, id=41696, stack(0x000000c11dd00000,0x000000c11de00000) (1024K)]
  0x0000023ae11c4d40 JavaThread "C1 CompilerThread1"         daemon [_thread_blocked, id=32668, stack(0x000000c11de00000,0x000000c11df00000) (1024K)]
  0x0000023ae11c54d0 JavaThread "C1 CompilerThread2"         daemon [_thread_blocked, id=18896, stack(0x000000c11df00000,0x000000c11e000000) (1024K)]
  0x0000023ae11c8480 JavaThread "C1 CompilerThread3"         daemon [_thread_blocked, id=44392, stack(0x000000c11e000000,0x000000c11e100000) (1024K)]
  0x0000023ae1391fa0 JavaThread "Common-Cleaner"             daemon [_thread_blocked, id=19888, stack(0x000000c11e300000,0x000000c11e400000) (1024K)]
  0x0000023ae13f6f80 JavaThread "Notification Thread"        daemon [_thread_blocked, id=32084, stack(0x000000c11e400000,0x000000c11e500000) (1024K)]
  0x0000023b27fbcf30 JavaThread "Daemon health stats"               [_thread_blocked, id=24508, stack(0x000000c11ea00000,0x000000c11eb00000) (1024K)]
  0x0000023b284d5810 JavaThread "Incoming local TCP Connector on port 60988"        [_thread_in_native, id=34732, stack(0x000000c11eb00000,0x000000c11ec00000) (1024K)]
  0x0000023b2823f0c0 JavaThread "Daemon periodic checks"            [_thread_blocked, id=44200, stack(0x000000c11ec00000,0x000000c11ed00000) (1024K)]
  0x0000023b28230c10 JavaThread "Daemon"                            [_thread_blocked, id=13752, stack(0x000000c11ed00000,0x000000c11ee00000) (1024K)]
  0x0000023b28231350 JavaThread "Handler for socket connection from /127.0.0.1:60988 to /127.0.0.1:60989"        [_thread_in_native, id=34040, stack(0x000000c11ee00000,0x000000c11ef00000) (1024K)]
  0x0000023b28237690 JavaThread "Cancel handler"                    [_thread_blocked, id=28704, stack(0x000000c11ef00000,0x000000c11f000000) (1024K)]
  0x0000023b28235200 JavaThread "Daemon worker"                     [_thread_blocked, id=30112, stack(0x000000c11f000000,0x000000c11f100000) (1024K)]
  0x0000023b282360a0 JavaThread "Asynchronous log dispatcher for DefaultDaemonConnection: socket connection from /127.0.0.1:60988 to /127.0.0.1:60989"        [_thread_blocked, id=19424, stack(0x000000c11f100000,0x000000c11f200000) (1024K)]
  0x0000023b282367f0 JavaThread "Stdin handler"                     [_thread_blocked, id=4052, stack(0x000000c11f200000,0x000000c11f300000) (1024K)]
  0x0000023b28236f40 JavaThread "Daemon client event forwarder"        [_thread_blocked, id=34952, stack(0x000000c11f300000,0x000000c11f400000) (1024K)]
  0x0000023b28237de0 JavaThread "Cache worker for journal cache (C:\Users\Prattay\.gradle\caches\journal-1)"        [_thread_blocked, id=43436, stack(0x000000c11f400000,0x000000c11f500000) (1024K)]
  0x0000023b28235950 JavaThread "File lock request listener"        [_thread_in_native, id=16428, stack(0x000000c11f500000,0x000000c11f600000) (1024K)]
  0x0000023b28b33fa0 JavaThread "Cache worker for file hash cache (C:\Users\Prattay\.gradle\caches\8.11.1\fileHashes)"        [_thread_blocked, id=276, stack(0x000000c11f600000,0x000000c11f700000) (1024K)]
  0x0000023b28b346f0 JavaThread "Cache worker for file content cache (C:\Users\Prattay\.gradle\caches\8.11.1\fileContent)"        [_thread_blocked, id=16084, stack(0x000000c11e200000,0x000000c11e300000) (1024K)]
  0x0000023b28b33100 JavaThread "Cache worker for file hash cache (D:\NextJs projects\wb-3d-tour\android\.gradle\8.11.1\fileHashes)"        [_thread_blocked, id=25704, stack(0x000000c120000000,0x000000c120100000) (1024K)]
  0x0000023b28b329b0 JavaThread "Cache worker for Build Output Cleanup Cache (D:\NextJs projects\wb-3d-tour\android\.gradle\buildOutputCleanup)"        [_thread_blocked, id=33960, stack(0x000000c120100000,0x000000c120200000) (1024K)]
  0x0000023b28b34e40 JavaThread "File watcher server"        daemon [_thread_in_native, id=38032, stack(0x000000c120200000,0x000000c120300000) (1024K)]
  0x0000023b28b35590 JavaThread "File watcher consumer"      daemon [_thread_blocked, id=21736, stack(0x000000c120300000,0x000000c120400000) (1024K)]
  0x0000023b28b33850 JavaThread "jar transforms"                    [_thread_blocked, id=30556, stack(0x000000c120400000,0x000000c120500000) (1024K)]
  0x0000023b2b55af70 JavaThread "jar transforms Thread 2"           [_thread_blocked, id=21308, stack(0x000000c120500000,0x000000c120600000) (1024K)]
  0x0000023b2b558ae0 JavaThread "jar transforms Thread 3"           [_thread_blocked, id=31888, stack(0x000000c120600000,0x000000c120700000) (1024K)]
  0x0000023b2b559980 JavaThread "Cache worker for checksums cache (D:\NextJs projects\wb-3d-tour\android\.gradle\8.11.1\checksums)"        [_thread_blocked, id=27168, stack(0x000000c120800000,0x000000c120900000) (1024K)]
  0x0000023b2b559230 JavaThread "Cache worker for cache directory md-rule (C:\Users\Prattay\.gradle\caches\8.11.1\md-rule)"        [_thread_blocked, id=18112, stack(0x000000c120900000,0x000000c120a00000) (1024K)]
  0x0000023b2b55b6c0 JavaThread "Cache worker for cache directory md-supplier (C:\Users\Prattay\.gradle\caches\8.11.1\md-supplier)"        [_thread_blocked, id=38020, stack(0x000000c120a00000,0x000000c120b00000) (1024K)]
  0x0000023b2b55d400 JavaThread "jar transforms Thread 4"           [_thread_blocked, id=31332, stack(0x000000c120b00000,0x000000c120c00000) (1024K)]
  0x0000023b2b55c560 JavaThread "jar transforms Thread 5"           [_thread_blocked, id=18800, stack(0x000000c120c00000,0x000000c120d00000) (1024K)]
  0x0000023b2b55a0d0 JavaThread "jar transforms Thread 6"           [_thread_blocked, id=14624, stack(0x000000c120d00000,0x000000c120e00000) (1024K)]
  0x0000023b2b55db50 JavaThread "jar transforms Thread 7"           [_thread_blocked, id=12488, stack(0x000000c120e00000,0x000000c120f00000) (1024K)]
  0x0000023b2b55a820 JavaThread "jar transforms Thread 8"           [_thread_blocked, id=43128, stack(0x000000c120f00000,0x000000c121000000) (1024K)]
  0x0000023b2b55e2a0 JavaThread "jar transforms Thread 9"           [_thread_blocked, id=31484, stack(0x000000c121000000,0x000000c121100000) (1024K)]
  0x0000023b2b55f140 JavaThread "jar transforms Thread 10"          [_thread_blocked, id=21448, stack(0x000000c121100000,0x000000c121200000) (1024K)]
  0x0000023b2b55e9f0 JavaThread "jar transforms Thread 11"          [_thread_blocked, id=31224, stack(0x000000c121200000,0x000000c121300000) (1024K)]
  0x0000023b2b55ffe0 JavaThread "jar transforms Thread 12"          [_thread_blocked, id=27692, stack(0x000000c121300000,0x000000c121400000) (1024K)]
  0x0000023b2b55f890 JavaThread "jar transforms Thread 13"          [_thread_blocked, id=39568, stack(0x000000c121400000,0x000000c121500000) (1024K)]
  0x0000023b28f2feb0 JavaThread "jar transforms Thread 14"          [_thread_blocked, id=36888, stack(0x000000c121500000,0x000000c121600000) (1024K)]
  0x0000023b28f2f010 JavaThread "Unconstrained build operations"        [_thread_blocked, id=17588, stack(0x000000c121600000,0x000000c121700000) (1024K)]
  0x0000023b28f2da20 JavaThread "Unconstrained build operations Thread 2"        [_thread_blocked, id=7248, stack(0x000000c121700000,0x000000c121800000) (1024K)]
  0x0000023b28f30600 JavaThread "Unconstrained build operations Thread 3"        [_thread_blocked, id=20952, stack(0x000000c121800000,0x000000c121900000) (1024K)]
  0x0000023b28f2f760 JavaThread "Unconstrained build operations Thread 4"        [_thread_blocked, id=41716, stack(0x000000c121900000,0x000000c121a00000) (1024K)]
  0x0000023b28f33930 JavaThread "Unconstrained build operations Thread 5"        [_thread_blocked, id=32324, stack(0x000000c121a00000,0x000000c121b00000) (1024K)]
  0x0000023b28f32a90 JavaThread "Unconstrained build operations Thread 6"        [_thread_blocked, id=26496, stack(0x000000c121b00000,0x000000c121c00000) (1024K)]
  0x0000023b28f331e0 JavaThread "Unconstrained build operations Thread 7"        [_thread_blocked, id=14600, stack(0x000000c121c00000,0x000000c121d00000) (1024K)]
  0x0000023b28f34080 JavaThread "Unconstrained build operations Thread 8"        [_thread_blocked, id=44856, stack(0x000000c121d00000,0x000000c121e00000) (1024K)]
  0x0000023b28f347d0 JavaThread "Unconstrained build operations Thread 9"        [_thread_blocked, id=15552, stack(0x000000c121e00000,0x000000c121f00000) (1024K)]
  0x0000023b28f314a0 JavaThread "Unconstrained build operations Thread 10"        [_thread_blocked, id=18688, stack(0x000000c121f00000,0x000000c122000000) (1024K)]
  0x0000023b28f34f20 JavaThread "Unconstrained build operations Thread 11"        [_thread_blocked, id=40544, stack(0x000000c122000000,0x000000c122100000) (1024K)]
  0x0000023b28f31bf0 JavaThread "Unconstrained build operations Thread 12"        [_thread_blocked, id=28184, stack(0x000000c122100000,0x000000c122200000) (1024K)]
  0x0000023b28f32340 JavaThread "Unconstrained build operations Thread 13"        [_thread_blocked, id=44888, stack(0x000000c122200000,0x000000c122300000) (1024K)]
  0x0000023b2a93f470 JavaThread "Unconstrained build operations Thread 14"        [_thread_blocked, id=21064, stack(0x000000c122300000,0x000000c122400000) (1024K)]
  0x0000023b2a93fbc0 JavaThread "Unconstrained build operations Thread 15"        [_thread_blocked, id=18240, stack(0x000000c122400000,0x000000c122500000) (1024K)]
  0x0000023b2a93c890 JavaThread "Unconstrained build operations Thread 16"        [_thread_blocked, id=30184, stack(0x000000c122500000,0x000000c122600000) (1024K)]
  0x0000023b2a940310 JavaThread "Unconstrained build operations Thread 17"        [_thread_blocked, id=12756, stack(0x000000c122600000,0x000000c122700000) (1024K)]
  0x0000023b2a93cfe0 JavaThread "Unconstrained build operations Thread 18"        [_thread_blocked, id=30056, stack(0x000000c122700000,0x000000c122800000) (1024K)]
  0x0000023b2a940a60 JavaThread "Unconstrained build operations Thread 19"        [_thread_blocked, id=36296, stack(0x000000c122800000,0x000000c122900000) (1024K)]
  0x0000023b2a93ed20 JavaThread "Unconstrained build operations Thread 20"        [_thread_blocked, id=38680, stack(0x000000c122900000,0x000000c122a00000) (1024K)]
  0x0000023b2a93d730 JavaThread "Unconstrained build operations Thread 21"        [_thread_blocked, id=7648, stack(0x000000c122a00000,0x000000c122b00000) (1024K)]
  0x0000023b2a9411b0 JavaThread "Unconstrained build operations Thread 22"        [_thread_blocked, id=44796, stack(0x000000c122b00000,0x000000c122c00000) (1024K)]
  0x0000023b2a93de80 JavaThread "Unconstrained build operations Thread 23"        [_thread_blocked, id=43320, stack(0x000000c122c00000,0x000000c122d00000) (1024K)]
  0x0000023b2a941900 JavaThread "Unconstrained build operations Thread 24"        [_thread_blocked, id=13360, stack(0x000000c122d00000,0x000000c122e00000) (1024K)]
  0x0000023b2a93e5d0 JavaThread "Unconstrained build operations Thread 25"        [_thread_blocked, id=16964, stack(0x000000c122e00000,0x000000c122f00000) (1024K)]
  0x0000023b2a942050 JavaThread "Unconstrained build operations Thread 26"        [_thread_blocked, id=26024, stack(0x000000c122f00000,0x000000c123000000) (1024K)]
  0x0000023b2a943640 JavaThread "Unconstrained build operations Thread 27"        [_thread_blocked, id=38092, stack(0x000000c123000000,0x000000c123100000) (1024K)]
  0x0000023b2a9427a0 JavaThread "Unconstrained build operations Thread 28"        [_thread_blocked, id=4240, stack(0x000000c123100000,0x000000c123200000) (1024K)]
  0x0000023b2a942ef0 JavaThread "Unconstrained build operations Thread 29"        [_thread_blocked, id=36596, stack(0x000000c123200000,0x000000c123300000) (1024K)]
  0x0000023b2a943d90 JavaThread "Unconstrained build operations Thread 30"        [_thread_blocked, id=5148, stack(0x000000c123300000,0x000000c123400000) (1024K)]
  0x0000023b2a0b9740 JavaThread "Unconstrained build operations Thread 31"        [_thread_blocked, id=22832, stack(0x000000c123400000,0x000000c123500000) (1024K)]
  0x0000023b2a0bc320 JavaThread "Unconstrained build operations Thread 32"        [_thread_blocked, id=43332, stack(0x000000c123500000,0x000000c123600000) (1024K)]
  0x0000023b2a0b8ff0 JavaThread "Unconstrained build operations Thread 33"        [_thread_blocked, id=31860, stack(0x000000c123600000,0x000000c123700000) (1024K)]
  0x0000023b2a0bd1c0 JavaThread "Unconstrained build operations Thread 34"        [_thread_blocked, id=42964, stack(0x000000c123700000,0x000000c123800000) (1024K)]
  0x0000023b2a0bca70 JavaThread "Unconstrained build operations Thread 35"        [_thread_blocked, id=27144, stack(0x000000c123800000,0x000000c123900000) (1024K)]
  0x0000023b2a0b9e90 JavaThread "Unconstrained build operations Thread 36"        [_thread_blocked, id=15356, stack(0x000000c123900000,0x000000c123a00000) (1024K)]
  0x0000023b2a0bd910 JavaThread "Unconstrained build operations Thread 37"        [_thread_blocked, id=23476, stack(0x000000c123a00000,0x000000c123b00000) (1024K)]
  0x0000023b2a0ba5e0 JavaThread "Unconstrained build operations Thread 38"        [_thread_blocked, id=19904, stack(0x000000c123b00000,0x000000c123c00000) (1024K)]
  0x0000023b2a0bad30 JavaThread "Unconstrained build operations Thread 39"        [_thread_blocked, id=15940, stack(0x000000c123c00000,0x000000c123d00000) (1024K)]
  0x0000023b2a0be060 JavaThread "Unconstrained build operations Thread 40"        [_thread_blocked, id=14212, stack(0x000000c123d00000,0x000000c123e00000) (1024K)]
  0x0000023b2a0be7b0 JavaThread "Unconstrained build operations Thread 41"        [_thread_blocked, id=26928, stack(0x000000c123e00000,0x000000c123f00000) (1024K)]
  0x0000023b2a0bb480 JavaThread "Unconstrained build operations Thread 42"        [_thread_blocked, id=21276, stack(0x000000c123f00000,0x000000c124000000) (1024K)]
  0x0000023b2a0bef00 JavaThread "Unconstrained build operations Thread 43"        [_thread_blocked, id=17508, stack(0x000000c124000000,0x000000c124100000) (1024K)]
  0x0000023b2a0bbbd0 JavaThread "Unconstrained build operations Thread 44"        [_thread_blocked, id=28688, stack(0x000000c124100000,0x000000c124200000) (1024K)]
  0x0000023b2a0bf650 JavaThread "Unconstrained build operations Thread 45"        [_thread_blocked, id=11568, stack(0x000000c124200000,0x000000c124300000) (1024K)]
  0x0000023b2a0c04f0 JavaThread "jar transforms Thread 15"          [_thread_blocked, id=20756, stack(0x000000c124300000,0x000000c124400000) (1024K)]
  0x0000023b2b0b31b0 JavaThread "jar transforms Thread 16"          [_thread_blocked, id=39204, stack(0x000000c124400000,0x000000c124500000) (1024K)]
  0x0000023b2b0b4050 JavaThread "Memory manager"                    [_thread_blocked, id=35588, stack(0x000000c124500000,0x000000c124600000) (1024K)]
  0x0000023b2b0b64e0 JavaThread "Unconstrained build operations Thread 46"        [_thread_blocked, id=8612, stack(0x000000c124600000,0x000000c124700000) (1024K)]
  0x0000023b28b35ce0 JavaThread "Unconstrained build operations Thread 47"        [_thread_blocked, id=17604, stack(0x000000c124700000,0x000000c124800000) (1024K)]
  0x0000023b28234ab0 JavaThread "Unconstrained build operations Thread 48"        [_thread_blocked, id=44380, stack(0x000000c124800000,0x000000c124900000) (1024K)]
  0x0000023b28f2e8c0 JavaThread "Unconstrained build operations Thread 49"        [_thread_blocked, id=33812, stack(0x000000c124900000,0x000000c124a00000) (1024K)]
  0x0000023b29f02440 JavaThread "Unconstrained build operations Thread 50"        [_thread_blocked, id=21412, stack(0x000000c124a00000,0x000000c124b00000) (1024K)]
  0x0000023b29f03a30 JavaThread "Unconstrained build operations Thread 51"        [_thread_blocked, id=29488, stack(0x000000c124b00000,0x000000c124c00000) (1024K)]
  0x0000023b29f015a0 JavaThread "Unconstrained build operations Thread 52"        [_thread_blocked, id=39688, stack(0x000000c124c00000,0x000000c124d00000) (1024K)]
  0x0000023b29f04180 JavaThread "Unconstrained build operations Thread 53"        [_thread_blocked, id=2368, stack(0x000000c124d00000,0x000000c124e00000) (1024K)]
  0x0000023b29f032e0 JavaThread "Unconstrained build operations Thread 54"        [_thread_blocked, id=39252, stack(0x000000c124e00000,0x000000c124f00000) (1024K)]
  0x0000023b29f00e50 JavaThread "Unconstrained build operations Thread 55"        [_thread_blocked, id=37420, stack(0x000000c124f00000,0x000000c125000000) (1024K)]
  0x0000023b29f01cf0 JavaThread "Unconstrained build operations Thread 56"        [_thread_blocked, id=44876, stack(0x000000c125000000,0x000000c125100000) (1024K)]
  0x0000023b29f048d0 JavaThread "Unconstrained build operations Thread 57"        [_thread_blocked, id=14876, stack(0x000000c125100000,0x000000c125200000) (1024K)]
  0x0000023b29f05ec0 JavaThread "Unconstrained build operations Thread 58"        [_thread_blocked, id=32832, stack(0x000000c125200000,0x000000c125300000) (1024K)]
  0x0000023b29f05020 JavaThread "Unconstrained build operations Thread 59"        [_thread_blocked, id=13684, stack(0x000000c125300000,0x000000c125400000) (1024K)]
  0x0000023b29f02b90 JavaThread "Unconstrained build operations Thread 60"        [_thread_blocked, id=21116, stack(0x000000c125400000,0x000000c125500000) (1024K)]
  0x0000023b29f07c00 JavaThread "Unconstrained build operations Thread 61"        [_thread_blocked, id=1416, stack(0x000000c125500000,0x000000c125600000) (1024K)]
  0x0000023b29f08350 JavaThread "Unconstrained build operations Thread 62"        [_thread_blocked, id=33524, stack(0x000000c125600000,0x000000c125700000) (1024K)]
  0x0000023ae188f710 JavaThread "Unconstrained build operations Thread 63"        [_thread_blocked, id=44624, stack(0x000000c125700000,0x000000c125800000) (1024K)]
  0x0000023ae188e870 JavaThread "Unconstrained build operations Thread 64"        [_thread_blocked, id=32772, stack(0x000000c125800000,0x000000c125900000) (1024K)]
  0x0000023ae188e120 JavaThread "Unconstrained build operations Thread 65"        [_thread_blocked, id=25988, stack(0x000000c125900000,0x000000c125a00000) (1024K)]
  0x0000023ae188d280 JavaThread "Unconstrained build operations Thread 66"        [_thread_blocked, id=41888, stack(0x000000c125a00000,0x000000c125b00000) (1024K)]
  0x0000023ae18905b0 JavaThread "Unconstrained build operations Thread 67"        [_thread_blocked, id=4836, stack(0x000000c125b00000,0x000000c125c00000) (1024K)]
  0x0000023ae188fe60 JavaThread "Unconstrained build operations Thread 68"        [_thread_blocked, id=39416, stack(0x000000c125c00000,0x000000c125d00000) (1024K)]
  0x0000023ae188efc0 JavaThread "Unconstrained build operations Thread 69"        [_thread_blocked, id=6348, stack(0x000000c125d00000,0x000000c125e00000) (1024K)]
  0x0000023ae1890d00 JavaThread "Unconstrained build operations Thread 70"        [_thread_blocked, id=29148, stack(0x000000c125e00000,0x000000c125f00000) (1024K)]
  0x0000023ae188d9d0 JavaThread "Unconstrained build operations Thread 71"        [_thread_blocked, id=9180, stack(0x000000c125f00000,0x000000c126000000) (1024K)]
  0x0000023ae1891450 JavaThread "Unconstrained build operations Thread 72"        [_thread_blocked, id=41856, stack(0x000000c126000000,0x000000c126100000) (1024K)]
  0x0000023ae1894780 JavaThread "Unconstrained build operations Thread 73"        [_thread_blocked, id=31056, stack(0x000000c126100000,0x000000c126200000) (1024K)]
  0x0000023ae1891ba0 JavaThread "Unconstrained build operations Thread 74"        [_thread_blocked, id=37756, stack(0x000000c126200000,0x000000c126300000) (1024K)]
  0x0000023ae18922f0 JavaThread "Unconstrained build operations Thread 75"        [_thread_blocked, id=32080, stack(0x000000c126300000,0x000000c126400000) (1024K)]
  0x0000023ae1893190 JavaThread "pool-3-thread-1"                   [_thread_blocked, id=35128, stack(0x000000c126400000,0x000000c126500000) (1024K)]
Total: 128

Other Threads:
=>0x0000023ae1053750 VMThread "VM Thread"                           [id=27844, stack(0x000000c11d500000,0x000000c11d600000) (1024K)]
  0x0000023ae0f9df90 WatcherThread "VM Periodic Task Thread"        [id=18648, stack(0x000000c11d400000,0x000000c11d500000) (1024K)]
  0x0000023ac404bb60 WorkerThread "GC Thread#0"                     [id=5004, stack(0x000000c11cf00000,0x000000c11d000000) (1024K)]
  0x0000023b27500fe0 WorkerThread "GC Thread#1"                     [id=6084, stack(0x000000c11e500000,0x000000c11e600000) (1024K)]
  0x0000023b275053a0 WorkerThread "GC Thread#2"                     [id=1064, stack(0x000000c11e600000,0x000000c11e700000) (1024K)]
  0x0000023b27505750 WorkerThread "GC Thread#3"                     [id=44780, stack(0x000000c11e700000,0x000000c11e800000) (1024K)]
  0x0000023b27505b00 WorkerThread "GC Thread#4"                     [id=36980, stack(0x000000c11e800000,0x000000c11e900000) (1024K)]
  0x0000023b27505eb0 WorkerThread "GC Thread#5"                     [id=39588, stack(0x000000c11e900000,0x000000c11ea00000) (1024K)]
  0x0000023b281374e0 WorkerThread "GC Thread#6"                     [id=19412, stack(0x000000c11f700000,0x000000c11f800000) (1024K)]
  0x0000023b28137c40 WorkerThread "GC Thread#7"                     [id=18808, stack(0x000000c11f800000,0x000000c11f900000) (1024K)]
  0x0000023b28137130 WorkerThread "GC Thread#8"                     [id=2788, stack(0x000000c11f900000,0x000000c11fa00000) (1024K)]
  0x0000023b28137ff0 WorkerThread "GC Thread#9"                     [id=15724, stack(0x000000c11fa00000,0x000000c11fb00000) (1024K)]
  0x0000023b281383a0 WorkerThread "GC Thread#10"                    [id=16908, stack(0x000000c11fb00000,0x000000c11fc00000) (1024K)]
  0x0000023b28138b00 WorkerThread "GC Thread#11"                    [id=38352, stack(0x000000c11fc00000,0x000000c11fd00000) (1024K)]
  0x0000023b28349970 WorkerThread "GC Thread#12"                    [id=16476, stack(0x000000c11fd00000,0x000000c11fe00000) (1024K)]
  0x0000023ac405c9b0 ConcurrentGCThread "G1 Main Marker"            [id=22732, stack(0x000000c11d000000,0x000000c11d100000) (1024K)]
  0x0000023ac405d3d0 WorkerThread "G1 Conc#0"                       [id=10648, stack(0x000000c11d100000,0x000000c11d200000) (1024K)]
  0x0000023b2834be50 WorkerThread "G1 Conc#1"                       [id=12404, stack(0x000000c11fe00000,0x000000c11ff00000) (1024K)]
  0x0000023b28349d20 WorkerThread "G1 Conc#2"                       [id=16504, stack(0x000000c11ff00000,0x000000c120000000) (1024K)]
  0x0000023ae0f8db30 ConcurrentGCThread "G1 Refine#0"               [id=32284, stack(0x000000c11d200000,0x000000c11d300000) (1024K)]
  0x0000023ae0f8e4c0 ConcurrentGCThread "G1 Service"                [id=20016, stack(0x000000c11d300000,0x000000c11d400000) (1024K)]
Total: 21

Threads with active compile tasks:
C1 CompilerThread1  14760 12699       3       java.util.TreeMap$KeySet::iterator (32 bytes)
C1 CompilerThread2  14760 12701       3       java.util.TreeMap$KeyIterator::<init> (7 bytes)
C1 CompilerThread3  14760 12700       3       java.util.TreeMap::keyIterator (13 bytes)
Total: 3

VM state: at safepoint (normal execution)

VM Mutex/Monitor currently owned by a thread:  ([mutex/lock_event])
[0x00007fff219c44b0] Threads_lock - owner thread: 0x0000023ae1053750
[0x00007fff219c45b0] Heap_lock - owner thread: 0x0000023ac405c9b0

Heap address: 0x00000000a0000000, size: 1536 MB, Compressed Oops mode: 32-bit

CDS archive(s) mapped at: [0x0000023ae2000000-0x0000023ae2d40000-0x0000023ae2d40000), size 13893632, SharedBaseAddress: 0x0000023ae2000000, ArchiveRelocationMode: 1.
Compressed class space mapped at: 0x0000023ae3000000-0x0000023b23000000, reserved size: 1073741824
UseCompressedClassPointers 1, UseCompactObjectHeaders 0
Narrow klass pointer bits 32, Max shift 3
Narrow klass base: 0x0000023ae2000000, Narrow klass shift: 0
Encoding Range: [0x0000023ae2000000 - 0x0000023be2000000), (4294967296 bytes)
Klass Range:    [0x0000023ae2000000 - 0x0000023b23000000), (1090519040 bytes)
Klass ID Range:  [8 - 1090519033) (1090519025)

GC Precious Log:
 CardTable entry size: 512
 Card Set container configuration: InlinePtr #cards 5 size 8 Array Of Cards #cards 10 size 36 Howl #buckets 4 coarsen threshold 1843 Howl Bitmap #cards 512 size 80 coarsen threshold 460 Card regions per heap region 1 cards per card region 2048
 CPUs: 16 total, 16 available
 Memory: 16068M
 Large Page Support: Disabled
 NUMA Support: Disabled
 Compressed Oops: Enabled (32-bit)
 Heap Region Size: 1M
 Heap Min Capacity: 8M
 Heap Initial Capacity: 252M
 Heap Max Capacity: 1536M
 Pre-touch: Disabled
 Parallel Workers: 13
 Concurrent Workers: 3
 Concurrent Refinement Workers: 13
 Periodic GC: Disabled

Heap:
 garbage-first heap   total reserved 1572864K, committed 143360K, used 102517K [0x00000000a0000000, 0x0000000100000000)
  region size 1024K, 7 young (7168K), 5 survivors (5120K)
 Metaspace       used 81207K, committed 83264K, reserved 1179648K
  class space    used 8918K, committed 9856K, reserved 1048576K

Heap Regions: E=young(eden), S=young(survivor), O=old, HS=humongous(starts), HC=humongous(continues), CS=collection set, F=free, TAMS=top-at-mark-start, PB=parsable bottom
|   0|0x00000000a0000000, 0x00000000a0100000, 0x00000000a0100000|100%|HS|  |TAMS 0x00000000a0100000| PB 0x00000000a0000000| Complete |  0
|   1|0x00000000a0100000, 0x00000000a0200000, 0x00000000a0200000|100%|HC|  |TAMS 0x00000000a0200000| PB 0x00000000a0100000| Complete |  0
|   2|0x00000000a0200000, 0x00000000a0300000, 0x00000000a0300000|100%|HC|  |TAMS 0x00000000a0300000| PB 0x00000000a0200000| Complete |  0
|   3|0x00000000a0300000, 0x00000000a0400000, 0x00000000a0400000|100%| O|  |TAMS 0x00000000a0400000| PB 0x00000000a0400000| Untracked |  0
|   4|0x00000000a0400000, 0x00000000a0500000, 0x00000000a0500000|100%|HS|  |TAMS 0x00000000a0500000| PB 0x00000000a0400000| Complete |  0
|   5|0x00000000a0500000, 0x00000000a0600000, 0x00000000a0600000|100%| O|  |TAMS 0x00000000a0600000| PB 0x00000000a0600000| Untracked |  0
|   6|0x00000000a0600000, 0x00000000a0700000, 0x00000000a0700000|100%| O|  |TAMS 0x00000000a0700000| PB 0x00000000a0700000| Untracked |  0
|   7|0x00000000a0700000, 0x00000000a0800000, 0x00000000a0800000|100%| O|  |TAMS 0x00000000a0800000| PB 0x00000000a0800000| Untracked |  0
|   8|0x00000000a0800000, 0x00000000a0900000, 0x00000000a0900000|100%| O|  |TAMS 0x00000000a0900000| PB 0x00000000a0900000| Untracked |  0
|   9|0x00000000a0900000, 0x00000000a0a00000, 0x00000000a0a00000|100%| O|Cm|TAMS 0x00000000a0a00000| PB 0x00000000a0a00000| Updating |  0
|  10|0x00000000a0a00000, 0x00000000a0b00000, 0x00000000a0b00000|100%| O|  |TAMS 0x00000000a0b00000| PB 0x00000000a0b00000| Untracked |  0
|  11|0x00000000a0b00000, 0x00000000a0c00000, 0x00000000a0c00000|100%| O|  |TAMS 0x00000000a0c00000| PB 0x00000000a0c00000| Untracked |  0
|  12|0x00000000a0c00000, 0x00000000a0d00000, 0x00000000a0d00000|100%| O|  |TAMS 0x00000000a0d00000| PB 0x00000000a0d00000| Untracked |  0
|  13|0x00000000a0d00000, 0x00000000a0e00000, 0x00000000a0e00000|100%| O|  |TAMS 0x00000000a0e00000| PB 0x00000000a0e00000| Untracked |  0
|  14|0x00000000a0e00000, 0x00000000a0f00000, 0x00000000a0f00000|100%| O|  |TAMS 0x00000000a0f00000| PB 0x00000000a0f00000| Untracked |  0
|  15|0x00000000a0f00000, 0x00000000a1000000, 0x00000000a1000000|100%| O|  |TAMS 0x00000000a1000000| PB 0x00000000a1000000| Untracked |  0
|  16|0x00000000a1000000, 0x00000000a1100000, 0x00000000a1100000|100%| O|  |TAMS 0x00000000a1100000| PB 0x00000000a1100000| Untracked |  0
|  17|0x00000000a1100000, 0x00000000a1200000, 0x00000000a1200000|100%| O|  |TAMS 0x00000000a1200000| PB 0x00000000a1200000| Untracked |  0
|  18|0x00000000a1200000, 0x00000000a1300000, 0x00000000a1300000|100%| O|  |TAMS 0x00000000a1300000| PB 0x00000000a1300000| Untracked |  0
|  19|0x00000000a1300000, 0x00000000a1400000, 0x00000000a1400000|100%| O|  |TAMS 0x00000000a1300000| PB 0x00000000a1300000| Untracked |  0
|  20|0x00000000a1400000, 0x00000000a1500000, 0x00000000a1500000|100%| O|  |TAMS 0x00000000a1500000| PB 0x00000000a1500000| Untracked |  0
|  21|0x00000000a1500000, 0x00000000a1600000, 0x00000000a1600000|100%| O|  |TAMS 0x00000000a1600000| PB 0x00000000a1600000| Untracked |  0
|  22|0x00000000a1600000, 0x00000000a1700000, 0x00000000a1700000|100%| O|  |TAMS 0x00000000a1700000| PB 0x00000000a1700000| Untracked |  0
|  23|0x00000000a1700000, 0x00000000a1800000, 0x00000000a1800000|100%| O|  |TAMS 0x00000000a1800000| PB 0x00000000a1800000| Untracked |  0
|  24|0x00000000a1800000, 0x00000000a1900000, 0x00000000a1900000|100%| O|  |TAMS 0x00000000a1900000| PB 0x00000000a1900000| Untracked |  0
|  25|0x00000000a1900000, 0x00000000a1a00000, 0x00000000a1a00000|100%| O|  |TAMS 0x00000000a1a00000| PB 0x00000000a1a00000| Untracked |  0
|  26|0x00000000a1a00000, 0x00000000a1b00000, 0x00000000a1b00000|100%| O|  |TAMS 0x00000000a1b00000| PB 0x00000000a1b00000| Untracked |  0
|  27|0x00000000a1b00000, 0x00000000a1c00000, 0x00000000a1c00000|100%| O|  |TAMS 0x00000000a1c00000| PB 0x00000000a1c00000| Untracked |  0
|  28|0x00000000a1c00000, 0x00000000a1d00000, 0x00000000a1d00000|100%| O|  |TAMS 0x00000000a1d00000| PB 0x00000000a1d00000| Untracked |  0
|  29|0x00000000a1d00000, 0x00000000a1e00000, 0x00000000a1e00000|100%| O|  |TAMS 0x00000000a1e00000| PB 0x00000000a1e00000| Untracked |  0
|  30|0x00000000a1e00000, 0x00000000a1f00000, 0x00000000a1f00000|100%| O|  |TAMS 0x00000000a1f00000| PB 0x00000000a1f00000| Untracked |  0
|  31|0x00000000a1f00000, 0x00000000a2000000, 0x00000000a2000000|100%| O|  |TAMS 0x00000000a2000000| PB 0x00000000a2000000| Untracked |  0
|  32|0x00000000a2000000, 0x00000000a2100000, 0x00000000a2100000|100%| O|  |TAMS 0x00000000a2100000| PB 0x00000000a2100000| Untracked |  0
|  33|0x00000000a2100000, 0x00000000a2200000, 0x00000000a2200000|100%| O|  |TAMS 0x00000000a2200000| PB 0x00000000a2200000| Untracked |  0
|  34|0x00000000a2200000, 0x00000000a2300000, 0x00000000a2300000|100%| O|  |TAMS 0x00000000a2300000| PB 0x00000000a2300000| Untracked |  0
|  35|0x00000000a2300000, 0x00000000a2400000, 0x00000000a2400000|100%| O|  |TAMS 0x00000000a2400000| PB 0x00000000a2400000| Untracked |  0
|  36|0x00000000a2400000, 0x00000000a2500000, 0x00000000a2500000|100%| O|  |TAMS 0x00000000a2500000| PB 0x00000000a2500000| Untracked |  0
|  37|0x00000000a2500000, 0x00000000a2600000, 0x00000000a2600000|100%| O|  |TAMS 0x00000000a2600000| PB 0x00000000a2600000| Untracked |  0
|  38|0x00000000a2600000, 0x00000000a2700000, 0x00000000a2700000|100%| O|  |TAMS 0x00000000a2700000| PB 0x00000000a2700000| Untracked |  0
|  39|0x00000000a2700000, 0x00000000a2800000, 0x00000000a2800000|100%| O|  |TAMS 0x00000000a2800000| PB 0x00000000a2800000| Untracked |  0
|  40|0x00000000a2800000, 0x00000000a2900000, 0x00000000a2900000|100%| O|  |TAMS 0x00000000a2900000| PB 0x00000000a2900000| Untracked |  0
|  41|0x00000000a2900000, 0x00000000a2a00000, 0x00000000a2a00000|100%| O|  |TAMS 0x00000000a2a00000| PB 0x00000000a2a00000| Untracked |  0
|  42|0x00000000a2a00000, 0x00000000a2b00000, 0x00000000a2b00000|100%| O|  |TAMS 0x00000000a2b00000| PB 0x00000000a2b00000| Untracked |  0
|  43|0x00000000a2b00000, 0x00000000a2c00000, 0x00000000a2c00000|100%| O|  |TAMS 0x00000000a2c00000| PB 0x00000000a2c00000| Untracked |  0
|  44|0x00000000a2c00000, 0x00000000a2d00000, 0x00000000a2d00000|100%| O|  |TAMS 0x00000000a2d00000| PB 0x00000000a2d00000| Untracked |  0
|  45|0x00000000a2d00000, 0x00000000a2e00000, 0x00000000a2e00000|100%| O|  |TAMS 0x00000000a2e00000| PB 0x00000000a2e00000| Untracked |  0
|  46|0x00000000a2e00000, 0x00000000a2f00000, 0x00000000a2f00000|100%|HS|  |TAMS 0x00000000a2f00000| PB 0x00000000a2e00000| Complete |  0
|  47|0x00000000a2f00000, 0x00000000a3000000, 0x00000000a3000000|100%|HS|  |TAMS 0x00000000a3000000| PB 0x00000000a2f00000| Complete |  0
|  48|0x00000000a3000000, 0x00000000a3100000, 0x00000000a3100000|100%|HS|  |TAMS 0x00000000a3100000| PB 0x00000000a3000000| Complete |  0
|  49|0x00000000a3100000, 0x00000000a3200000, 0x00000000a3200000|100%|HS|  |TAMS 0x00000000a3200000| PB 0x00000000a3100000| Complete |  0
|  50|0x00000000a3200000, 0x00000000a3300000, 0x00000000a3300000|100%| O|  |TAMS 0x00000000a3300000| PB 0x00000000a3300000| Untracked |  0
|  51|0x00000000a3300000, 0x00000000a3400000, 0x00000000a3400000|100%|HS|  |TAMS 0x00000000a3400000| PB 0x00000000a3300000| Complete |  0
|  52|0x00000000a3400000, 0x00000000a3500000, 0x00000000a3500000|100%|HS|  |TAMS 0x00000000a3500000| PB 0x00000000a3400000| Complete |  0
|  53|0x00000000a3500000, 0x00000000a3600000, 0x00000000a3600000|100%| O|  |TAMS 0x00000000a3600000| PB 0x00000000a3600000| Untracked |  0
|  54|0x00000000a3600000, 0x00000000a3700000, 0x00000000a3700000|100%| O|  |TAMS 0x00000000a3700000| PB 0x00000000a3700000| Untracked |  0
|  55|0x00000000a3700000, 0x00000000a3800000, 0x00000000a3800000|100%| O|  |TAMS 0x00000000a3800000| PB 0x00000000a3800000| Untracked |  0
|  56|0x00000000a3800000, 0x00000000a3900000, 0x00000000a3900000|100%| O|  |TAMS 0x00000000a3900000| PB 0x00000000a3900000| Untracked |  0
|  57|0x00000000a3900000, 0x00000000a3a00000, 0x00000000a3a00000|100%| O|  |TAMS 0x00000000a3a00000| PB 0x00000000a3a00000| Untracked |  0
|  58|0x00000000a3a00000, 0x00000000a3b00000, 0x00000000a3b00000|100%| O|  |TAMS 0x00000000a3b00000| PB 0x00000000a3b00000| Untracked |  0
|  59|0x00000000a3b00000, 0x00000000a3c00000, 0x00000000a3c00000|100%| O|  |TAMS 0x00000000a3b00000| PB 0x00000000a3b00000| Untracked |  0
|  60|0x00000000a3c00000, 0x00000000a3d00000, 0x00000000a3d00000|100%|HS|  |TAMS 0x00000000a3d00000| PB 0x00000000a3c00000| Complete |  0
|  61|0x00000000a3d00000, 0x00000000a3e00000, 0x00000000a3e00000|100%| O|  |TAMS 0x00000000a3e00000| PB 0x00000000a3e00000| Untracked |  0
|  62|0x00000000a3e00000, 0x00000000a3f00000, 0x00000000a3f00000|100%| O|  |TAMS 0x00000000a3f00000| PB 0x00000000a3f00000| Untracked |  0
|  63|0x00000000a3f00000, 0x00000000a4000000, 0x00000000a4000000|100%| O|  |TAMS 0x00000000a4000000| PB 0x00000000a4000000| Untracked |  0
|  64|0x00000000a4000000, 0x00000000a4100000, 0x00000000a4100000|100%| O|Cm|TAMS 0x00000000a4100000| PB 0x00000000a4100000| Updating |  0
|  65|0x00000000a4100000, 0x00000000a4200000, 0x00000000a4200000|100%| O|  |TAMS 0x00000000a4200000| PB 0x00000000a4200000| Untracked |  0
|  66|0x00000000a4200000, 0x00000000a4300000, 0x00000000a4300000|100%| O|  |TAMS 0x00000000a4300000| PB 0x00000000a4300000| Untracked |  0
|  67|0x00000000a4300000, 0x00000000a4400000, 0x00000000a4400000|100%| O|  |TAMS 0x00000000a4400000| PB 0x00000000a4400000| Untracked |  0
|  68|0x00000000a4400000, 0x00000000a4500000, 0x00000000a4500000|100%| O|  |TAMS 0x00000000a4500000| PB 0x00000000a4500000| Untracked |  0
|  69|0x00000000a4500000, 0x00000000a4600000, 0x00000000a4600000|100%| O|  |TAMS 0x00000000a4600000| PB 0x00000000a4600000| Untracked |  0
|  70|0x00000000a4600000, 0x00000000a4700000, 0x00000000a4700000|100%| O|  |TAMS 0x00000000a4700000| PB 0x00000000a4700000| Untracked |  0
|  71|0x00000000a4700000, 0x00000000a4800000, 0x00000000a4800000|100%| O|  |TAMS 0x00000000a4800000| PB 0x00000000a4800000| Untracked |  0
|  72|0x00000000a4800000, 0x00000000a4900000, 0x00000000a4900000|100%| O|  |TAMS 0x00000000a4900000| PB 0x00000000a4900000| Untracked |  0
|  73|0x00000000a4900000, 0x00000000a4a00000, 0x00000000a4a00000|100%| O|  |TAMS 0x00000000a4a00000| PB 0x00000000a4a00000| Untracked |  0
|  74|0x00000000a4a00000, 0x00000000a4b00000, 0x00000000a4b00000|100%| O|  |TAMS 0x00000000a4b00000| PB 0x00000000a4b00000| Untracked |  0
|  75|0x00000000a4b00000, 0x00000000a4c00000, 0x00000000a4c00000|100%| O|  |TAMS 0x00000000a4c00000| PB 0x00000000a4c00000| Untracked |  0
|  76|0x00000000a4c00000, 0x00000000a4d00000, 0x00000000a4d00000|100%| O|  |TAMS 0x00000000a4d00000| PB 0x00000000a4d00000| Untracked |  0
|  77|0x00000000a4d00000, 0x00000000a4e00000, 0x00000000a4e00000|100%| O|  |TAMS 0x00000000a4e00000| PB 0x00000000a4e00000| Untracked |  0
|  78|0x00000000a4e00000, 0x00000000a4f00000, 0x00000000a4f00000|100%| O|  |TAMS 0x00000000a4f00000| PB 0x00000000a4f00000| Untracked |  0
|  79|0x00000000a4f00000, 0x00000000a5000000, 0x00000000a5000000|100%| O|  |TAMS 0x00000000a5000000| PB 0x00000000a5000000| Untracked |  0
|  80|0x00000000a5000000, 0x00000000a5100000, 0x00000000a5100000|100%| O|  |TAMS 0x00000000a5100000| PB 0x00000000a5100000| Untracked |  0
|  81|0x00000000a5100000, 0x00000000a5200000, 0x00000000a5200000|100%| O|  |TAMS 0x00000000a5200000| PB 0x00000000a5200000| Untracked |  0
|  82|0x00000000a5200000, 0x00000000a5300000, 0x00000000a5300000|100%| O|  |TAMS 0x00000000a52203a0| PB 0x00000000a52203a0| Untracked |  0
|  83|0x00000000a5300000, 0x00000000a53c1040, 0x00000000a5400000| 75%| O|  |TAMS 0x00000000a5300000| PB 0x00000000a5300000| Untracked |  0
|  84|0x00000000a5400000, 0x00000000a5500000, 0x00000000a5500000|100%|HS|  |TAMS 0x00000000a5400000| PB 0x00000000a5400000| Complete |  0
|  85|0x00000000a5500000, 0x00000000a5600000, 0x00000000a5600000|100%|HS|  |TAMS 0x00000000a5500000| PB 0x00000000a5500000| Complete |  0
|  86|0x00000000a5600000, 0x00000000a5700000, 0x00000000a5700000|100%|HS|  |TAMS 0x00000000a5600000| PB 0x00000000a5600000| Complete |  0
|  87|0x00000000a5700000, 0x00000000a5800000, 0x00000000a5800000|100%|HS|  |TAMS 0x00000000a5700000| PB 0x00000000a5700000| Complete |  0
|  88|0x00000000a5800000, 0x00000000a5900000, 0x00000000a5900000|100%|HS|  |TAMS 0x00000000a5800000| PB 0x00000000a5800000| Complete |  0
|  89|0x00000000a5900000, 0x00000000a5900000, 0x00000000a5a00000|  0%| F|  |TAMS 0x00000000a5900000| PB 0x00000000a5900000| Untracked |  0
|  90|0x00000000a5a00000, 0x00000000a5a00000, 0x00000000a5b00000|  0%| F|  |TAMS 0x00000000a5a00000| PB 0x00000000a5a00000| Untracked |  0
|  91|0x00000000a5b00000, 0x00000000a5b00000, 0x00000000a5c00000|  0%| F|  |TAMS 0x00000000a5b00000| PB 0x00000000a5b00000| Untracked |  0
|  92|0x00000000a5c00000, 0x00000000a5c00000, 0x00000000a5d00000|  0%| F|  |TAMS 0x00000000a5c00000| PB 0x00000000a5c00000| Untracked |  0
|  93|0x00000000a5d00000, 0x00000000a5d00000, 0x00000000a5e00000|  0%| F|  |TAMS 0x00000000a5d00000| PB 0x00000000a5d00000| Untracked |  0
|  94|0x00000000a5e00000, 0x00000000a5e00000, 0x00000000a5f00000|  0%| F|  |TAMS 0x00000000a5e00000| PB 0x00000000a5e00000| Untracked |  0
|  95|0x00000000a5f00000, 0x00000000a5f00000, 0x00000000a6000000|  0%| F|  |TAMS 0x00000000a5f00000| PB 0x00000000a5f00000| Untracked |  0
|  96|0x00000000a6000000, 0x00000000a6000000, 0x00000000a6100000|  0%| F|  |TAMS 0x00000000a6000000| PB 0x00000000a6000000| Untracked |  0
|  97|0x00000000a6100000, 0x00000000a6100000, 0x00000000a6200000|  0%| F|  |TAMS 0x00000000a6100000| PB 0x00000000a6100000| Untracked |  0
|  98|0x00000000a6200000, 0x00000000a6200000, 0x00000000a6300000|  0%| F|  |TAMS 0x00000000a6200000| PB 0x00000000a6200000| Untracked |  0
|  99|0x00000000a6300000, 0x00000000a6300000, 0x00000000a6400000|  0%| F|  |TAMS 0x00000000a6300000| PB 0x00000000a6300000| Untracked |  0
| 100|0x00000000a6400000, 0x00000000a6400000, 0x00000000a6500000|  0%| F|  |TAMS 0x00000000a6400000| PB 0x00000000a6400000| Untracked |  0
| 101|0x00000000a6500000, 0x00000000a6500000, 0x00000000a6600000|  0%| F|  |TAMS 0x00000000a6500000| PB 0x00000000a6500000| Untracked |  0
| 102|0x00000000a6600000, 0x00000000a6600000, 0x00000000a6700000|  0%| F|  |TAMS 0x00000000a6600000| PB 0x00000000a6600000| Untracked |  0
| 103|0x00000000a6700000, 0x00000000a6700000, 0x00000000a6800000|  0%| F|  |TAMS 0x00000000a6700000| PB 0x00000000a6700000| Untracked |  0
| 104|0x00000000a6800000, 0x00000000a6800000, 0x00000000a6900000|  0%| F|  |TAMS 0x00000000a6800000| PB 0x00000000a6800000| Untracked |  0
| 105|0x00000000a6900000, 0x00000000a6900000, 0x00000000a6a00000|  0%| F|  |TAMS 0x00000000a6900000| PB 0x00000000a6900000| Untracked |  0
| 106|0x00000000a6a00000, 0x00000000a6a00000, 0x00000000a6b00000|  0%| F|  |TAMS 0x00000000a6a00000| PB 0x00000000a6a00000| Untracked |  0
| 107|0x00000000a6b00000, 0x00000000a6b00000, 0x00000000a6c00000|  0%| F|  |TAMS 0x00000000a6b00000| PB 0x00000000a6b00000| Untracked |  0
| 108|0x00000000a6c00000, 0x00000000a6c00000, 0x00000000a6d00000|  0%| F|  |TAMS 0x00000000a6c00000| PB 0x00000000a6c00000| Untracked |  0
| 109|0x00000000a6d00000, 0x00000000a6d00000, 0x00000000a6e00000|  0%| F|  |TAMS 0x00000000a6d00000| PB 0x00000000a6d00000| Untracked |  0
| 110|0x00000000a6e00000, 0x00000000a6e5c6c0, 0x00000000a6f00000| 36%| S|CS|TAMS 0x00000000a6e00000| PB 0x00000000a6e00000| Complete |  0
| 111|0x00000000a6f00000, 0x00000000a7000000, 0x00000000a7000000|100%| S|CS|TAMS 0x00000000a6f00000| PB 0x00000000a6f00000| Complete |  0
| 112|0x00000000a7000000, 0x00000000a7100000, 0x00000000a7100000|100%| S|CS|TAMS 0x00000000a7000000| PB 0x00000000a7000000| Complete |  0
| 113|0x00000000a7100000, 0x00000000a7200000, 0x00000000a7200000|100%| S|CS|TAMS 0x00000000a7100000| PB 0x00000000a7100000| Complete |  0
| 114|0x00000000a7200000, 0x00000000a7300000, 0x00000000a7300000|100%| S|CS|TAMS 0x00000000a7200000| PB 0x00000000a7200000| Complete |  0
| 115|0x00000000a7300000, 0x00000000a7300000, 0x00000000a7400000|  0%| F|  |TAMS 0x00000000a7300000| PB 0x00000000a7300000| Untracked |  0
| 116|0x00000000a7400000, 0x00000000a7400000, 0x00000000a7500000|  0%| F|  |TAMS 0x00000000a7400000| PB 0x00000000a7400000| Untracked |  0
| 117|0x00000000a7500000, 0x00000000a7500000, 0x00000000a7600000|  0%| F|  |TAMS 0x00000000a7500000| PB 0x00000000a7500000| Untracked |  0
| 118|0x00000000a7600000, 0x00000000a7600000, 0x00000000a7700000|  0%| F|  |TAMS 0x00000000a7600000| PB 0x00000000a7600000| Untracked |  0
| 119|0x00000000a7700000, 0x00000000a7700000, 0x00000000a7800000|  0%| F|  |TAMS 0x00000000a7700000| PB 0x00000000a7700000| Untracked |  0
| 120|0x00000000a7800000, 0x00000000a7800000, 0x00000000a7900000|  0%| F|  |TAMS 0x00000000a7800000| PB 0x00000000a7800000| Untracked |  0
| 121|0x00000000a7900000, 0x00000000a7900000, 0x00000000a7a00000|  0%| F|  |TAMS 0x00000000a7900000| PB 0x00000000a7900000| Untracked |  0
| 122|0x00000000a7a00000, 0x00000000a7a00000, 0x00000000a7b00000|  0%| F|  |TAMS 0x00000000a7a00000| PB 0x00000000a7a00000| Untracked |  0
| 123|0x00000000a7b00000, 0x00000000a7b00000, 0x00000000a7c00000|  0%| F|  |TAMS 0x00000000a7b00000| PB 0x00000000a7b00000| Untracked |  0
| 124|0x00000000a7c00000, 0x00000000a7c00000, 0x00000000a7d00000|  0%| F|  |TAMS 0x00000000a7c00000| PB 0x00000000a7c00000| Untracked |  0
| 125|0x00000000a7d00000, 0x00000000a7d00000, 0x00000000a7e00000|  0%| F|  |TAMS 0x00000000a7d00000| PB 0x00000000a7d00000| Untracked |  0
| 126|0x00000000a7e00000, 0x00000000a7e00000, 0x00000000a7f00000|  0%| F|  |TAMS 0x00000000a7e00000| PB 0x00000000a7e00000| Untracked |  0
| 207|0x00000000acf00000, 0x00000000acf00000, 0x00000000ad000000|  0%| F|  |TAMS 0x00000000acf00000| PB 0x00000000acf00000| Untracked |  0
| 208|0x00000000ad000000, 0x00000000ad000000, 0x00000000ad100000|  0%| F|  |TAMS 0x00000000ad000000| PB 0x00000000ad000000| Untracked |  0
| 209|0x00000000ad100000, 0x00000000ad100000, 0x00000000ad200000|  0%| F|  |TAMS 0x00000000ad100000| PB 0x00000000ad100000| Untracked |  0
| 210|0x00000000ad200000, 0x00000000ad200000, 0x00000000ad300000|  0%| F|  |TAMS 0x00000000ad200000| PB 0x00000000ad200000| Untracked |  0
| 251|0x00000000afb00000, 0x00000000afb00000, 0x00000000afc00000|  0%| F|  |TAMS 0x00000000afb00000| PB 0x00000000afb00000| Untracked |  0
|1528|0x00000000ff800000, 0x00000000ff900000, 0x00000000ff900000|100%| E|  |TAMS 0x00000000ff800000| PB 0x00000000ff800000| Complete |  0
|1529|0x00000000ff900000, 0x00000000ffa00000, 0x00000000ffa00000|100%| O|  |TAMS 0x00000000ffa00000| PB 0x00000000ffa00000| Untracked |  0
|1530|0x00000000ffa00000, 0x00000000ffb00000, 0x00000000ffb00000|100%| O|  |TAMS 0x00000000ffb00000| PB 0x00000000ffb00000| Untracked |  0
|1531|0x00000000ffb00000, 0x00000000ffc00000, 0x00000000ffc00000|100%| O|  |TAMS 0x00000000ffc00000| PB 0x00000000ffc00000| Untracked |  0
|1532|0x00000000ffc00000, 0x00000000ffd00000, 0x00000000ffd00000|100%| O|  |TAMS 0x00000000ffd00000| PB 0x00000000ffd00000| Untracked |  0
|1533|0x00000000ffd00000, 0x00000000ffe00000, 0x00000000ffe00000|100%| O|  |TAMS 0x00000000ffe00000| PB 0x00000000ffe00000| Untracked |  0
|1534|0x00000000ffe00000, 0x00000000fff00000, 0x00000000fff00000|100%| O|  |TAMS 0x00000000fff00000| PB 0x00000000fff00000| Untracked |  0
|1535|0x00000000fff00000, 0x0000000100000000, 0x0000000100000000|100%| E|CS|TAMS 0x00000000fff00000| PB 0x00000000fff00000| Complete |  0

Card table byte_map: [0x0000023adc530000,0x0000023adc830000] _byte_map_base: 0x0000023adc030000

Marking Bits: (CMBitMap*) 0x0000023ac404c180
 Bits: [0x0000023adc830000, 0x0000023ade030000)

Polling page: 0x0000023ac1fd0000

Metaspace:

Usage:
  Non-class:     70.59 MB used.
      Class:      8.71 MB used.
       Both:     79.30 MB used.

Virtual space:
  Non-class space:      128.00 MB reserved,      71.69 MB ( 56%) committed,  2 nodes.
      Class space:        1.00 GB reserved,       9.62 MB ( <1%) committed,  1 nodes.
             Both:        1.12 GB reserved,      81.31 MB (  7%) committed. 

Chunk freelists:
   Non-Class:  8.22 MB
       Class:  6.38 MB
        Both:  14.59 MB

MaxMetaspaceSize: unlimited
CompressedClassSpaceSize: 1.00 GB
Initial GC threshold: 21.00 MB
Current GC threshold: 129.50 MB
CDS: on
 - commit_granule_bytes: 65536.
 - commit_granule_words: 8192.
 - virtual_space_node_default_size: 8388608.
 - enlarge_chunks_in_place: 1.
UseCompressedClassPointers 1, UseCompactObjectHeaders 0
Narrow klass pointer bits 32, Max shift 3
Narrow klass base: 0x0000023ae2000000, Narrow klass shift: 0
Encoding Range: [0x0000023ae2000000 - 0x0000023be2000000), (4294967296 bytes)
Klass Range:    [0x0000023ae2000000 - 0x0000023b23000000), (1090519040 bytes)
Klass ID Range:  [8 - 1090519033) (1090519025)


Internal statistics:

num_allocs_failed_limit: 6.
num_arena_births: 3624.
num_arena_deaths: 0.
num_vsnodes_births: 3.
num_vsnodes_deaths: 0.
num_space_committed: 1300.
num_space_uncommitted: 0.
num_chunks_returned_to_freelist: 6.
num_chunks_taken_from_freelist: 7131.
num_chunk_merges: 3.
num_chunk_splits: 4759.
num_chunks_enlarged: 3104.
num_inconsistent_stats: 0.

CodeHeap 'non-profiled nmethods': size=119232Kb used=4967Kb max_used=5125Kb free=114264Kb
 bounds [0x0000023ad4420000, 0x0000023ad4930000, 0x0000023adb890000]
CodeHeap 'profiled nmethods': size=119104Kb used=16709Kb max_used=17263Kb free=102394Kb
 bounds [0x0000023acc890000, 0x0000023acd970000, 0x0000023ad3ce0000]
CodeHeap 'non-nmethods': size=7424Kb used=4351Kb max_used=4464Kb free=3072Kb
 bounds [0x0000023ad3ce0000, 0x0000023ad4150000, 0x0000023ad4420000]
CodeCache: size=245760Kb, used=26027Kb, max_used=26852Kb, free=219730Kb
 total_blobs=11724, nmethods=10763, adapters=863, full_count=0
Compilation: enabled, stopped_count=0, restarted_count=0

Compilation events (20 events):
Event: 13.276 Thread 0x0000023ae11c8480 nmethod 12690 0x0000023acd961b08 code [0x0000023acd961d80, 0x0000023acd963110]
Event: 13.281 Thread 0x0000023ae106f8d0 12691       4       java.lang.invoke.VarHandleGuards::guard_LII_V (135 bytes)
Event: 13.289 Thread 0x0000023ae106f8d0 nmethod 12691 0x0000023ad4920c08 code [0x0000023ad4920d60, 0x0000023ad4921350]
Event: 13.295 Thread 0x0000023ae11c8480 12692       3       java.io.ObjectOutputStream::writeNonProxyDesc (94 bytes)
Event: 13.297 Thread 0x0000023ae11c4d40 12693       3       org.gradle.api.internal.DefaultDomainObjectCollection::iterator (18 bytes)
Event: 13.297 Thread 0x0000023ae11c8480 nmethod 12692 0x0000023acd963188 code [0x0000023acd9633a0, 0x0000023acd9643f0]
Event: 13.298 Thread 0x0000023ae11c4d40 nmethod 12693 0x0000023acd964488 code [0x0000023acd9645c0, 0x0000023acd964980]
Event: 13.298 Thread 0x0000023ae11c4d40 12694   !   3       java.io.ObjectOutputStream::defaultWriteFields (288 bytes)
Event: 13.299 Thread 0x0000023ae11c8480 12695       3       org.gradle.plugin.use.internal.DefaultPluginId::unvalidated (9 bytes)
Event: 13.300 Thread 0x0000023ae11c8480 nmethod 12695 0x0000023acd964a08 code [0x0000023acd964b20, 0x0000023acd964d80]
Event: 13.300 Thread 0x0000023ae11c54d0 12696       3       java.util.HashMap$Values::iterator (12 bytes)
Event: 13.300 Thread 0x0000023ae11c8480 12697       3       java.util.HashMap$ValueIterator::<init> (6 bytes)
Event: 13.300 Thread 0x0000023ae11c54d0 nmethod 12696 0x0000023acd964e08 code [0x0000023acd964f40, 0x0000023acd965148]
Event: 13.300 Thread 0x0000023ae11c8480 nmethod 12697 0x0000023acd965188 code [0x0000023acd9652a0, 0x0000023acd9653d0]
Event: 13.301 Thread 0x0000023ae11c4d40 nmethod 12694 0x0000023acd965488 code [0x0000023acd9656e0, 0x0000023acd966a80]
Event: 13.305 Thread 0x0000023ae11c8480 12698   !   3       java.io.ObjectOutputStream::writeObject0 (620 bytes)
Event: 13.312 Thread 0x0000023ae11c8480 nmethod 12698 0x0000023acd966b08 code [0x0000023acd967100, 0x0000023acd96bcc8]
Event: 13.319 Thread 0x0000023ae11c4d40 12699       3       java.util.TreeMap$KeySet::iterator (32 bytes)
Event: 13.320 Thread 0x0000023ae11c8480 12700       3       java.util.TreeMap::keyIterator (13 bytes)
Event: 13.320 Thread 0x0000023ae11c54d0 12701       3       java.util.TreeMap$KeyIterator::<init> (7 bytes)

GC Heap History (20 events):
Event: 8.273 GC heap before
{Heap before GC invocations=21 (full 0):
 garbage-first heap   total reserved 1572864K, committed 112640K, used 99464K [0x00000000a0000000, 0x0000000100000000)
  region size 1024K, 33 young (33792K), 5 survivors (5120K)
 Metaspace       used 65688K, committed 67648K, reserved 1114112K
  class space    used 7227K, committed 8128K, reserved 1048576K
}
Event: 8.280 GC heap after
{Heap after GC invocations=22 (full 0):
 garbage-first heap   total reserved 1572864K, committed 135168K, used 73414K [0x00000000a0000000, 0x0000000100000000)
  region size 1024K, 2 young (2048K), 2 survivors (2048K)
 Metaspace       used 65688K, committed 67648K, reserved 1114112K
  class space    used 7227K, committed 8128K, reserved 1048576K
}
Event: 9.052 GC heap before
{Heap before GC invocations=22 (full 0):
 garbage-first heap   total reserved 1572864K, committed 135168K, used 120518K [0x00000000a0000000, 0x0000000100000000)
  region size 1024K, 48 young (49152K), 2 survivors (2048K)
 Metaspace       used 67632K, committed 69504K, reserved 1114112K
  class space    used 7431K, committed 8320K, reserved 1048576K
}
Event: 9.056 GC heap after
{Heap after GC invocations=23 (full 0):
 garbage-first heap   total reserved 1572864K, committed 135168K, used 76439K [0x00000000a0000000, 0x0000000100000000)
  region size 1024K, 5 young (5120K), 5 survivors (5120K)
 Metaspace       used 67632K, committed 69504K, reserved 1114112K
  class space    used 7431K, committed 8320K, reserved 1048576K
}
Event: 9.642 GC heap before
{Heap before GC invocations=23 (full 0):
 garbage-first heap   total reserved 1572864K, committed 135168K, used 121495K [0x00000000a0000000, 0x0000000100000000)
  region size 1024K, 49 young (50176K), 5 survivors (5120K)
 Metaspace       used 69745K, committed 71744K, reserved 1114112K
  class space    used 7654K, committed 8576K, reserved 1048576K
}
Event: 9.649 GC heap after
{Heap after GC invocations=24 (full 0):
 garbage-first heap   total reserved 1572864K, committed 135168K, used 79746K [0x00000000a0000000, 0x0000000100000000)
  region size 1024K, 7 young (7168K), 7 survivors (7168K)
 Metaspace       used 69745K, committed 71744K, reserved 1114112K
  class space    used 7654K, committed 8576K, reserved 1048576K
}
Event: 9.967 GC heap before
{Heap before GC invocations=24 (full 0):
 garbage-first heap   total reserved 1572864K, committed 135168K, used 98178K [0x00000000a0000000, 0x0000000100000000)
  region size 1024K, 26 young (26624K), 7 survivors (7168K)
 Metaspace       used 71242K, committed 73216K, reserved 1114112K
  class space    used 7863K, committed 8768K, reserved 1048576K
}
Event: 9.977 GC heap after
{Heap after GC invocations=25 (full 0):
 garbage-first heap   total reserved 1572864K, committed 135168K, used 81324K [0x00000000a0000000, 0x0000000100000000)
  region size 1024K, 5 young (5120K), 5 survivors (5120K)
 Metaspace       used 71242K, committed 73216K, reserved 1114112K
  class space    used 7863K, committed 8768K, reserved 1048576K
}
Event: 10.879 GC heap before
{Heap before GC invocations=26 (full 0):
 garbage-first heap   total reserved 1572864K, committed 138240K, used 122284K [0x00000000a0000000, 0x0000000100000000)
  region size 1024K, 44 young (45056K), 5 survivors (5120K)
 Metaspace       used 74563K, committed 76608K, reserved 1179648K
  class space    used 8257K, committed 9216K, reserved 1048576K
}
Event: 10.885 GC heap after
{Heap after GC invocations=27 (full 0):
 garbage-first heap   total reserved 1572864K, committed 138240K, used 82436K [0x00000000a0000000, 0x0000000100000000)
  region size 1024K, 3 young (3072K), 3 survivors (3072K)
 Metaspace       used 74563K, committed 76608K, reserved 1179648K
  class space    used 8257K, committed 9216K, reserved 1048576K
}
Event: 11.664 GC heap before
{Heap before GC invocations=27 (full 0):
 garbage-first heap   total reserved 1572864K, committed 138240K, used 126468K [0x00000000a0000000, 0x0000000100000000)
  region size 1024K, 46 young (47104K), 3 survivors (3072K)
 Metaspace       used 77485K, committed 79552K, reserved 1179648K
  class space    used 8590K, committed 9536K, reserved 1048576K
}
Event: 11.671 GC heap after
{Heap after GC invocations=28 (full 0):
 garbage-first heap   total reserved 1572864K, committed 138240K, used 84305K [0x00000000a0000000, 0x0000000100000000)
  region size 1024K, 5 young (5120K), 5 survivors (5120K)
 Metaspace       used 77485K, committed 79552K, reserved 1179648K
  class space    used 8590K, committed 9536K, reserved 1048576K
}
Event: 11.846 GC heap before
{Heap before GC invocations=28 (full 0):
 garbage-first heap   total reserved 1572864K, committed 138240K, used 123217K [0x00000000a0000000, 0x0000000100000000)
  region size 1024K, 44 young (45056K), 5 survivors (5120K)
 Metaspace       used 77528K, committed 79552K, reserved 1179648K
  class space    used 8597K, committed 9536K, reserved 1048576K
}
Event: 11.851 GC heap after
{Heap after GC invocations=29 (full 0):
 garbage-first heap   total reserved 1572864K, committed 138240K, used 85624K [0x00000000a0000000, 0x0000000100000000)
  region size 1024K, 4 young (4096K), 4 survivors (4096K)
 Metaspace       used 77528K, committed 79552K, reserved 1179648K
  class space    used 8597K, committed 9536K, reserved 1048576K
}
Event: 12.270 GC heap before
{Heap before GC invocations=30 (full 0):
 garbage-first heap   total reserved 1572864K, committed 143360K, used 126584K [0x00000000a0000000, 0x0000000100000000)
  region size 1024K, 44 young (45056K), 4 survivors (4096K)
 Metaspace       used 78100K, committed 80192K, reserved 1179648K
  class space    used 8684K, committed 9664K, reserved 1048576K
}
Event: 12.282 GC heap after
{Heap after GC invocations=31 (full 0):
 garbage-first heap   total reserved 1572864K, committed 143360K, used 89087K [0x00000000a0000000, 0x0000000100000000)
  region size 1024K, 5 young (5120K), 5 survivors (5120K)
 Metaspace       used 78100K, committed 80192K, reserved 1179648K
  class space    used 8684K, committed 9664K, reserved 1048576K
}
Event: 12.926 GC heap before
{Heap before GC invocations=31 (full 0):
 garbage-first heap   total reserved 1572864K, committed 143360K, used 130047K [0x00000000a0000000, 0x0000000100000000)
  region size 1024K, 45 young (46080K), 5 survivors (5120K)
 Metaspace       used 79272K, committed 81408K, reserved 1179648K
  class space    used 8818K, committed 9792K, reserved 1048576K
}
Event: 12.936 GC heap after
{Heap after GC invocations=32 (full 0):
 garbage-first heap   total reserved 1572864K, committed 143360K, used 91900K [0x00000000a0000000, 0x0000000100000000)
  region size 1024K, 4 young (4096K), 4 survivors (4096K)
 Metaspace       used 79272K, committed 81408K, reserved 1179648K
  class space    used 8818K, committed 9792K, reserved 1048576K
}
Event: 13.227 GC heap before
{Heap before GC invocations=32 (full 0):
 garbage-first heap   total reserved 1572864K, committed 143360K, used 109308K [0x00000000a0000000, 0x0000000100000000)
  region size 1024K, 23 young (23552K), 4 survivors (4096K)
 Metaspace       used 80398K, committed 82496K, reserved 1179648K
  class space    used 8897K, committed 9856K, reserved 1048576K
}
Event: 13.239 GC heap after
{Heap after GC invocations=33 (full 0):
 garbage-first heap   total reserved 1572864K, committed 143360K, used 96373K [0x00000000a0000000, 0x0000000100000000)
  region size 1024K, 5 young (5120K), 5 survivors (5120K)
 Metaspace       used 80398K, committed 82496K, reserved 1179648K
  class space    used 8897K, committed 9856K, reserved 1048576K
}

Dll operation events (15 events):
Event: 0.015 Loaded shared library C:\Program Files\Java\jdk-24\bin\java.dll
Event: 0.042 Loaded shared library C:\Program Files\Java\jdk-24\bin\jsvml.dll
Event: 0.082 Loaded shared library C:\Program Files\Java\jdk-24\bin\zip.dll
Event: 0.087 Loaded shared library C:\Program Files\Java\jdk-24\bin\instrument.dll
Event: 0.092 Loaded shared library C:\Program Files\Java\jdk-24\bin\net.dll
Event: 0.094 Loaded shared library C:\Program Files\Java\jdk-24\bin\nio.dll
Event: 0.098 Loaded shared library C:\Program Files\Java\jdk-24\bin\zip.dll
Event: 0.360 Loaded shared library C:\Program Files\Java\jdk-24\bin\jimage.dll
Event: 0.481 Loaded shared library C:\Program Files\Java\jdk-24\bin\verify.dll
Event: 0.624 Loaded shared library C:\Users\Prattay\.gradle\native\c067742578af261105cb4f569cf0c3c89f3d7b1fecec35dd04571415982c5e48\windows-amd64\native-platform.dll
Event: 0.628 Loaded shared library C:\Users\Prattay\.gradle\native\100fb08df4bc3b14c8652ba06237920a3bd2aa13389f12d3474272988ae205f9\windows-amd64\native-platform-file-events.dll
Event: 1.443 Loaded shared library C:\Program Files\Java\jdk-24\bin\management.dll
Event: 1.446 Loaded shared library C:\Program Files\Java\jdk-24\bin\management_ext.dll
Event: 1.695 Loaded shared library C:\Program Files\Java\jdk-24\bin\extnet.dll
Event: 1.831 Loaded shared library C:\Program Files\Java\jdk-24\bin\sunmscapi.dll

Deoptimization events (20 events):
Event: 13.198 Thread 0x0000023b28235200 Uncommon trap: trap_request=0xffffffde fr.pc=0x0000023ad48eebf4 relative=0x0000000000000674
Event: 13.198 Thread 0x0000023b28235200 Uncommon trap: reason=class_check action=maybe_recompile pc=0x0000023ad48eebf4 method=org.gradle.internal.snapshot.impl.AbstractValueProcessor.processValue(Ljava/lang/Object;Lorg/gradle/internal/snapshot/impl/AbstractValueProcessor$ValueVisitor;)Ljava/lan
Event: 13.198 Thread 0x0000023b28235200 DEOPT PACKING pc=0x0000023ad48eebf4 sp=0x000000c11f0f9720
Event: 13.198 Thread 0x0000023b28235200 DEOPT UNPACKING pc=0x0000023ad3df8202 sp=0x000000c11f0f96b8 mode 2
Event: 13.199 Thread 0x0000023b28235200 Uncommon trap: trap_request=0xffffff4d fr.pc=0x0000023ad4732760 relative=0x0000000000000660
Event: 13.199 Thread 0x0000023b28235200 Uncommon trap: reason=unstable_if action=reinterpret pc=0x0000023ad4732760 method=java.io.ObjectOutputStream$BlockDataOutputStream.writeBytes(Ljava/lang/String;I)V @ 64 c2
Event: 13.199 Thread 0x0000023b28235200 DEOPT PACKING pc=0x0000023ad4732760 sp=0x000000c11f0f8db0
Event: 13.199 Thread 0x0000023b28235200 DEOPT UNPACKING pc=0x0000023ad3df8202 sp=0x000000c11f0f8cf8 mode 2
Event: 13.200 Thread 0x0000023b28235200 Uncommon trap: trap_request=0xffffffde fr.pc=0x0000023ad48eebf4 relative=0x0000000000000674
Event: 13.200 Thread 0x0000023b28235200 Uncommon trap: reason=class_check action=maybe_recompile pc=0x0000023ad48eebf4 method=org.gradle.internal.snapshot.impl.AbstractValueProcessor.processValue(Ljava/lang/Object;Lorg/gradle/internal/snapshot/impl/AbstractValueProcessor$ValueVisitor;)Ljava/lan
Event: 13.200 Thread 0x0000023b28235200 DEOPT PACKING pc=0x0000023ad48eebf4 sp=0x000000c11f0f9720
Event: 13.200 Thread 0x0000023b28235200 DEOPT UNPACKING pc=0x0000023ad3df8202 sp=0x000000c11f0f96b8 mode 2
Event: 13.202 Thread 0x0000023b28235200 Uncommon trap: trap_request=0xffffff4d fr.pc=0x0000023ad47338e8 relative=0x00000000000003a8
Event: 13.202 Thread 0x0000023b28235200 Uncommon trap: reason=unstable_if action=reinterpret pc=0x0000023ad47338e8 method=java.io.ObjectOutputStream$BlockDataOutputStream.writeBytes(Ljava/lang/String;I)V @ 64 c2
Event: 13.202 Thread 0x0000023b28235200 DEOPT PACKING pc=0x0000023ad47338e8 sp=0x000000c11f0f8d20
Event: 13.202 Thread 0x0000023b28235200 DEOPT UNPACKING pc=0x0000023ad3df8202 sp=0x000000c11f0f8cf8 mode 2
Event: 13.273 Thread 0x0000023b28235200 Uncommon trap: trap_request=0xffffff4d fr.pc=0x0000023ad477c5c8 relative=0x0000000000000348
Event: 13.273 Thread 0x0000023b28235200 Uncommon trap: reason=unstable_if action=reinterpret pc=0x0000023ad477c5c8 method=com.google.gson.stream.JsonReader.doPeek()I @ 525 c2
Event: 13.273 Thread 0x0000023b28235200 DEOPT PACKING pc=0x0000023ad477c5c8 sp=0x000000c11f0f95b0
Event: 13.273 Thread 0x0000023b28235200 DEOPT UNPACKING pc=0x0000023ad3df8202 sp=0x000000c11f0f9530 mode 2

Classes loaded (20 events):
Event: 12.887 Loading class java/util/ArrayListBeanInfo
Event: 12.887 Loading class java/util/ArrayListBeanInfo done
Event: 12.887 Loading class java/util/AbstractListBeanInfo
Event: 12.887 Loading class java/util/AbstractListBeanInfo done
Event: 12.887 Loading class java/util/AbstractListBeanInfo
Event: 12.887 Loading class java/util/AbstractListBeanInfo done
Event: 12.887 Loading class java/util/AbstractListCustomizer
Event: 12.887 Loading class java/util/AbstractListCustomizer done
Event: 12.887 Loading class java/util/AbstractListCustomizer
Event: 12.887 Loading class java/util/AbstractListCustomizer done
Event: 12.888 Loading class java/util/ArrayListCustomizer
Event: 12.888 Loading class java/util/ArrayListCustomizer done
Event: 12.888 Loading class java/util/ArrayListCustomizer
Event: 12.888 Loading class java/util/ArrayListCustomizer done
Event: 13.177 Loading class java/util/Formatter$FormatSpecifierParser
Event: 13.178 Loading class java/util/Formatter$FormatSpecifierParser done
Event: 13.285 Loading class sun/nio/ch/ChannelOutputStream
Event: 13.286 Loading class sun/nio/ch/ChannelOutputStream done
Event: 13.290 Loading class java/util/concurrent/ConcurrentLinkedQueue$Itr
Event: 13.290 Loading class java/util/concurrent/ConcurrentLinkedQueue$Itr done

Classes unloaded (0 events):
No events

Classes redefined (0 events):
No events

Internal exceptions (20 events):
Event: 12.638 Thread 0x0000023b28235200 Exception <a 'java/lang/ClassNotFoundException'{0x00000000a77104b0}: com/android/build/gradle/internal/api/LibraryVariantOutputImplBeanInfo> (0x00000000a77104b0) 
thrown [s\open\src\hotspot\share\classfile\systemDictionary.cpp, line 327]
Event: 12.638 Thread 0x0000023b28235200 Exception <a 'java/lang/ClassNotFoundException'{0x00000000a771bc20}: com/android/build/gradle/internal/api/LibraryVariantOutputImplCustomizer> (0x00000000a771bc20) 
thrown [s\open\src\hotspot\share\classfile\systemDictionary.cpp, line 327]
Event: 12.639 Thread 0x0000023b28235200 Exception <a 'java/lang/ClassNotFoundException'{0x00000000a7730110}: com/android/build/gradle/internal/api/LibraryVariantOutputImpl_DecoratedCustomizer> (0x00000000a7730110) 
thrown [s\open\src\hotspot\share\classfile\systemDictionary.cpp, line 327]
Event: 12.641 Thread 0x0000023b28235200 Exception <a 'java/lang/NoClassDefFoundError'{0x00000000a776ad40}: org/jetbrains/kotlin/gradle/plugin/KotlinBasePluginWrapper> (0x00000000a776ad40) 
thrown [s\open\src\hotspot\share\oops\constantPool.cpp, line 1048]
Event: 12.676 Thread 0x0000023b28235200 Exception <a 'java/lang/ClassNotFoundException'{0x00000000a769ef48}: build_9d9c63ig8n6uhw9q3e5mk6owwBeanInfo> (0x00000000a769ef48) 
thrown [s\open\src\hotspot\share\classfile\systemDictionary.cpp, line 327]
Event: 12.676 Thread 0x0000023b28235200 Exception <a 'java/lang/ClassNotFoundException'{0x00000000a76a54d8}: build_9d9c63ig8n6uhw9q3e5mk6owwCustomizer> (0x00000000a76a54d8) 
thrown [s\open\src\hotspot\share\classfile\systemDictionary.cpp, line 327]
Event: 12.808 Thread 0x0000023b28235200 Exception <a 'java/lang/ClassNotFoundException'{0x00000000a6895038}: build_9d9c63ig8n6uhw9q3e5mk6owwBeanInfo> (0x00000000a6895038) 
thrown [s\open\src\hotspot\share\classfile\systemDictionary.cpp, line 327]
Event: 12.809 Thread 0x0000023b28235200 Exception <a 'java/lang/ClassNotFoundException'{0x00000000a689b560}: build_9d9c63ig8n6uhw9q3e5mk6owwCustomizer> (0x00000000a689b560) 
thrown [s\open\src\hotspot\share\classfile\systemDictionary.cpp, line 327]
Event: 12.887 Thread 0x0000023b28235200 Exception <a 'java/lang/ClassNotFoundException'{0x00000000a6176280}: java/util/ArrayListBeanInfo> (0x00000000a6176280) 
thrown [s\open\src\hotspot\share\classfile\systemDictionary.cpp, line 327]
Event: 12.887 Thread 0x0000023b28235200 Exception <a 'java/lang/ClassNotFoundException'{0x00000000a617db18}: java/util/AbstractListBeanInfo> (0x00000000a617db18) 
thrown [s\open\src\hotspot\share\classfile\systemDictionary.cpp, line 327]
Event: 12.887 Thread 0x0000023b28235200 Exception <a 'java/lang/ClassNotFoundException'{0x00000000a61855d0}: java/util/AbstractListCustomizer> (0x00000000a61855d0) 
thrown [s\open\src\hotspot\share\classfile\systemDictionary.cpp, line 327]
Event: 12.888 Thread 0x0000023b28235200 Exception <a 'java/lang/ClassNotFoundException'{0x00000000a61b4478}: java/util/ArrayListCustomizer> (0x00000000a61b4478) 
thrown [s\open\src\hotspot\share\classfile\systemDictionary.cpp, line 327]
Event: 12.897 Thread 0x0000023b28235200 Exception <a 'java/lang/NoClassDefFoundError'{0x00000000a60380d0}: org/jetbrains/kotlin/gradle/plugin/KotlinBasePluginWrapper> (0x00000000a60380d0) 
thrown [s\open\src\hotspot\share\oops\constantPool.cpp, line 1048]
Event: 12.899 Thread 0x0000023b28235200 Exception <a 'java/lang/NoClassDefFoundError'{0x00000000a604e0b0}: org/jetbrains/kotlin/gradle/plugin/KotlinBasePluginWrapper> (0x00000000a604e0b0) 
thrown [s\open\src\hotspot\share\oops\constantPool.cpp, line 1048]
Event: 12.901 Thread 0x0000023b28235200 Exception <a 'java/lang/NoClassDefFoundError'{0x00000000a605e990}: org/jetbrains/kotlin/gradle/plugin/KotlinBasePluginWrapper> (0x00000000a605e990) 
thrown [s\open\src\hotspot\share\oops\constantPool.cpp, line 1048]
Event: 12.902 Thread 0x0000023b28235200 Exception <a 'java/lang/NoClassDefFoundError'{0x00000000a6070338}: org/jetbrains/kotlin/gradle/plugin/KotlinBasePluginWrapper> (0x00000000a6070338) 
thrown [s\open\src\hotspot\share\oops\constantPool.cpp, line 1048]
Event: 12.904 Thread 0x0000023b28235200 Exception <a 'java/lang/NoClassDefFoundError'{0x00000000a6085858}: org/jetbrains/kotlin/gradle/plugin/KotlinBasePluginWrapper> (0x00000000a6085858) 
thrown [s\open\src\hotspot\share\oops\constantPool.cpp, line 1048]
Event: 12.959 Thread 0x0000023b28235200 Exception <a 'java/lang/NoClassDefFoundError'{0x00000000ff82b058}: org/jetbrains/kotlin/gradle/plugin/KotlinBasePluginWrapper> (0x00000000ff82b058) 
thrown [s\open\src\hotspot\share\oops\constantPool.cpp, line 1048]
Event: 13.193 Thread 0x0000023b28235200 Exception <a 'java/lang/NoSuchMethodError'{0x00000000a74579c0}: static Lcom/android/build/gradle/internal/profile/ProjectData;.<clinit>()V> (0x00000000a74579c0) 
thrown [s\open\src\hotspot\share\prims\jni.cpp, line 1108]
Event: 13.282 Thread 0x0000023b28235200 Exception <a 'sun/nio/fs/WindowsException'{0x00000000ff818608}> (0x00000000ff818608) 
thrown [s\open\src\hotspot\share\prims\jni.cpp, line 518]

VM Operations (20 events):
Event: 10.885 Executing VM operation: G1CollectForAllocation (G1 Evacuation Pause) done
Event: 11.664 Executing VM operation: G1CollectForAllocation (G1 Evacuation Pause)
Event: 11.671 Executing VM operation: G1CollectForAllocation (G1 Evacuation Pause) done
Event: 11.811 Executing VM operation: HandshakeAllThreads (Deoptimize)
Event: 11.816 Executing VM operation: HandshakeAllThreads (Deoptimize) done
Event: 11.819 Executing VM operation: HandshakeAllThreads (Deoptimize)
Event: 11.832 Executing VM operation: HandshakeAllThreads (Deoptimize) done
Event: 11.846 Executing VM operation: G1CollectForAllocation (G1 Evacuation Pause)
Event: 11.851 Executing VM operation: G1CollectForAllocation (G1 Evacuation Pause) done
Event: 11.885 Executing VM operation: G1PauseRemark
Event: 11.888 Executing VM operation: G1PauseRemark done
Event: 11.903 Executing VM operation: G1PauseCleanup
Event: 11.903 Executing VM operation: G1PauseCleanup done
Event: 12.270 Executing VM operation: G1CollectForAllocation (G1 Evacuation Pause)
Event: 12.282 Executing VM operation: G1CollectForAllocation (G1 Evacuation Pause) done
Event: 12.926 Executing VM operation: G1CollectForAllocation (G1 Evacuation Pause)
Event: 12.936 Executing VM operation: G1CollectForAllocation (G1 Evacuation Pause) done
Event: 13.227 Executing VM operation: G1TryInitiateConcMark (G1 Humongous Allocation)
Event: 13.239 Executing VM operation: G1TryInitiateConcMark (G1 Humongous Allocation) done
Event: 13.320 Executing VM operation: G1PauseRemark

Memory protections (0 events):
No events

Nmethod flushes (20 events):
Event: 13.325 Thread 0x0000023ae1053750 flushing  nmethod 0x0000023acd3a8608
Event: 13.325 Thread 0x0000023ae1053750 flushing  nmethod 0x0000023acd3a9488
Event: 13.325 Thread 0x0000023ae1053750 flushing  nmethod 0x0000023acd3a9e08
Event: 13.325 Thread 0x0000023ae1053750 flushing  nmethod 0x0000023acd3af288
Event: 13.325 Thread 0x0000023ae1053750 flushing  nmethod 0x0000023acd3f5708
Event: 13.325 Thread 0x0000023ae1053750 flushing  nmethod 0x0000023acd3f6688
Event: 13.325 Thread 0x0000023ae1053750 flushing  nmethod 0x0000023acd3f6d08
Event: 13.325 Thread 0x0000023ae1053750 flushing  nmethod 0x0000023acd3f7188
Event: 13.325 Thread 0x0000023ae1053750 flushing  nmethod 0x0000023acd403288
Event: 13.325 Thread 0x0000023ae1053750 flushing  nmethod 0x0000023acd45bc08
Event: 13.325 Thread 0x0000023ae1053750 flushing  nmethod 0x0000023acd578e08
Event: 13.325 Thread 0x0000023ae1053750 flushing  nmethod 0x0000023acd5b8608
Event: 13.325 Thread 0x0000023ae1053750 flushing  nmethod 0x0000023acd5bd588
Event: 13.325 Thread 0x0000023ae1053750 flushing  nmethod 0x0000023acd697d88
Event: 13.325 Thread 0x0000023ae1053750 flushing osr nmethod 0x0000023acd1e2008
Event: 13.325 Thread 0x0000023ae1053750 flushing  nmethod 0x0000023acd407c08
Event: 13.325 Thread 0x0000023ae1053750 flushing  nmethod 0x0000023acd498888
Event: 13.325 Thread 0x0000023ae1053750 flushing  nmethod 0x0000023acd3e1808
Event: 13.325 Thread 0x0000023ae1053750 flushing  nmethod 0x0000023acd3e3008
Event: 13.325 Thread 0x0000023ae1053750 flushing  nmethod 0x0000023acd4d0288

Events (20 events):
Event: 11.664 Thread 0x0000023b28235200 Thread added: 0x0000023b29f05020
Event: 11.672 Thread 0x0000023b28235200 Thread added: 0x0000023b29f02b90
Event: 12.760 Thread 0x0000023b28235200 Thread added: 0x0000023b29f07c00
Event: 12.760 Thread 0x0000023b28235200 Thread added: 0x0000023b29f08350
Event: 12.761 Thread 0x0000023b28235200 Thread added: 0x0000023ae188f710
Event: 12.762 Thread 0x0000023b28235200 Thread added: 0x0000023ae188e870
Event: 12.763 Thread 0x0000023b28235200 Thread added: 0x0000023ae188e120
Event: 12.764 Thread 0x0000023b28235200 Thread added: 0x0000023ae188d280
Event: 12.764 Thread 0x0000023b28235200 Thread added: 0x0000023ae18905b0
Event: 12.765 Thread 0x0000023b28235200 Thread added: 0x0000023ae188fe60
Event: 12.765 Thread 0x0000023b28235200 Thread added: 0x0000023ae188efc0
Event: 12.766 Thread 0x0000023b28235200 Thread added: 0x0000023ae1890d00
Event: 12.767 Thread 0x0000023b28235200 Thread added: 0x0000023ae188d9d0
Event: 12.767 Thread 0x0000023b28235200 Thread added: 0x0000023ae1891450
Event: 12.768 Thread 0x0000023b28235200 Thread added: 0x0000023ae1894780
Event: 12.769 Thread 0x0000023b28235200 Thread added: 0x0000023ae1891ba0
Event: 12.769 Thread 0x0000023b28235200 Thread added: 0x0000023ae18922f0
Event: 13.289 Thread 0x0000023b28235200 Thread added: 0x0000023ae1893190
Event: 13.319 Thread 0x0000023b2be42cb0 Thread exited: 0x0000023b2be42cb0
Event: 13.320 Thread 0x0000023b2be43440 Thread exited: 0x0000023b2be43440


Dynamic libraries:
0x00007ff7cb8f0000 - 0x00007ff7cb900000 	C:\Program Files\Java\jdk-24\bin\java.exe
0x00007ff81fd00000 - 0x00007ff81ff68000 	C:\WINDOWS\SYSTEM32\ntdll.dll
0x00007ff81ea10000 - 0x00007ff81ead9000 	C:\WINDOWS\System32\KERNEL32.DLL
0x00007ff81d560000 - 0x00007ff81d94d000 	C:\WINDOWS\System32\KERNELBASE.dll
0x00007ff8197f0000 - 0x00007ff81988e000 	C:\WINDOWS\SYSTEM32\apphelp.dll
0x00007ff81d950000 - 0x00007ff81da9b000 	C:\WINDOWS\System32\ucrtbase.dll
0x00007fffdd7f0000 - 0x00007fffdd80b000 	C:\Program Files\Java\jdk-24\bin\VCRUNTIME140.dll
0x00007fffaeec0000 - 0x00007fffaeed6000 	C:\Program Files\Java\jdk-24\bin\jli.dll
0x00007ff81fa40000 - 0x00007ff81fc0c000 	C:\WINDOWS\System32\USER32.dll
0x00007ff81ce50000 - 0x00007ff81ce77000 	C:\WINDOWS\System32\win32u.dll
0x00007ffff84e0000 - 0x00007ffff877a000 	C:\WINDOWS\WinSxS\amd64_microsoft.windows.common-controls_6595b64144ccf1df_6.0.26100.4484_none_3e0e6d4ce32ef3b3\COMCTL32.dll
0x00007ff81ebf0000 - 0x00007ff81ec1b000 	C:\WINDOWS\System32\GDI32.dll
0x00007ff81fc10000 - 0x00007ff81fcb9000 	C:\WINDOWS\System32\msvcrt.dll
0x00007ff81d200000 - 0x00007ff81d337000 	C:\WINDOWS\System32\gdi32full.dll
0x00007ff81d0c0000 - 0x00007ff81d163000 	C:\WINDOWS\System32\msvcp_win.dll
0x00007ff81e310000 - 0x00007ff81e33f000 	C:\WINDOWS\System32\IMM32.DLL
0x00007fffec3c0000 - 0x00007fffec3cc000 	C:\Program Files\Java\jdk-24\bin\vcruntime140_1.dll
0x00007fff6dbb0000 - 0x00007fff6dc3e000 	C:\Program Files\Java\jdk-24\bin\msvcp140.dll
0x00007fff20d00000 - 0x00007fff21aa2000 	C:\Program Files\Java\jdk-24\bin\server\jvm.dll
0x00007ff81f2d0000 - 0x00007ff81f384000 	C:\WINDOWS\System32\ADVAPI32.dll
0x00007ff81e760000 - 0x00007ff81e806000 	C:\WINDOWS\System32\sechost.dll
0x00007ff81f490000 - 0x00007ff81f5a8000 	C:\WINDOWS\System32\RPCRT4.dll
0x00007ff81eae0000 - 0x00007ff81eb54000 	C:\WINDOWS\System32\WS2_32.dll
0x00007ff81c340000 - 0x00007ff81c39e000 	C:\WINDOWS\SYSTEM32\POWRPROF.dll
0x00007ff80ed70000 - 0x00007ff80eda5000 	C:\WINDOWS\SYSTEM32\WINMM.dll
0x00007ff8125a0000 - 0x00007ff8125ab000 	C:\WINDOWS\SYSTEM32\VERSION.dll
0x00007ff81c2e0000 - 0x00007ff81c2f4000 	C:\WINDOWS\SYSTEM32\UMPDC.dll
0x00007ff81bbf0000 - 0x00007ff81bc0b000 	C:\WINDOWS\SYSTEM32\kernel.appcore.dll
0x00007fffcd000000 - 0x00007fffcd00a000 	C:\Program Files\Java\jdk-24\bin\jimage.dll
0x00007ff81a560000 - 0x00007ff81a7a1000 	C:\WINDOWS\SYSTEM32\DBGHELP.DLL
0x00007ff81ecb0000 - 0x00007ff81f036000 	C:\WINDOWS\System32\combase.dll
0x00007ff81e3c0000 - 0x00007ff81e4a0000 	C:\WINDOWS\System32\OLEAUT32.dll
0x00007fffd61e0000 - 0x00007fffd6223000 	C:\WINDOWS\SYSTEM32\dbgcore.DLL
0x00007ff81d340000 - 0x00007ff81d3d9000 	C:\WINDOWS\System32\bcryptPrimitives.dll
0x00007fffccb10000 - 0x00007fffccb1f000 	C:\Program Files\Java\jdk-24\bin\instrument.dll
0x00007fff831d0000 - 0x00007fff831ee000 	C:\Program Files\Java\jdk-24\bin\java.dll
0x00007ff81e810000 - 0x00007ff81e9ae000 	C:\WINDOWS\System32\ole32.dll
0x00007ff81dba0000 - 0x00007ff81e2ea000 	C:\WINDOWS\System32\SHELL32.dll
0x00007ff81d3e0000 - 0x00007ff81d554000 	C:\WINDOWS\System32\wintypes.dll
0x00007ff81aa60000 - 0x00007ff81b2bb000 	C:\WINDOWS\SYSTEM32\windows.storage.dll
0x00007ff81f390000 - 0x00007ff81f485000 	C:\WINDOWS\System32\SHCORE.dll
0x00007ff81e350000 - 0x00007ff81e3ba000 	C:\WINDOWS\System32\shlwapi.dll
0x00007ff81cd60000 - 0x00007ff81cd8f000 	C:\WINDOWS\SYSTEM32\profapi.dll
0x00007fff6dad0000 - 0x00007fff6dba7000 	C:\Program Files\Java\jdk-24\bin\jsvml.dll
0x00007fff831b0000 - 0x00007fff831c7000 	C:\Program Files\Java\jdk-24\bin\zip.dll
0x00007fffcc9d0000 - 0x00007fffcc9e0000 	C:\Program Files\Java\jdk-24\bin\net.dll
0x00007ff81c210000 - 0x00007ff81c27a000 	C:\WINDOWS\system32\mswsock.dll
0x00007fff742f0000 - 0x00007fff74306000 	C:\Program Files\Java\jdk-24\bin\nio.dll
0x00007fffcc070000 - 0x00007fffcc080000 	C:\Program Files\Java\jdk-24\bin\verify.dll
0x00007fffd7310000 - 0x00007fffd7337000 	C:\Users\Prattay\.gradle\native\c067742578af261105cb4f569cf0c3c89f3d7b1fecec35dd04571415982c5e48\windows-amd64\native-platform.dll
0x00007fff6d980000 - 0x00007fff6dac4000 	C:\Users\Prattay\.gradle\native\100fb08df4bc3b14c8652ba06237920a3bd2aa13389f12d3474272988ae205f9\windows-amd64\native-platform-file-events.dll
0x00007fffcbd50000 - 0x00007fffcbd5a000 	C:\Program Files\Java\jdk-24\bin\management.dll
0x00007fffc91e0000 - 0x00007fffc91eb000 	C:\Program Files\Java\jdk-24\bin\management_ext.dll
0x00007ff81e640000 - 0x00007ff81e648000 	C:\WINDOWS\System32\PSAPI.DLL
0x00007ff81c560000 - 0x00007ff81c57b000 	C:\WINDOWS\SYSTEM32\CRYPTSP.dll
0x00007ff81bb50000 - 0x00007ff81bb8b000 	C:\WINDOWS\system32\rsaenh.dll
0x00007ff81c2b0000 - 0x00007ff81c2db000 	C:\WINDOWS\SYSTEM32\USERENV.dll
0x00007ff81cd30000 - 0x00007ff81cd56000 	C:\WINDOWS\SYSTEM32\bcrypt.dll
0x00007ff81c550000 - 0x00007ff81c55c000 	C:\WINDOWS\SYSTEM32\CRYPTBASE.dll
0x00007ff81b630000 - 0x00007ff81b663000 	C:\WINDOWS\SYSTEM32\IPHLPAPI.DLL
0x00007ff81e300000 - 0x00007ff81e30a000 	C:\WINDOWS\System32\NSI.dll
0x00007fffc43e0000 - 0x00007fffc43e9000 	C:\Program Files\Java\jdk-24\bin\extnet.dll
0x00007fffc4090000 - 0x00007fffc409e000 	C:\Program Files\Java\jdk-24\bin\sunmscapi.dll
0x00007ff81cf40000 - 0x00007ff81d0b7000 	C:\WINDOWS\System32\CRYPT32.dll
0x00007ff81c770000 - 0x00007ff81c7a0000 	C:\WINDOWS\SYSTEM32\ncrypt.dll
0x00007ff81c720000 - 0x00007ff81c75f000 	C:\WINDOWS\SYSTEM32\NTASN1.dll
0x00007fffcabf0000 - 0x00007fffcabf8000 	C:\WINDOWS\system32\wshunix.dll

JVMTI agents:
C:\Users\Prattay\.gradle\wrapper\dists\gradle-8.11.1-all\2qik7nd48slq1ooc2496ixf4i\gradle-8.11.1\lib\agents\gradle-instrumentation-agent-8.11.1.jar path:C:\Program Files\Java\jdk-24\bin\instrument.dll, loaded, initialized, instrumentlib options:none

dbghelp: loaded successfully - version: 4.0.5 - missing functions: none
symbol engine: initialized successfully - sym options: 0x614 - pdb path: .;C:\Program Files\Java\jdk-24\bin;C:\WINDOWS\SYSTEM32;C:\WINDOWS\WinSxS\amd64_microsoft.windows.common-controls_6595b64144ccf1df_6.0.26100.4484_none_3e0e6d4ce32ef3b3;C:\Program Files\Java\jdk-24\bin\server;C:\Users\Prattay\.gradle\native\c067742578af261105cb4f569cf0c3c89f3d7b1fecec35dd04571415982c5e48\windows-amd64;C:\Users\Prattay\.gradle\native\100fb08df4bc3b14c8652ba06237920a3bd2aa13389f12d3474272988ae205f9\windows-amd64

VM Arguments:
jvm_args: --add-opens=java.base/java.lang=ALL-UNNAMED --add-opens=java.base/java.lang.invoke=ALL-UNNAMED --add-opens=java.base/java.util=ALL-UNNAMED --add-opens=java.prefs/java.util.prefs=ALL-UNNAMED --add-exports=jdk.compiler/com.sun.tools.javac.api=ALL-UNNAMED --add-exports=jdk.compiler/com.sun.tools.javac.util=ALL-UNNAMED --add-opens=java.base/java.util=ALL-UNNAMED --add-opens=java.prefs/java.util.prefs=ALL-UNNAMED --add-opens=java.base/java.nio.charset=ALL-UNNAMED --add-opens=java.base/java.net=ALL-UNNAMED --add-opens=java.base/java.util.concurrent.atomic=ALL-UNNAMED --add-opens=java.xml/javax.xml.namespace=ALL-UNNAMED -Xmx1536m -Dfile.encoding=UTF-8 -Duser.country=IN -Duser.language=en -Duser.variant -javaagent:C:\Users\Prattay\.gradle\wrapper\dists\gradle-8.11.1-all\2qik7nd48slq1ooc2496ixf4i\gradle-8.11.1\lib\agents\gradle-instrumentation-agent-8.11.1.jar 
java_command: org.gradle.launcher.daemon.bootstrap.GradleDaemon 8.11.1
java_class_path (initial): C:\Users\Prattay\.gradle\wrapper\dists\gradle-8.11.1-all\2qik7nd48slq1ooc2496ixf4i\gradle-8.11.1\lib\gradle-daemon-main-8.11.1.jar
Launcher Type: SUN_STANDARD

[Global flags]
     intx CICompilerCount                          = 12                                        {product} {ergonomic}
     uint ConcGCThreads                            = 3                                         {product} {ergonomic}
     uint G1ConcRefinementThreads                  = 13                                        {product} {ergonomic}
   size_t G1HeapRegionSize                         = 1048576                                   {product} {ergonomic}
   size_t InitialHeapSize                          = 264241152                                 {product} {ergonomic}
   size_t MarkStackSize                            = 4194304                                   {product} {ergonomic}
   size_t MarkStackSizeMax                         = 536870912                                 {product} {ergonomic}
   size_t MaxHeapSize                              = 1610612736                                {product} {command line}
   size_t MaxNewSize                               = 965738496                                 {product} {ergonomic}
   size_t MinHeapDeltaBytes                        = 1048576                                   {product} {ergonomic}
   size_t MinHeapSize                              = 8388608                                   {product} {ergonomic}
    uintx NonNMethodCodeHeapSize                   = 7602176                                {pd product} {ergonomic}
    uintx NonProfiledCodeHeapSize                  = 122093568                              {pd product} {ergonomic}
    uintx ProfiledCodeHeapSize                     = 121962496                              {pd product} {ergonomic}
    uintx ReservedCodeCacheSize                    = 251658240                              {pd product} {ergonomic}
     bool SegmentedCodeCache                       = true                                      {product} {ergonomic}
   size_t SoftMaxHeapSize                          = 1610612736                             {manageable} {ergonomic}
     bool UseCompressedOops                        = true                           {product lp64_product} {ergonomic}
     bool UseG1GC                                  = true                                      {product} {ergonomic}
     bool UseLargePagesIndividualAllocation        = false                                  {pd product} {ergonomic}

Logging:
Log output configuration:
 #0: stdout all=warning uptime,level,tags foldmultilines=false
 #1: stderr all=off uptime,level,tags foldmultilines=false

Environment Variables:
PATH=C:\Program Files\Common Files\Oracle\Java\javapath;C:\Users\Prattay\AppData\Local\Programs\Python\Python313;C:\Windows;C:\Windows\System32\Wbem;C:\Windows\System32\WindowsPowerShell\v1.0\;C:\Windows\System32\OpenSSH\;C:\Program Files\dotnet\;D:\Git\cmd;C:\Program Files (x86)\NVIDIA Corporation\PhysX\Common;C:\Program Files\Microsoft SQL Server\Client SDK\ODBC\170\Tools\Binn\;C:\Program Files (x86)\Microsoft SQL Server\150\Tools\Binn\;C:\Program Files\Microsoft SQL Server\150\Tools\Binn\;C:\Program Files\Microsoft SQL Server\150\DTS\Binn\;C:\Program Files (x86)\Windows Kits\8.1\Windows Performance Toolkit\;C:\Program Files\nodejs\;C:\ProgramData\chocolatey\bin;C:\Program Files\NVIDIA Corporation\NVIDIA app\NvDLISR;C:\MinGW\bin;C:\WINDOWS\system32;C:\WINDOWS;C:\WINDOWS\System32\Wbem;C:\WINDOWS\System32\WindowsPowerShell\v1.0\;C:\WINDOWS\System32\OpenSSH\;D:\MATLAB\bin;C:\Users\Prattay\AppData\Local\Programs\Python\Python313\Scripts;C:\Users\Prattay\AppData\Local\Microsoft\WindowsApps;D:\Microsoft VS Code\bin;C:\Users\Prattay\AppData\Local\GitHubDesktop\bin;C:\MinGW\bin;C:\Users\Prattay\AppData\Roaming\npm;
USERNAME=Prattay
OS=Windows_NT
PROCESSOR_IDENTIFIER=Intel64 Family 6 Model 154 Stepping 3, GenuineIntel
TMP=C:\Users\Prattay\AppData\Local\Temp
TEMP=C:\Users\Prattay\AppData\Local\Temp




Periodic native trim disabled

---------------  S Y S T E M  ---------------

OS:
 Windows 11 , 64 bit Build 26100 (10.0.26100.4484)
OS uptime: 7 days 2:21 hours
Hyper-V role detected

CPU: total 16 (initial active 16) (8 cores per cpu, 2 threads per core) family 6 model 154 stepping 3 microcode 0x437, cx8, cmov, fxsr, ht, mmx, 3dnowpref, sse, sse2, sse3, ssse3, sse4.1, sse4.2, popcnt, lzcnt, tsc, tscinvbit, avx, avx2, aes, erms, clmul, bmi1, bmi2, adx, sha, fma, vzeroupper, clflush, clflushopt, clwb, hv, serialize, rdtscp, rdpid, fsrm, gfni, f16c, cet_ibt, cet_ss
Processor Information for processor 0
  Max Mhz: 2500, Current Mhz: 2500, Mhz Limit: 2500
Processor Information for processor 1
  Max Mhz: 2500, Current Mhz: 2500, Mhz Limit: 2500
Processor Information for processor 2
  Max Mhz: 2500, Current Mhz: 2500, Mhz Limit: 2500
Processor Information for processor 3
  Max Mhz: 2500, Current Mhz: 1532, Mhz Limit: 2500
Processor Information for processor 4
  Max Mhz: 2500, Current Mhz: 2500, Mhz Limit: 2500
Processor Information for processor 5
  Max Mhz: 2500, Current Mhz: 2500, Mhz Limit: 2500
Processor Information for processor 6
  Max Mhz: 2500, Current Mhz: 1532, Mhz Limit: 2500
Processor Information for processor 7
  Max Mhz: 2500, Current Mhz: 1532, Mhz Limit: 2500
Processor Information for processor 8
  Max Mhz: 2500, Current Mhz: 2500, Mhz Limit: 2500
Processor Information for processor 9
  Max Mhz: 2500, Current Mhz: 2500, Mhz Limit: 2500
Processor Information for processor 10
  Max Mhz: 2500, Current Mhz: 1527, Mhz Limit: 2500
Processor Information for processor 11
  Max Mhz: 2500, Current Mhz: 2500, Mhz Limit: 2500
Processor Information for processor 12
  Max Mhz: 2500, Current Mhz: 2500, Mhz Limit: 2500
Processor Information for processor 13
  Max Mhz: 2500, Current Mhz: 2500, Mhz Limit: 2500
Processor Information for processor 14
  Max Mhz: 2500, Current Mhz: 1527, Mhz Limit: 2500
Processor Information for processor 15
  Max Mhz: 2500, Current Mhz: 1527, Mhz Limit: 2500

Memory: 4k page, system-wide physical 16068M (912M free)
TotalPageFile size 28568M (AvailPageFile size 68M)
current process WorkingSet (physical memory assigned to process): 386M, peak: 386M
current process commit charge ("private bytes"): 438M, peak: 465M

vm_info: Java HotSpot(TM) 64-Bit Server VM (24.0.1+9-30) for windows-amd64 JRE (24.0.1+9-30), built on 2025-03-05T07:23:45Z with MS VC++ 17.6 (VS2022)

END.
