#
# There is insufficient memory for the Java Runtime Environment to continue.
# Native memory allocation (malloc) failed to allocate 1081616 bytes. Error detail: Chunk::new
# Possible reasons:
#   The system is out of physical RAM or swap space
#   This process is running with CompressedOops enabled, and the Java Heap may be blocking the growth of the native heap
# Possible solutions:
#   Reduce memory load on the system
#   Increase physical memory or swap space
#   Check if swap backing store is full
#   Decrease Java heap size (-Xmx/-Xms)
#   Decrease number of Java threads
#   Decrease Java thread stack sizes (-Xss)
#   Set larger code cache with -XX:ReservedCodeCacheSize=
#   JVM is running with Unscaled Compressed Oops mode in which the Java heap is
#     placed in the first 4GB address space. The Java Heap base address is the
#     maximum limit for the native heap growth. Please use -XX:HeapBaseMinAddress
#     to set the Java Heap base and to place the Java Heap above 4GB virtual address.
# This output file may be truncated or incomplete.
#
#  Out of Memory Error (arena.cpp:162), pid=10820, tid=42112
#
# JRE version: Java(TM) SE Runtime Environment (24.0.1+9) (build 24.0.1+9-30)
# Java VM: Java HotSpot(TM) 64-Bit Server VM (24.0.1+9-30, mixed mode, sharing, tiered, compressed oops, compressed class ptrs, g1 gc, windows-amd64)
# No core dump will be written. Minidumps are not enabled by default on client versions of Windows
#

---------------  S U M M A R Y ------------

Command Line: --add-opens=java.base/java.lang=ALL-UNNAMED --add-opens=java.base/java.lang.invoke=ALL-UNNAMED --add-opens=java.base/java.util=ALL-UNNAMED --add-opens=java.prefs/java.util.prefs=ALL-UNNAMED --add-exports=jdk.compiler/com.sun.tools.javac.api=ALL-UNNAMED --add-exports=jdk.compiler/com.sun.tools.javac.util=ALL-UNNAMED --add-opens=java.base/java.util=ALL-UNNAMED --add-opens=java.prefs/java.util.prefs=ALL-UNNAMED --add-opens=java.base/java.nio.charset=ALL-UNNAMED --add-opens=java.base/java.net=ALL-UNNAMED --add-opens=java.base/java.util.concurrent.atomic=ALL-UNNAMED --add-opens=java.xml/javax.xml.namespace=ALL-UNNAMED -Xmx1536m -Dfile.encoding=UTF-8 -Duser.country=IN -Duser.language=en -Duser.variant -javaagent:C:\Users\Prattay\.gradle\wrapper\dists\gradle-8.11.1-all\2qik7nd48slq1ooc2496ixf4i\gradle-8.11.1\lib\agents\gradle-instrumentation-agent-8.11.1.jar org.gradle.launcher.daemon.bootstrap.GradleDaemon 8.11.1

Host: 12th Gen Intel(R) Core(TM) i5-12500H, 16 cores, 15G,  Windows 11 , 64 bit Build 26100 (10.0.26100.4484)
Time: Sun Aug 17 00:00:03 2025 India Standard Time elapsed time: 11.528488 seconds (0d 0h 0m 11s)

---------------  T H R E A D  ---------------

Current thread (0x00000244e1769db0):  JavaThread "C2 CompilerThread0" daemon [_thread_in_native, id=42112, stack(0x000000f03da00000,0x000000f03db00000) (1024K)]


Current CompileTask:
C2:11528 10959       4       java.util.HashMap::putIfAbsent (13 bytes)

Stack: [0x000000f03da00000,0x000000f03db00000]
Native frames: (J=compiled Java code, j=interpreted, Vv=VM code, C=native code)
V  [jvm.dll+0x730739]  (no source info available)
V  [jvm.dll+0x8d9b23]  (no source info available)
V  [jvm.dll+0x8dc00d]  (no source info available)
V  [jvm.dll+0x8dc683]  (no source info available)
V  [jvm.dll+0x2aa086]  (no source info available)
V  [jvm.dll+0xcedef]  (no source info available)
V  [jvm.dll+0xcf04f]  (no source info available)
V  [jvm.dll+0x154d83]  (no source info available)
V  [jvm.dll+0x735f5f]  (no source info available)
V  [jvm.dll+0x26fa1c]  (no source info available)
V  [jvm.dll+0x26ea3f]  (no source info available)
V  [jvm.dll+0x1e9d60]  (no source info available)
V  [jvm.dll+0x27e1fb]  (no source info available)
V  [jvm.dll+0x27c49a]  (no source info available)
V  [jvm.dll+0x42f456]  (no source info available)
V  [jvm.dll+0x87d76b]  (no source info available)
V  [jvm.dll+0x72ee55]  (no source info available)
C  [ucrtbase.dll+0x37b0]  (no source info available)
C  [KERNEL32.DLL+0x2e8d7]  (no source info available)
C  [ntdll.dll+0x3c34c]  (no source info available)

Lock stack of current Java thread (top to bottom):


---------------  P R O C E S S  ---------------

Threads class SMR info:
_java_thread_list=0x00000244e79f1e50, length=97, elements={
0x00000244c46eeba0, 0x00000244e175c770, 0x00000244e175ceb0, 0x00000244e175eda0,
0x00000244e17618e0, 0x00000244e1767530, 0x00000244e1768800, 0x00000244e1769db0,
0x00000244e178fbc0, 0x00000244c1081100, 0x00000244c12d1f80, 0x00000244c13401a0,
0x00000244c1341040, 0x00000244c1341790, 0x00000244c133ebb0, 0x00000244c133e460,
0x00000244e7054170, 0x00000244e7055760, 0x00000244e70548c0, 0x00000244e7055010,
0x00000244e7055eb0, 0x00000244e7056600, 0x00000244e7053a20, 0x00000244e70591e0,
0x00000244e7058a90, 0x00000244e7058340, 0x00000244e7059930, 0x00000244e705a080,
0x00000244e70574a0, 0x00000244e705a7d0, 0x00000244e705af20, 0x00000244e7057bf0,
0x00000244e846c0a0, 0x00000244e846c7f0, 0x00000244e846d690, 0x00000244e846dde0,
0x00000244e846e530, 0x00000244e846cf40, 0x00000244e846ec80, 0x00000244e846b950,
0x00000244e846fb20, 0x00000244e84709c0, 0x00000244e8470270, 0x00000244e8471fb0,
0x00000244e8472700, 0x00000244e8471110, 0x00000244e8471860, 0x00000244e8c258e0,
0x00000244e8c26030, 0x00000244e8c26780, 0x00000244e8c26ed0, 0x00000244e8c27620,
0x00000244e8c27d70, 0x00000244e8c284c0, 0x00000244e8c28c10, 0x00000244e938e500,
0x00000244e938faf0, 0x00000244e93910e0, 0x00000244e938ec50, 0x00000244e9391830,
0x00000244e938f3a0, 0x00000244e9391f80, 0x00000244e9392e20, 0x00000244e93926d0,
0x00000244e9390990, 0x00000244e9393570, 0x00000244e9390240, 0x00000244e9393cc0,
0x00000244e9394b60, 0x00000244e93952b0, 0x00000244e9395a00, 0x00000244e9394410,
0x00000244e8b15cc0, 0x00000244e8b16410, 0x00000244e8b146d0, 0x00000244e8b14e20,
0x00000244e8b16b60, 0x00000244e8b172b0, 0x00000244e8b13f80, 0x00000244e8b188a0,
0x00000244e8b18150, 0x00000244e8b15570, 0x00000244e8b18ff0, 0x00000244e8b19740,
0x00000244e8b19e90, 0x00000244e8b1a5e0, 0x00000244e8b1ad30, 0x00000244e8b17a00,
0x00000244e8b1b480, 0x00000244c1637480, 0x00000244c1635740, 0x00000244c1635e90,
0x00000244c1637bd0, 0x00000244c1638320, 0x00000244c16391c0, 0x00000244e94824c0,
0x00000244e947fef0
}

Java Threads: ( => current thread )
  0x00000244c46eeba0 JavaThread "main"                              [_thread_blocked, id=11996, stack(0x000000f03cc00000,0x000000f03cd00000) (1024K)]
  0x00000244e175c770 JavaThread "Reference Handler"          daemon [_thread_blocked, id=9392, stack(0x000000f03d400000,0x000000f03d500000) (1024K)]
  0x00000244e175ceb0 JavaThread "Finalizer"                  daemon [_thread_blocked, id=35404, stack(0x000000f03d500000,0x000000f03d600000) (1024K)]
  0x00000244e175eda0 JavaThread "Signal Dispatcher"          daemon [_thread_blocked, id=40916, stack(0x000000f03d600000,0x000000f03d700000) (1024K)]
  0x00000244e17618e0 JavaThread "Attach Listener"            daemon [_thread_blocked, id=39296, stack(0x000000f03d700000,0x000000f03d800000) (1024K)]
  0x00000244e1767530 JavaThread "Service Thread"             daemon [_thread_blocked, id=14268, stack(0x000000f03d800000,0x000000f03d900000) (1024K)]
  0x00000244e1768800 JavaThread "Monitor Deflation Thread"   daemon [_thread_blocked, id=40536, stack(0x000000f03d900000,0x000000f03da00000) (1024K)]
=>0x00000244e1769db0 JavaThread "C2 CompilerThread0"         daemon [_thread_in_native, id=42112, stack(0x000000f03da00000,0x000000f03db00000) (1024K)]
  0x00000244e178fbc0 JavaThread "C1 CompilerThread0"         daemon [_thread_blocked, id=3260, stack(0x000000f03db00000,0x000000f03dc00000) (1024K)]
  0x00000244c1081100 JavaThread "C1 CompilerThread1"         daemon [_thread_blocked, id=42164, stack(0x000000f03dc00000,0x000000f03dd00000) (1024K)]
  0x00000244c12d1f80 JavaThread "Common-Cleaner"             daemon [_thread_blocked, id=31580, stack(0x000000f03df00000,0x000000f03e000000) (1024K)]
  0x00000244c13401a0 JavaThread "Notification Thread"        daemon [_thread_blocked, id=35968, stack(0x000000f03e000000,0x000000f03e100000) (1024K)]
  0x00000244c1341040 JavaThread "Daemon health stats"               [_thread_blocked, id=35100, stack(0x000000f03e400000,0x000000f03e500000) (1024K)]
  0x00000244c1341790 JavaThread "Incoming local TCP Connector on port 61000"        [_thread_in_native, id=43600, stack(0x000000f03eb00000,0x000000f03ec00000) (1024K)]
  0x00000244c133ebb0 JavaThread "Daemon periodic checks"            [_thread_blocked, id=41372, stack(0x000000f03ec00000,0x000000f03ed00000) (1024K)]
  0x00000244c133e460 JavaThread "Daemon"                            [_thread_blocked, id=20468, stack(0x000000f03ed00000,0x000000f03ee00000) (1024K)]
  0x00000244e7054170 JavaThread "Handler for socket connection from /127.0.0.1:61000 to /127.0.0.1:61001"        [_thread_in_native, id=44496, stack(0x000000f03ee00000,0x000000f03ef00000) (1024K)]
  0x00000244e7055760 JavaThread "Cancel handler"                    [_thread_blocked, id=33660, stack(0x000000f03ef00000,0x000000f03f000000) (1024K)]
  0x00000244e70548c0 JavaThread "Daemon worker"                     [_thread_in_native, id=4652, stack(0x000000f03f000000,0x000000f03f100000) (1024K)]
  0x00000244e7055010 JavaThread "Asynchronous log dispatcher for DefaultDaemonConnection: socket connection from /127.0.0.1:61000 to /127.0.0.1:61001"        [_thread_blocked, id=40324, stack(0x000000f03f100000,0x000000f03f200000) (1024K)]
  0x00000244e7055eb0 JavaThread "Stdin handler"                     [_thread_blocked, id=20720, stack(0x000000f03f200000,0x000000f03f300000) (1024K)]
  0x00000244e7056600 JavaThread "Daemon client event forwarder"        [_thread_blocked, id=41472, stack(0x000000f03f300000,0x000000f03f400000) (1024K)]
  0x00000244e7053a20 JavaThread "Cache worker for journal cache (C:\Users\Prattay\.gradle\caches\journal-1)"        [_thread_blocked, id=39172, stack(0x000000f03f400000,0x000000f03f500000) (1024K)]
  0x00000244e70591e0 JavaThread "File lock request listener"        [_thread_in_native, id=30060, stack(0x000000f03f500000,0x000000f03f600000) (1024K)]
  0x00000244e7058a90 JavaThread "Cache worker for file hash cache (C:\Users\Prattay\.gradle\caches\8.11.1\fileHashes)"        [_thread_blocked, id=6408, stack(0x000000f03fd00000,0x000000f03fe00000) (1024K)]
  0x00000244e7058340 JavaThread "Cache worker for file content cache (C:\Users\Prattay\.gradle\caches\8.11.1\fileContent)"        [_thread_blocked, id=5744, stack(0x000000f03fe00000,0x000000f03ff00000) (1024K)]
  0x00000244e7059930 JavaThread "Cache worker for file hash cache (D:\NextJs projects\wb-3d-tour\android\.gradle\8.11.1\fileHashes)"        [_thread_blocked, id=16212, stack(0x000000f040100000,0x000000f040200000) (1024K)]
  0x00000244e705a080 JavaThread "Cache worker for Build Output Cleanup Cache (D:\NextJs projects\wb-3d-tour\android\.gradle\buildOutputCleanup)"        [_thread_blocked, id=34164, stack(0x000000f040200000,0x000000f040300000) (1024K)]
  0x00000244e70574a0 JavaThread "File watcher server"        daemon [_thread_in_native, id=25656, stack(0x000000f040300000,0x000000f040400000) (1024K)]
  0x00000244e705a7d0 JavaThread "File watcher consumer"      daemon [_thread_blocked, id=15416, stack(0x000000f040400000,0x000000f040500000) (1024K)]
  0x00000244e705af20 JavaThread "jar transforms"                    [_thread_blocked, id=36360, stack(0x000000f040500000,0x000000f040600000) (1024K)]
  0x00000244e7057bf0 JavaThread "jar transforms Thread 2"           [_thread_blocked, id=17892, stack(0x000000f040600000,0x000000f040700000) (1024K)]
  0x00000244e846c0a0 JavaThread "jar transforms Thread 3"           [_thread_blocked, id=32272, stack(0x000000f040700000,0x000000f040800000) (1024K)]
  0x00000244e846c7f0 JavaThread "Cache worker for checksums cache (D:\NextJs projects\wb-3d-tour\android\.gradle\8.11.1\checksums)"        [_thread_blocked, id=33840, stack(0x000000f03e300000,0x000000f03e400000) (1024K)]
  0x00000244e846d690 JavaThread "Cache worker for cache directory md-rule (C:\Users\Prattay\.gradle\caches\8.11.1\md-rule)"        [_thread_blocked, id=23248, stack(0x000000f040800000,0x000000f040900000) (1024K)]
  0x00000244e846dde0 JavaThread "Cache worker for cache directory md-supplier (C:\Users\Prattay\.gradle\caches\8.11.1\md-supplier)"        [_thread_blocked, id=29540, stack(0x000000f040900000,0x000000f040a00000) (1024K)]
  0x00000244e846e530 JavaThread "jar transforms Thread 4"           [_thread_blocked, id=29436, stack(0x000000f040a00000,0x000000f040b00000) (1024K)]
  0x00000244e846cf40 JavaThread "jar transforms Thread 5"           [_thread_blocked, id=31064, stack(0x000000f040b00000,0x000000f040c00000) (1024K)]
  0x00000244e846ec80 JavaThread "jar transforms Thread 6"           [_thread_blocked, id=13072, stack(0x000000f040c00000,0x000000f040d00000) (1024K)]
  0x00000244e846b950 JavaThread "jar transforms Thread 7"           [_thread_blocked, id=9368, stack(0x000000f040d00000,0x000000f040e00000) (1024K)]
  0x00000244e846fb20 JavaThread "jar transforms Thread 8"           [_thread_blocked, id=20280, stack(0x000000f040e00000,0x000000f040f00000) (1024K)]
  0x00000244e84709c0 JavaThread "jar transforms Thread 9"           [_thread_blocked, id=19872, stack(0x000000f040f00000,0x000000f041000000) (1024K)]
  0x00000244e8470270 JavaThread "jar transforms Thread 10"          [_thread_blocked, id=39968, stack(0x000000f041000000,0x000000f041100000) (1024K)]
  0x00000244e8471fb0 JavaThread "jar transforms Thread 11"          [_thread_blocked, id=40404, stack(0x000000f041100000,0x000000f041200000) (1024K)]
  0x00000244e8472700 JavaThread "jar transforms Thread 12"          [_thread_blocked, id=13968, stack(0x000000f041200000,0x000000f041300000) (1024K)]
  0x00000244e8471110 JavaThread "jar transforms Thread 13"          [_thread_blocked, id=19976, stack(0x000000f041300000,0x000000f041400000) (1024K)]
  0x00000244e8471860 JavaThread "jar transforms Thread 14"          [_thread_blocked, id=41772, stack(0x000000f041400000,0x000000f041500000) (1024K)]
  0x00000244e8c258e0 JavaThread "Unconstrained build operations"        [_thread_blocked, id=18248, stack(0x000000f041500000,0x000000f041600000) (1024K)]
  0x00000244e8c26030 JavaThread "Unconstrained build operations Thread 2"        [_thread_blocked, id=34324, stack(0x000000f041600000,0x000000f041700000) (1024K)]
  0x00000244e8c26780 JavaThread "Unconstrained build operations Thread 3"        [_thread_blocked, id=30128, stack(0x000000f041700000,0x000000f041800000) (1024K)]
  0x00000244e8c26ed0 JavaThread "Unconstrained build operations Thread 4"        [_thread_blocked, id=27524, stack(0x000000f041800000,0x000000f041900000) (1024K)]
  0x00000244e8c27620 JavaThread "Unconstrained build operations Thread 5"        [_thread_blocked, id=39636, stack(0x000000f041900000,0x000000f041a00000) (1024K)]
  0x00000244e8c27d70 JavaThread "Unconstrained build operations Thread 6"        [_thread_blocked, id=10772, stack(0x000000f041a00000,0x000000f041b00000) (1024K)]
  0x00000244e8c284c0 JavaThread "Unconstrained build operations Thread 7"        [_thread_blocked, id=20644, stack(0x000000f041b00000,0x000000f041c00000) (1024K)]
  0x00000244e8c28c10 JavaThread "Unconstrained build operations Thread 8"        [_thread_blocked, id=41792, stack(0x000000f041c00000,0x000000f041d00000) (1024K)]
  0x00000244e938e500 JavaThread "Unconstrained build operations Thread 9"        [_thread_blocked, id=36436, stack(0x000000f041d00000,0x000000f041e00000) (1024K)]
  0x00000244e938faf0 JavaThread "Unconstrained build operations Thread 10"        [_thread_blocked, id=41580, stack(0x000000f041e00000,0x000000f041f00000) (1024K)]
  0x00000244e93910e0 JavaThread "Unconstrained build operations Thread 11"        [_thread_blocked, id=26324, stack(0x000000f041f00000,0x000000f042000000) (1024K)]
  0x00000244e938ec50 JavaThread "Unconstrained build operations Thread 12"        [_thread_blocked, id=18052, stack(0x000000f042000000,0x000000f042100000) (1024K)]
  0x00000244e9391830 JavaThread "Unconstrained build operations Thread 13"        [_thread_blocked, id=9716, stack(0x000000f042100000,0x000000f042200000) (1024K)]
  0x00000244e938f3a0 JavaThread "Unconstrained build operations Thread 14"        [_thread_blocked, id=38584, stack(0x000000f042200000,0x000000f042300000) (1024K)]
  0x00000244e9391f80 JavaThread "Unconstrained build operations Thread 15"        [_thread_blocked, id=18068, stack(0x000000f042300000,0x000000f042400000) (1024K)]
  0x00000244e9392e20 JavaThread "Unconstrained build operations Thread 16"        [_thread_blocked, id=34488, stack(0x000000f042400000,0x000000f042500000) (1024K)]
  0x00000244e93926d0 JavaThread "Unconstrained build operations Thread 17"        [_thread_blocked, id=44724, stack(0x000000f042500000,0x000000f042600000) (1024K)]
  0x00000244e9390990 JavaThread "Unconstrained build operations Thread 18"        [_thread_blocked, id=23772, stack(0x000000f042600000,0x000000f042700000) (1024K)]
  0x00000244e9393570 JavaThread "Unconstrained build operations Thread 19"        [_thread_blocked, id=15272, stack(0x000000f042700000,0x000000f042800000) (1024K)]
  0x00000244e9390240 JavaThread "Unconstrained build operations Thread 20"        [_thread_blocked, id=19344, stack(0x000000f042800000,0x000000f042900000) (1024K)]
  0x00000244e9393cc0 JavaThread "Unconstrained build operations Thread 21"        [_thread_blocked, id=30504, stack(0x000000f042900000,0x000000f042a00000) (1024K)]
  0x00000244e9394b60 JavaThread "Unconstrained build operations Thread 22"        [_thread_blocked, id=40560, stack(0x000000f042a00000,0x000000f042b00000) (1024K)]
  0x00000244e93952b0 JavaThread "Unconstrained build operations Thread 23"        [_thread_blocked, id=30712, stack(0x000000f042b00000,0x000000f042c00000) (1024K)]
  0x00000244e9395a00 JavaThread "Unconstrained build operations Thread 24"        [_thread_blocked, id=37320, stack(0x000000f042c00000,0x000000f042d00000) (1024K)]
  0x00000244e9394410 JavaThread "Unconstrained build operations Thread 25"        [_thread_blocked, id=21176, stack(0x000000f042d00000,0x000000f042e00000) (1024K)]
  0x00000244e8b15cc0 JavaThread "Unconstrained build operations Thread 26"        [_thread_blocked, id=21960, stack(0x000000f042e00000,0x000000f042f00000) (1024K)]
  0x00000244e8b16410 JavaThread "Unconstrained build operations Thread 27"        [_thread_blocked, id=39740, stack(0x000000f042f00000,0x000000f043000000) (1024K)]
  0x00000244e8b146d0 JavaThread "Unconstrained build operations Thread 28"        [_thread_blocked, id=25724, stack(0x000000f043000000,0x000000f043100000) (1024K)]
  0x00000244e8b14e20 JavaThread "Unconstrained build operations Thread 29"        [_thread_blocked, id=12636, stack(0x000000f043100000,0x000000f043200000) (1024K)]
  0x00000244e8b16b60 JavaThread "Unconstrained build operations Thread 30"        [_thread_blocked, id=25628, stack(0x000000f043200000,0x000000f043300000) (1024K)]
  0x00000244e8b172b0 JavaThread "Unconstrained build operations Thread 31"        [_thread_blocked, id=12612, stack(0x000000f043300000,0x000000f043400000) (1024K)]
  0x00000244e8b13f80 JavaThread "Unconstrained build operations Thread 32"        [_thread_blocked, id=40272, stack(0x000000f043400000,0x000000f043500000) (1024K)]
  0x00000244e8b188a0 JavaThread "Unconstrained build operations Thread 33"        [_thread_blocked, id=33996, stack(0x000000f043500000,0x000000f043600000) (1024K)]
  0x00000244e8b18150 JavaThread "Unconstrained build operations Thread 34"        [_thread_blocked, id=31876, stack(0x000000f043600000,0x000000f043700000) (1024K)]
  0x00000244e8b15570 JavaThread "Unconstrained build operations Thread 35"        [_thread_blocked, id=16120, stack(0x000000f043700000,0x000000f043800000) (1024K)]
  0x00000244e8b18ff0 JavaThread "Unconstrained build operations Thread 36"        [_thread_blocked, id=39024, stack(0x000000f043800000,0x000000f043900000) (1024K)]
  0x00000244e8b19740 JavaThread "Unconstrained build operations Thread 37"        [_thread_blocked, id=36148, stack(0x000000f043900000,0x000000f043a00000) (1024K)]
  0x00000244e8b19e90 JavaThread "Unconstrained build operations Thread 38"        [_thread_blocked, id=36844, stack(0x000000f043a00000,0x000000f043b00000) (1024K)]
  0x00000244e8b1a5e0 JavaThread "Unconstrained build operations Thread 39"        [_thread_blocked, id=21572, stack(0x000000f043b00000,0x000000f043c00000) (1024K)]
  0x00000244e8b1ad30 JavaThread "Unconstrained build operations Thread 40"        [_thread_blocked, id=34212, stack(0x000000f043c00000,0x000000f043d00000) (1024K)]
  0x00000244e8b17a00 JavaThread "Unconstrained build operations Thread 41"        [_thread_blocked, id=26452, stack(0x000000f043d00000,0x000000f043e00000) (1024K)]
  0x00000244e8b1b480 JavaThread "Unconstrained build operations Thread 42"        [_thread_blocked, id=24916, stack(0x000000f043e00000,0x000000f043f00000) (1024K)]
  0x00000244c1637480 JavaThread "Unconstrained build operations Thread 43"        [_thread_blocked, id=37604, stack(0x000000f043f00000,0x000000f044000000) (1024K)]
  0x00000244c1635740 JavaThread "Unconstrained build operations Thread 44"        [_thread_blocked, id=33040, stack(0x000000f044000000,0x000000f044100000) (1024K)]
  0x00000244c1635e90 JavaThread "Unconstrained build operations Thread 45"        [_thread_blocked, id=5052, stack(0x000000f044100000,0x000000f044200000) (1024K)]
  0x00000244c1637bd0 JavaThread "jar transforms Thread 15"          [_thread_blocked, id=43444, stack(0x000000f044200000,0x000000f044300000) (1024K)]
  0x00000244c1638320 JavaThread "jar transforms Thread 16"          [_thread_blocked, id=15556, stack(0x000000f044300000,0x000000f044400000) (1024K)]
  0x00000244c16391c0 JavaThread "Memory manager"                    [_thread_blocked, id=29920, stack(0x000000f03e200000,0x000000f03e300000) (1024K)]
  0x00000244e94824c0 JavaThread "C2 CompilerThread1"         daemon [_thread_in_native, id=17648, stack(0x000000f03dd00000,0x000000f03de00000) (1024K)]
  0x00000244e947fef0 JavaThread "C2 CompilerThread2"         daemon [_thread_blocked, id=3688, stack(0x000000f03e100000,0x000000f03e200000) (1024K)]
Total: 97

Other Threads:
  0x00000244e1750030 VMThread "VM Thread"                           [id=30220, stack(0x000000f03d300000,0x000000f03d400000) (1024K)]
  0x00000244e169cda0 WatcherThread "VM Periodic Task Thread"        [id=25396, stack(0x000000f03d200000,0x000000f03d300000) (1024K)]
  0x00000244c473a930 WorkerThread "GC Thread#0"                     [id=23960, stack(0x000000f03cd00000,0x000000f03ce00000) (1024K)]
  0x00000244e6542bb0 WorkerThread "GC Thread#1"                     [id=35088, stack(0x000000f03e600000,0x000000f03e700000) (1024K)]
  0x00000244e6543770 WorkerThread "GC Thread#2"                     [id=29716, stack(0x000000f03e700000,0x000000f03e800000) (1024K)]
  0x00000244e6543f20 WorkerThread "GC Thread#3"                     [id=27772, stack(0x000000f03e800000,0x000000f03e900000) (1024K)]
  0x00000244e6651310 WorkerThread "GC Thread#4"                     [id=34736, stack(0x000000f03e900000,0x000000f03ea00000) (1024K)]
  0x00000244e653dd30 WorkerThread "GC Thread#5"                     [id=25324, stack(0x000000f03ea00000,0x000000f03eb00000) (1024K)]
  0x00000244e653cac0 WorkerThread "GC Thread#6"                     [id=17632, stack(0x000000f03f600000,0x000000f03f700000) (1024K)]
  0x00000244e653d220 WorkerThread "GC Thread#7"                     [id=33560, stack(0x000000f03f700000,0x000000f03f800000) (1024K)]
  0x00000244e653d980 WorkerThread "GC Thread#8"                     [id=38356, stack(0x000000f03f800000,0x000000f03f900000) (1024K)]
  0x00000244e791b3f0 WorkerThread "GC Thread#9"                     [id=40392, stack(0x000000f03f900000,0x000000f03fa00000) (1024K)]
  0x00000244e791ca10 WorkerThread "GC Thread#10"                    [id=37296, stack(0x000000f03fa00000,0x000000f03fb00000) (1024K)]
  0x00000244e791cdc0 WorkerThread "GC Thread#11"                    [id=16400, stack(0x000000f03fb00000,0x000000f03fc00000) (1024K)]
  0x00000244e791bb50 WorkerThread "GC Thread#12"                    [id=29188, stack(0x000000f03fc00000,0x000000f03fd00000) (1024K)]
  0x00000244c474b8a0 ConcurrentGCThread "G1 Main Marker"            [id=26952, stack(0x000000f03ce00000,0x000000f03cf00000) (1024K)]
  0x00000244c474d1b0 WorkerThread "G1 Conc#0"                       [id=12976, stack(0x000000f03cf00000,0x000000f03d000000) (1024K)]
  0x00000244e791d170 WorkerThread "G1 Conc#1"                       [id=39308, stack(0x000000f03ff00000,0x000000f040000000) (1024K)]
  0x00000244e791c660 WorkerThread "G1 Conc#2"                       [id=22132, stack(0x000000f040000000,0x000000f040100000) (1024K)]
  0x00000244c479e830 ConcurrentGCThread "G1 Refine#0"               [id=34728, stack(0x000000f03d000000,0x000000f03d100000) (1024K)]
  0x00000244e1689af0 ConcurrentGCThread "G1 Service"                [id=27180, stack(0x000000f03d100000,0x000000f03d200000) (1024K)]
Total: 21

Threads with active compile tasks:
C2 CompilerThread0  12684 10959       4       java.util.HashMap::putIfAbsent (13 bytes)
C2 CompilerThread1  12684 10968       4       org.objectweb.asm.SymbolTable::addConstant (314 bytes)
Total: 2

VM state: not at safepoint (normal execution)

VM Mutex/Monitor currently owned by a thread: None

Heap address: 0x00000000a0000000, size: 1536 MB, Compressed Oops mode: 32-bit

CDS archive(s) mapped at: [0x0000024480000000-0x0000024480d40000-0x0000024480d40000), size 13893632, SharedBaseAddress: 0x0000024480000000, ArchiveRelocationMode: 1.
Compressed class space mapped at: 0x0000024481000000-0x00000244c1000000, reserved size: 1073741824
UseCompressedClassPointers 1, UseCompactObjectHeaders 0
Narrow klass pointer bits 32, Max shift 3
Narrow klass base: 0x0000024480000000, Narrow klass shift: 0
Encoding Range: [0x0000024480000000 - 0x0000024580000000), (4294967296 bytes)
Klass Range:    [0x0000024480000000 - 0x00000244c1000000), (1090519040 bytes)
Klass ID Range:  [8 - 1090519033) (1090519025)

GC Precious Log:
 CardTable entry size: 512
 Card Set container configuration: InlinePtr #cards 5 size 8 Array Of Cards #cards 10 size 36 Howl #buckets 4 coarsen threshold 1843 Howl Bitmap #cards 512 size 80 coarsen threshold 460 Card regions per heap region 1 cards per card region 2048
 CPUs: 16 total, 16 available
 Memory: 16068M
 Large Page Support: Disabled
 NUMA Support: Disabled
 Compressed Oops: Enabled (32-bit)
 Heap Region Size: 1M
 Heap Min Capacity: 8M
 Heap Initial Capacity: 252M
 Heap Max Capacity: 1536M
 Pre-touch: Disabled
 Parallel Workers: 13
 Concurrent Workers: 3
 Concurrent Refinement Workers: 13
 Periodic GC: Disabled

Heap:
 garbage-first heap   total reserved 1572864K, committed 140288K, used 97744K [0x00000000a0000000, 0x0000000100000000)
  region size 1024K, 20 young (20480K), 4 survivors (4096K)
 Metaspace       used 76445K, committed 78464K, reserved 1179648K
  class space    used 8455K, committed 9408K, reserved 1048576K

Heap Regions: E=young(eden), S=young(survivor), O=old, HS=humongous(starts), HC=humongous(continues), CS=collection set, F=free, TAMS=top-at-mark-start, PB=parsable bottom
|   0|0x00000000a0000000, 0x00000000a0100000, 0x00000000a0100000|100%|HS|  |TAMS 0x00000000a0000000| PB 0x00000000a0000000| Complete |  0
|   1|0x00000000a0100000, 0x00000000a0200000, 0x00000000a0200000|100%|HC|  |TAMS 0x00000000a0100000| PB 0x00000000a0100000| Complete |  0
|   2|0x00000000a0200000, 0x00000000a0300000, 0x00000000a0300000|100%|HC|  |TAMS 0x00000000a0200000| PB 0x00000000a0200000| Complete |  0
|   3|0x00000000a0300000, 0x00000000a0400000, 0x00000000a0400000|100%| O|  |TAMS 0x00000000a0300000| PB 0x00000000a0300000| Untracked |  0
|   4|0x00000000a0400000, 0x00000000a0500000, 0x00000000a0500000|100%|HS|  |TAMS 0x00000000a0400000| PB 0x00000000a0400000| Complete |  0
|   5|0x00000000a0500000, 0x00000000a0600000, 0x00000000a0600000|100%| O|  |TAMS 0x00000000a0500000| PB 0x00000000a0500000| Untracked |  0
|   6|0x00000000a0600000, 0x00000000a0700000, 0x00000000a0700000|100%| O|  |TAMS 0x00000000a0600000| PB 0x00000000a0600000| Untracked |  0
|   7|0x00000000a0700000, 0x00000000a0800000, 0x00000000a0800000|100%| O|  |TAMS 0x00000000a0700000| PB 0x00000000a0700000| Untracked |  0
|   8|0x00000000a0800000, 0x00000000a0900000, 0x00000000a0900000|100%| O|  |TAMS 0x00000000a0800000| PB 0x00000000a0800000| Untracked |  0
|   9|0x00000000a0900000, 0x00000000a0a00000, 0x00000000a0a00000|100%| O|  |TAMS 0x00000000a0900000| PB 0x00000000a0900000| Untracked |  0
|  10|0x00000000a0a00000, 0x00000000a0b00000, 0x00000000a0b00000|100%| O|  |TAMS 0x00000000a0a00000| PB 0x00000000a0a00000| Untracked |  0
|  11|0x00000000a0b00000, 0x00000000a0bf67e0, 0x00000000a0c00000| 96%| O|  |TAMS 0x00000000a0b00000| PB 0x00000000a0b00000| Untracked |  0
|  12|0x00000000a0c00000, 0x00000000a0d00000, 0x00000000a0d00000|100%| O|  |TAMS 0x00000000a0c00000| PB 0x00000000a0c00000| Untracked |  0
|  13|0x00000000a0d00000, 0x00000000a0e00000, 0x00000000a0e00000|100%| O|  |TAMS 0x00000000a0d00000| PB 0x00000000a0d00000| Untracked |  0
|  14|0x00000000a0e00000, 0x00000000a0f00000, 0x00000000a0f00000|100%| O|  |TAMS 0x00000000a0e00000| PB 0x00000000a0e00000| Untracked |  0
|  15|0x00000000a0f00000, 0x00000000a1000000, 0x00000000a1000000|100%| O|  |TAMS 0x00000000a0f00000| PB 0x00000000a0f00000| Untracked |  0
|  16|0x00000000a1000000, 0x00000000a1100000, 0x00000000a1100000|100%| O|  |TAMS 0x00000000a1000000| PB 0x00000000a1000000| Untracked |  0
|  17|0x00000000a1100000, 0x00000000a1200000, 0x00000000a1200000|100%| O|  |TAMS 0x00000000a1100000| PB 0x00000000a1100000| Untracked |  0
|  18|0x00000000a1200000, 0x00000000a1300000, 0x00000000a1300000|100%| O|  |TAMS 0x00000000a1200000| PB 0x00000000a1200000| Untracked |  0
|  19|0x00000000a1300000, 0x00000000a1400000, 0x00000000a1400000|100%| O|  |TAMS 0x00000000a1300000| PB 0x00000000a1300000| Untracked |  0
|  20|0x00000000a1400000, 0x00000000a1500000, 0x00000000a1500000|100%| O|  |TAMS 0x00000000a1400000| PB 0x00000000a1400000| Untracked |  0
|  21|0x00000000a1500000, 0x00000000a1600000, 0x00000000a1600000|100%| O|  |TAMS 0x00000000a1500000| PB 0x00000000a1500000| Untracked |  0
|  22|0x00000000a1600000, 0x00000000a1700000, 0x00000000a1700000|100%| O|  |TAMS 0x00000000a1600000| PB 0x00000000a1600000| Untracked |  0
|  23|0x00000000a1700000, 0x00000000a1800000, 0x00000000a1800000|100%| O|  |TAMS 0x00000000a1700000| PB 0x00000000a1700000| Untracked |  0
|  24|0x00000000a1800000, 0x00000000a1900000, 0x00000000a1900000|100%| O|  |TAMS 0x00000000a1800000| PB 0x00000000a1800000| Untracked |  0
|  25|0x00000000a1900000, 0x00000000a1a00000, 0x00000000a1a00000|100%| O|  |TAMS 0x00000000a1900000| PB 0x00000000a1900000| Untracked |  0
|  26|0x00000000a1a00000, 0x00000000a1b00000, 0x00000000a1b00000|100%| O|  |TAMS 0x00000000a1a00000| PB 0x00000000a1a00000| Untracked |  0
|  27|0x00000000a1b00000, 0x00000000a1c00000, 0x00000000a1c00000|100%| O|  |TAMS 0x00000000a1b00000| PB 0x00000000a1b00000| Untracked |  0
|  28|0x00000000a1c00000, 0x00000000a1d00000, 0x00000000a1d00000|100%| O|Cm|TAMS 0x00000000a1c00000| PB 0x00000000a1c00000| Complete |  0
|  29|0x00000000a1d00000, 0x00000000a1e00000, 0x00000000a1e00000|100%| O|  |TAMS 0x00000000a1d00000| PB 0x00000000a1d00000| Untracked |  0
|  30|0x00000000a1e00000, 0x00000000a1f00000, 0x00000000a1f00000|100%| O|  |TAMS 0x00000000a1e00000| PB 0x00000000a1e00000| Untracked |  0
|  31|0x00000000a1f00000, 0x00000000a2000000, 0x00000000a2000000|100%| O|  |TAMS 0x00000000a1f00000| PB 0x00000000a1f00000| Untracked |  0
|  32|0x00000000a2000000, 0x00000000a2100000, 0x00000000a2100000|100%| O|  |TAMS 0x00000000a2000000| PB 0x00000000a2000000| Untracked |  0
|  33|0x00000000a2100000, 0x00000000a2200000, 0x00000000a2200000|100%| O|  |TAMS 0x00000000a2100000| PB 0x00000000a2100000| Untracked |  0
|  34|0x00000000a2200000, 0x00000000a2300000, 0x00000000a2300000|100%| O|  |TAMS 0x00000000a2200000| PB 0x00000000a2200000| Untracked |  0
|  35|0x00000000a2300000, 0x00000000a2400000, 0x00000000a2400000|100%| O|  |TAMS 0x00000000a2300000| PB 0x00000000a2300000| Untracked |  0
|  36|0x00000000a2400000, 0x00000000a2500000, 0x00000000a2500000|100%| O|  |TAMS 0x00000000a2400000| PB 0x00000000a2400000| Untracked |  0
|  37|0x00000000a2500000, 0x00000000a2600000, 0x00000000a2600000|100%| O|  |TAMS 0x00000000a2500000| PB 0x00000000a2500000| Untracked |  0
|  38|0x00000000a2600000, 0x00000000a2700000, 0x00000000a2700000|100%|HS|  |TAMS 0x00000000a2600000| PB 0x00000000a2600000| Complete |  0
|  39|0x00000000a2700000, 0x00000000a2800000, 0x00000000a2800000|100%|HS|  |TAMS 0x00000000a2700000| PB 0x00000000a2700000| Complete |  0
|  40|0x00000000a2800000, 0x00000000a2900000, 0x00000000a2900000|100%|HS|  |TAMS 0x00000000a2800000| PB 0x00000000a2800000| Complete |  0
|  41|0x00000000a2900000, 0x00000000a2a00000, 0x00000000a2a00000|100%|HS|  |TAMS 0x00000000a2900000| PB 0x00000000a2900000| Complete |  0
|  42|0x00000000a2a00000, 0x00000000a2b00000, 0x00000000a2b00000|100%| O|  |TAMS 0x00000000a2a00000| PB 0x00000000a2a00000| Untracked |  0
|  43|0x00000000a2b00000, 0x00000000a2c00000, 0x00000000a2c00000|100%|HS|  |TAMS 0x00000000a2b00000| PB 0x00000000a2b00000| Complete |  0
|  44|0x00000000a2c00000, 0x00000000a2d00000, 0x00000000a2d00000|100%|HS|  |TAMS 0x00000000a2c00000| PB 0x00000000a2c00000| Complete |  0
|  45|0x00000000a2d00000, 0x00000000a2e00000, 0x00000000a2e00000|100%| O|  |TAMS 0x00000000a2d00000| PB 0x00000000a2d00000| Untracked |  0
|  46|0x00000000a2e00000, 0x00000000a2f00000, 0x00000000a2f00000|100%| O|  |TAMS 0x00000000a2e00000| PB 0x00000000a2e00000| Untracked |  0
|  47|0x00000000a2f00000, 0x00000000a3000000, 0x00000000a3000000|100%|HS|  |TAMS 0x00000000a2f00000| PB 0x00000000a2f00000| Complete |  0
|  48|0x00000000a3000000, 0x00000000a3100000, 0x00000000a3100000|100%| O|  |TAMS 0x00000000a3000000| PB 0x00000000a3000000| Untracked |  0
|  49|0x00000000a3100000, 0x00000000a3200000, 0x00000000a3200000|100%| O|  |TAMS 0x00000000a3100000| PB 0x00000000a3100000| Untracked |  0
|  50|0x00000000a3200000, 0x00000000a3300000, 0x00000000a3300000|100%| O|  |TAMS 0x00000000a3200000| PB 0x00000000a3200000| Untracked |  0
|  51|0x00000000a3300000, 0x00000000a3400000, 0x00000000a3400000|100%| O|  |TAMS 0x00000000a3300000| PB 0x00000000a3300000| Untracked |  0
|  52|0x00000000a3400000, 0x00000000a3500000, 0x00000000a3500000|100%| O|  |TAMS 0x00000000a3400000| PB 0x00000000a3400000| Untracked |  0
|  53|0x00000000a3500000, 0x00000000a3600000, 0x00000000a3600000|100%| O|  |TAMS 0x00000000a3500000| PB 0x00000000a3500000| Untracked |  0
|  54|0x00000000a3600000, 0x00000000a3700000, 0x00000000a3700000|100%| O|  |TAMS 0x00000000a3600000| PB 0x00000000a3600000| Untracked |  0
|  55|0x00000000a3700000, 0x00000000a3800000, 0x00000000a3800000|100%| O|Cm|TAMS 0x00000000a3700000| PB 0x00000000a3700000| Complete |  0
|  56|0x00000000a3800000, 0x00000000a3900000, 0x00000000a3900000|100%| O|  |TAMS 0x00000000a3800000| PB 0x00000000a3800000| Untracked |  0
|  57|0x00000000a3900000, 0x00000000a3a00000, 0x00000000a3a00000|100%| O|  |TAMS 0x00000000a3900000| PB 0x00000000a3900000| Untracked |  0
|  58|0x00000000a3a00000, 0x00000000a3b00000, 0x00000000a3b00000|100%| O|  |TAMS 0x00000000a3a00000| PB 0x00000000a3a00000| Untracked |  0
|  59|0x00000000a3b00000, 0x00000000a3c00000, 0x00000000a3c00000|100%| O|  |TAMS 0x00000000a3b00000| PB 0x00000000a3b00000| Untracked |  0
|  60|0x00000000a3c00000, 0x00000000a3d00000, 0x00000000a3d00000|100%| O|  |TAMS 0x00000000a3c00000| PB 0x00000000a3c00000| Untracked |  0
|  61|0x00000000a3d00000, 0x00000000a3e00000, 0x00000000a3e00000|100%| O|  |TAMS 0x00000000a3d00000| PB 0x00000000a3d00000| Untracked |  0
|  62|0x00000000a3e00000, 0x00000000a3f00000, 0x00000000a3f00000|100%| O|  |TAMS 0x00000000a3e00000| PB 0x00000000a3e00000| Untracked |  0
|  63|0x00000000a3f00000, 0x00000000a3fdf860, 0x00000000a4000000| 87%| O|  |TAMS 0x00000000a3f00000| PB 0x00000000a3f00000| Untracked |  0
|  64|0x00000000a4000000, 0x00000000a4000000, 0x00000000a4100000|  0%| F|  |TAMS 0x00000000a4000000| PB 0x00000000a4000000| Untracked |  0
|  65|0x00000000a4100000, 0x00000000a4100000, 0x00000000a4200000|  0%| F|  |TAMS 0x00000000a4100000| PB 0x00000000a4100000| Untracked |  0
|  66|0x00000000a4200000, 0x00000000a4200000, 0x00000000a4300000|  0%| F|  |TAMS 0x00000000a4200000| PB 0x00000000a4200000| Untracked |  0
|  67|0x00000000a4300000, 0x00000000a4300000, 0x00000000a4400000|  0%| F|  |TAMS 0x00000000a4300000| PB 0x00000000a4300000| Untracked |  0
|  68|0x00000000a4400000, 0x00000000a4400000, 0x00000000a4500000|  0%| F|  |TAMS 0x00000000a4400000| PB 0x00000000a4400000| Untracked |  0
|  69|0x00000000a4500000, 0x00000000a4500000, 0x00000000a4600000|  0%| F|  |TAMS 0x00000000a4500000| PB 0x00000000a4500000| Untracked |  0
|  70|0x00000000a4600000, 0x00000000a4600000, 0x00000000a4700000|  0%| F|  |TAMS 0x00000000a4600000| PB 0x00000000a4600000| Untracked |  0
|  71|0x00000000a4700000, 0x00000000a4700000, 0x00000000a4800000|  0%| F|  |TAMS 0x00000000a4700000| PB 0x00000000a4700000| Untracked |  0
|  72|0x00000000a4800000, 0x00000000a4800000, 0x00000000a4900000|  0%| F|  |TAMS 0x00000000a4800000| PB 0x00000000a4800000| Untracked |  0
|  73|0x00000000a4900000, 0x00000000a499e078, 0x00000000a4a00000| 61%| S|CS|TAMS 0x00000000a4900000| PB 0x00000000a4900000| Complete |  0
|  74|0x00000000a4a00000, 0x00000000a4b00000, 0x00000000a4b00000|100%| S|CS|TAMS 0x00000000a4a00000| PB 0x00000000a4a00000| Complete |  0
|  75|0x00000000a4b00000, 0x00000000a4c00000, 0x00000000a4c00000|100%| S|CS|TAMS 0x00000000a4b00000| PB 0x00000000a4b00000| Complete |  0
|  76|0x00000000a4c00000, 0x00000000a4d00000, 0x00000000a4d00000|100%| S|CS|TAMS 0x00000000a4c00000| PB 0x00000000a4c00000| Complete |  0
|  77|0x00000000a4d00000, 0x00000000a4d00000, 0x00000000a4e00000|  0%| F|  |TAMS 0x00000000a4d00000| PB 0x00000000a4d00000| Untracked |  0
|  78|0x00000000a4e00000, 0x00000000a4e00000, 0x00000000a4f00000|  0%| F|  |TAMS 0x00000000a4e00000| PB 0x00000000a4e00000| Untracked |  0
|  79|0x00000000a4f00000, 0x00000000a4f00000, 0x00000000a5000000|  0%| F|  |TAMS 0x00000000a4f00000| PB 0x00000000a4f00000| Untracked |  0
|  80|0x00000000a5000000, 0x00000000a5000000, 0x00000000a5100000|  0%| F|  |TAMS 0x00000000a5000000| PB 0x00000000a5000000| Untracked |  0
|  81|0x00000000a5100000, 0x00000000a5100000, 0x00000000a5200000|  0%| F|  |TAMS 0x00000000a5100000| PB 0x00000000a5100000| Untracked |  0
|  82|0x00000000a5200000, 0x00000000a5200000, 0x00000000a5300000|  0%| F|  |TAMS 0x00000000a5200000| PB 0x00000000a5200000| Untracked |  0
|  83|0x00000000a5300000, 0x00000000a5300000, 0x00000000a5400000|  0%| F|  |TAMS 0x00000000a5300000| PB 0x00000000a5300000| Untracked |  0
|  84|0x00000000a5400000, 0x00000000a5400000, 0x00000000a5500000|  0%| F|  |TAMS 0x00000000a5400000| PB 0x00000000a5400000| Untracked |  0
|  85|0x00000000a5500000, 0x00000000a5500000, 0x00000000a5600000|  0%| F|  |TAMS 0x00000000a5500000| PB 0x00000000a5500000| Untracked |  0
|  86|0x00000000a5600000, 0x00000000a5600000, 0x00000000a5700000|  0%| F|  |TAMS 0x00000000a5600000| PB 0x00000000a5600000| Untracked |  0
|  87|0x00000000a5700000, 0x00000000a5700000, 0x00000000a5800000|  0%| F|  |TAMS 0x00000000a5700000| PB 0x00000000a5700000| Untracked |  0
|  88|0x00000000a5800000, 0x00000000a5800000, 0x00000000a5900000|  0%| F|  |TAMS 0x00000000a5800000| PB 0x00000000a5800000| Untracked |  0
|  89|0x00000000a5900000, 0x00000000a5900000, 0x00000000a5a00000|  0%| F|  |TAMS 0x00000000a5900000| PB 0x00000000a5900000| Untracked |  0
|  90|0x00000000a5a00000, 0x00000000a5a00000, 0x00000000a5b00000|  0%| F|  |TAMS 0x00000000a5a00000| PB 0x00000000a5a00000| Untracked |  0
|  91|0x00000000a5b00000, 0x00000000a5b00000, 0x00000000a5c00000|  0%| F|  |TAMS 0x00000000a5b00000| PB 0x00000000a5b00000| Untracked |  0
|  92|0x00000000a5c00000, 0x00000000a5c00000, 0x00000000a5d00000|  0%| F|  |TAMS 0x00000000a5c00000| PB 0x00000000a5c00000| Untracked |  0
|  93|0x00000000a5d00000, 0x00000000a5d00000, 0x00000000a5e00000|  0%| F|  |TAMS 0x00000000a5d00000| PB 0x00000000a5d00000| Untracked |  0
|  94|0x00000000a5e00000, 0x00000000a5e00000, 0x00000000a5f00000|  0%| F|  |TAMS 0x00000000a5e00000| PB 0x00000000a5e00000| Untracked |  0
|  95|0x00000000a5f00000, 0x00000000a5f00000, 0x00000000a6000000|  0%| F|  |TAMS 0x00000000a5f00000| PB 0x00000000a5f00000| Untracked |  0
|  96|0x00000000a6000000, 0x00000000a6000000, 0x00000000a6100000|  0%| F|  |TAMS 0x00000000a6000000| PB 0x00000000a6000000| Untracked |  0
|  97|0x00000000a6100000, 0x00000000a6100000, 0x00000000a6200000|  0%| F|  |TAMS 0x00000000a6100000| PB 0x00000000a6100000| Untracked |  0
|  98|0x00000000a6200000, 0x00000000a6200000, 0x00000000a6300000|  0%| F|  |TAMS 0x00000000a6200000| PB 0x00000000a6200000| Untracked |  0
|  99|0x00000000a6300000, 0x00000000a6300000, 0x00000000a6400000|  0%| F|  |TAMS 0x00000000a6300000| PB 0x00000000a6300000| Untracked |  0
| 100|0x00000000a6400000, 0x00000000a6400000, 0x00000000a6500000|  0%| F|  |TAMS 0x00000000a6400000| PB 0x00000000a6400000| Untracked |  0
| 101|0x00000000a6500000, 0x00000000a6500000, 0x00000000a6600000|  0%| F|  |TAMS 0x00000000a6500000| PB 0x00000000a6500000| Untracked |  0
| 102|0x00000000a6600000, 0x00000000a6600000, 0x00000000a6700000|  0%| F|  |TAMS 0x00000000a6600000| PB 0x00000000a6600000| Untracked |  0
| 103|0x00000000a6700000, 0x00000000a6700000, 0x00000000a6800000|  0%| F|  |TAMS 0x00000000a6700000| PB 0x00000000a6700000| Untracked |  0
| 104|0x00000000a6800000, 0x00000000a6800000, 0x00000000a6900000|  0%| F|  |TAMS 0x00000000a6800000| PB 0x00000000a6800000| Untracked |  0
| 105|0x00000000a6900000, 0x00000000a6900000, 0x00000000a6a00000|  0%| F|  |TAMS 0x00000000a6900000| PB 0x00000000a6900000| Untracked |  0
| 106|0x00000000a6a00000, 0x00000000a6a00000, 0x00000000a6b00000|  0%| F|  |TAMS 0x00000000a6a00000| PB 0x00000000a6a00000| Untracked |  0
| 107|0x00000000a6b00000, 0x00000000a6b80000, 0x00000000a6c00000| 50%| E|  |TAMS 0x00000000a6b00000| PB 0x00000000a6b00000| Complete |  0
| 198|0x00000000ac600000, 0x00000000ac700000, 0x00000000ac700000|100%| E|CS|TAMS 0x00000000ac600000| PB 0x00000000ac600000| Complete |  0
| 199|0x00000000ac700000, 0x00000000ac800000, 0x00000000ac800000|100%| E|CS|TAMS 0x00000000ac700000| PB 0x00000000ac700000| Complete |  0
| 200|0x00000000ac800000, 0x00000000ac900000, 0x00000000ac900000|100%| E|CS|TAMS 0x00000000ac800000| PB 0x00000000ac800000| Complete |  0
| 201|0x00000000ac900000, 0x00000000aca00000, 0x00000000aca00000|100%| E|CS|TAMS 0x00000000ac900000| PB 0x00000000ac900000| Complete |  0
| 202|0x00000000aca00000, 0x00000000acb00000, 0x00000000acb00000|100%| E|CS|TAMS 0x00000000aca00000| PB 0x00000000aca00000| Complete |  0
| 203|0x00000000acb00000, 0x00000000acc00000, 0x00000000acc00000|100%| E|CS|TAMS 0x00000000acb00000| PB 0x00000000acb00000| Complete |  0
| 204|0x00000000acc00000, 0x00000000acd00000, 0x00000000acd00000|100%| E|CS|TAMS 0x00000000acc00000| PB 0x00000000acc00000| Complete |  0
| 205|0x00000000acd00000, 0x00000000ace00000, 0x00000000ace00000|100%| E|CS|TAMS 0x00000000acd00000| PB 0x00000000acd00000| Complete |  0
| 206|0x00000000ace00000, 0x00000000acf00000, 0x00000000acf00000|100%| E|CS|TAMS 0x00000000ace00000| PB 0x00000000ace00000| Complete |  0
| 207|0x00000000acf00000, 0x00000000ad000000, 0x00000000ad000000|100%| E|CS|TAMS 0x00000000acf00000| PB 0x00000000acf00000| Complete |  0
| 208|0x00000000ad000000, 0x00000000ad100000, 0x00000000ad100000|100%| E|CS|TAMS 0x00000000ad000000| PB 0x00000000ad000000| Complete |  0
| 209|0x00000000ad100000, 0x00000000ad200000, 0x00000000ad200000|100%| E|CS|TAMS 0x00000000ad100000| PB 0x00000000ad100000| Complete |  0
| 251|0x00000000afb00000, 0x00000000afc00000, 0x00000000afc00000|100%| E|CS|TAMS 0x00000000afb00000| PB 0x00000000afb00000| Complete |  0
|1520|0x00000000ff000000, 0x00000000ff100000, 0x00000000ff100000|100%| E|CS|TAMS 0x00000000ff000000| PB 0x00000000ff000000| Complete |  0
|1521|0x00000000ff100000, 0x00000000ff200000, 0x00000000ff200000|100%| O|  |TAMS 0x00000000ff100000| PB 0x00000000ff100000| Untracked |  0
|1522|0x00000000ff200000, 0x00000000ff300000, 0x00000000ff300000|100%| O|  |TAMS 0x00000000ff200000| PB 0x00000000ff200000| Untracked |  0
|1523|0x00000000ff300000, 0x00000000ff400000, 0x00000000ff400000|100%| O|  |TAMS 0x00000000ff300000| PB 0x00000000ff300000| Untracked |  0
|1524|0x00000000ff400000, 0x00000000ff500000, 0x00000000ff500000|100%| O|  |TAMS 0x00000000ff400000| PB 0x00000000ff400000| Untracked |  0
|1525|0x00000000ff500000, 0x00000000ff600000, 0x00000000ff600000|100%| E|CS|TAMS 0x00000000ff500000| PB 0x00000000ff500000| Complete |  0
|1526|0x00000000ff600000, 0x00000000ff700000, 0x00000000ff700000|100%| O|  |TAMS 0x00000000ff600000| PB 0x00000000ff600000| Untracked |  0
|1527|0x00000000ff700000, 0x00000000ff800000, 0x00000000ff800000|100%| O|  |TAMS 0x00000000ff700000| PB 0x00000000ff700000| Untracked |  0
|1528|0x00000000ff800000, 0x00000000ff900000, 0x00000000ff900000|100%| O|  |TAMS 0x00000000ff800000| PB 0x00000000ff800000| Untracked |  0
|1529|0x00000000ff900000, 0x00000000ffa00000, 0x00000000ffa00000|100%| O|  |TAMS 0x00000000ff900000| PB 0x00000000ff900000| Untracked |  0
|1530|0x00000000ffa00000, 0x00000000ffb00000, 0x00000000ffb00000|100%| O|  |TAMS 0x00000000ffa00000| PB 0x00000000ffa00000| Untracked |  0
|1531|0x00000000ffb00000, 0x00000000ffc00000, 0x00000000ffc00000|100%| O|  |TAMS 0x00000000ffb00000| PB 0x00000000ffb00000| Untracked |  0
|1532|0x00000000ffc00000, 0x00000000ffd00000, 0x00000000ffd00000|100%| O|  |TAMS 0x00000000ffc00000| PB 0x00000000ffc00000| Untracked |  0
|1533|0x00000000ffd00000, 0x00000000ffe00000, 0x00000000ffe00000|100%| O|  |TAMS 0x00000000ffd00000| PB 0x00000000ffd00000| Untracked |  0
|1534|0x00000000ffe00000, 0x00000000fff00000, 0x00000000fff00000|100%| O|  |TAMS 0x00000000ffe00000| PB 0x00000000ffe00000| Untracked |  0
|1535|0x00000000fff00000, 0x0000000100000000, 0x0000000100000000|100%| E|CS|TAMS 0x00000000fff00000| PB 0x00000000fff00000| Complete |  0

Card table byte_map: [0x00000244dcc30000,0x00000244dcf30000] _byte_map_base: 0x00000244dc730000

Marking Bits: (CMBitMap*) 0x00000244c473af50
 Bits: [0x00000244dcf30000, 0x00000244de730000)

Polling page: 0x00000244c2570000

Metaspace:

Usage:
  Non-class:     66.42 MB used.
      Class:      8.26 MB used.
       Both:     74.68 MB used.

Virtual space:
  Non-class space:      128.00 MB reserved,      67.44 MB ( 53%) committed,  2 nodes.
      Class space:        1.00 GB reserved,       9.19 MB ( <1%) committed,  1 nodes.
             Both:        1.12 GB reserved,      76.62 MB (  7%) committed. 

Chunk freelists:
   Non-Class:  12.20 MB
       Class:  6.86 MB
        Both:  19.06 MB

MaxMetaspaceSize: unlimited
CompressedClassSpaceSize: 1.00 GB
Initial GC threshold: 21.00 MB
Current GC threshold: 119.69 MB
CDS: on
 - commit_granule_bytes: 65536.
 - commit_granule_words: 8192.
 - virtual_space_node_default_size: 8388608.
 - enlarge_chunks_in_place: 1.
UseCompressedClassPointers 1, UseCompactObjectHeaders 0
Narrow klass pointer bits 32, Max shift 3
Narrow klass base: 0x0000024480000000, Narrow klass shift: 0
Encoding Range: [0x0000024480000000 - 0x0000024580000000), (4294967296 bytes)
Klass Range:    [0x0000024480000000 - 0x00000244c1000000), (1090519040 bytes)
Klass ID Range:  [8 - 1090519033) (1090519025)


Internal statistics:

num_allocs_failed_limit: 9.
num_arena_births: 3426.
num_arena_deaths: 0.
num_vsnodes_births: 3.
num_vsnodes_deaths: 0.
num_space_committed: 1226.
num_space_uncommitted: 0.
num_chunks_returned_to_freelist: 9.
num_chunks_taken_from_freelist: 6724.
num_chunk_merges: 3.
num_chunk_splits: 4472.
num_chunks_enlarged: 2907.
num_inconsistent_stats: 0.

CodeHeap 'non-profiled nmethods': size=119232Kb used=4568Kb max_used=4568Kb free=114664Kb
 bounds [0x00000244d4b10000, 0x00000244d4f90000, 0x00000244dbf80000]
CodeHeap 'profiled nmethods': size=119104Kb used=14796Kb max_used=14796Kb free=104307Kb
 bounds [0x00000244ccf80000, 0x00000244cde00000, 0x00000244d43d0000]
CodeHeap 'non-nmethods': size=7424Kb used=3228Kb max_used=4467Kb free=4195Kb
 bounds [0x00000244d43d0000, 0x00000244d4850000, 0x00000244d4b10000]
CodeCache: size=245760Kb, used=22592Kb, max_used=23831Kb, free=223166Kb
 total_blobs=10396, nmethods=9443, adapters=855, full_count=0
Compilation: enabled, stopped_count=0, restarted_count=0

Compilation events (20 events):
Event: 11.357 Thread 0x00000244c1081100 10954       3       org.gradle.internal.instantiation.generator.ConstructorComparator::<init> (5 bytes)
Event: 11.357 Thread 0x00000244c1081100 nmethod 10954 0x00000244cddd9588 code [0x00000244cddd96a0, 0x00000244cddd9800]
Event: 11.357 Thread 0x00000244e178fbc0 nmethod 10948 0x00000244cddd9888 code [0x00000244cddd9be0, 0x00000244cdddb7a8]
Event: 11.357 Thread 0x00000244e6391400 nmethod 10952 0x00000244cdddb888 code [0x00000244cdddbac0, 0x00000244cdddcb98]
Event: 11.358 Thread 0x00000244c12ab330 nmethod 10953 0x00000244cdddcc08 code [0x00000244cdddd020, 0x00000244cdddf890]
Event: 11.359 Thread 0x00000244c12ab330 10955       3       org.gradle.internal.instantiation.generator.AsmBackedClassGenerator::start (68 bytes)
Event: 11.359 Thread 0x00000244e6391400 10956       3       org.gradle.internal.instantiation.generator.AsmBackedClassGenerator$ClassInspectionVisitorImpl::builder (248 bytes)
Event: 11.359 Thread 0x00000244c12ab330 nmethod 10955 0x00000244cdddfa08 code [0x00000244cdddfbc0, 0x00000244cdde06a0]
Event: 11.360 Thread 0x00000244e178fbc0 10957       3       org.gradle.internal.instantiation.generator.AbstractClassGenerator::access$1600 (6 bytes)
Event: 11.360 Thread 0x00000244c12ab330 10958       3       org.gradle.internal.instantiation.generator.AbstractClassGenerator::isRoleType (49 bytes)
Event: 11.360 Thread 0x00000244e178fbc0 nmethod 10957 0x00000244cdde0708 code [0x00000244cdde0820, 0x00000244cdde0940]
Event: 11.360 Thread 0x00000244e6391400 nmethod 10956 0x00000244cdde0a08 code [0x00000244cdde0c80, 0x00000244cdde1f30]
Event: 11.361 Thread 0x00000244c12ab330 nmethod 10958 0x00000244cdde1f88 code [0x00000244cdde2260, 0x00000244cdde3ab8]
Event: 11.362 Thread 0x00000244e1769db0 10959       4       java.util.HashMap::putIfAbsent (13 bytes)
Event: 11.364 Thread 0x00000244e178fbc0 10961       1       com.google.common.collect.SingletonImmutableBiMap::size (2 bytes)
Event: 11.364 Thread 0x00000244e178fbc0 nmethod 10961 0x00000244d4f7f488 code [0x00000244d4f7f580, 0x00000244d4f7f648]
Event: 11.370 Thread 0x00000244c12ab330 10962       3       java.lang.Class::getDeclaredAnnotations (11 bytes)
Event: 11.370 Thread 0x00000244c12ab330 nmethod 10962 0x00000244cdde3c08 code [0x00000244cdde3d60, 0x00000244cdde4188]
Event: 11.370 Thread 0x00000244e178fbc0 10963       3       org.gradle.internal.instantiation.generator.AsmBackedClassGenerator$ClassBuilderImpl::access$6100 (4 bytes)
Event: 11.371 Thread 0x00000244e178fbc0 nmethod 10963 0x00000244cdde4208 code [0x00000244cdde4320, 0x00000244cdde4410]

GC Heap History (20 events):
Event: 6.731 GC heap before
{Heap before GC invocations=13 (full 0):
 garbage-first heap   total reserved 1572864K, committed 106496K, used 93686K [0x00000000a0000000, 0x0000000100000000)
  region size 1024K, 49 young (50176K), 5 survivors (5120K)
 Metaspace       used 52557K, committed 54208K, reserved 1114112K
  class space    used 5937K, committed 6720K, reserved 1048576K
}
Event: 6.734 GC heap after
{Heap after GC invocations=14 (full 0):
 garbage-first heap   total reserved 1572864K, committed 106496K, used 51427K [0x00000000a0000000, 0x0000000100000000)
  region size 1024K, 4 young (4096K), 4 survivors (4096K)
 Metaspace       used 52557K, committed 54208K, reserved 1114112K
  class space    used 5937K, committed 6720K, reserved 1048576K
}
Event: 6.824 GC heap before
{Heap before GC invocations=14 (full 0):
 garbage-first heap   total reserved 1572864K, committed 106496K, used 63715K [0x00000000a0000000, 0x0000000100000000)
  region size 1024K, 18 young (18432K), 4 survivors (4096K)
 Metaspace       used 52668K, committed 54400K, reserved 1114112K
  class space    used 5957K, committed 6784K, reserved 1048576K
}
Event: 6.827 GC heap after
{Heap after GC invocations=15 (full 0):
 garbage-first heap   total reserved 1572864K, committed 106496K, used 51622K [0x00000000a0000000, 0x0000000100000000)
  region size 1024K, 4 young (4096K), 4 survivors (4096K)
 Metaspace       used 52668K, committed 54400K, reserved 1114112K
  class space    used 5957K, committed 6784K, reserved 1048576K
}
Event: 7.327 GC heap before
{Heap before GC invocations=16 (full 0):
 garbage-first heap   total reserved 1572864K, committed 106496K, used 101798K [0x00000000a0000000, 0x0000000100000000)
  region size 1024K, 47 young (48128K), 4 survivors (4096K)
 Metaspace       used 55327K, committed 57088K, reserved 1114112K
  class space    used 6209K, committed 7040K, reserved 1048576K
}
Event: 7.331 GC heap after
{Heap after GC invocations=17 (full 0):
 garbage-first heap   total reserved 1572864K, committed 114688K, used 65335K [0x00000000a0000000, 0x0000000100000000)
  region size 1024K, 6 young (6144K), 6 survivors (6144K)
 Metaspace       used 55327K, committed 57088K, reserved 1114112K
  class space    used 6209K, committed 7040K, reserved 1048576K
}
Event: 7.714 GC heap before
{Heap before GC invocations=17 (full 0):
 garbage-first heap   total reserved 1572864K, committed 114688K, used 100151K [0x00000000a0000000, 0x0000000100000000)
  region size 1024K, 41 young (41984K), 6 survivors (6144K)
 Metaspace       used 59327K, committed 61120K, reserved 1114112K
  class space    used 6540K, committed 7360K, reserved 1048576K
}
Event: 7.718 GC heap after
{Heap after GC invocations=18 (full 0):
 garbage-first heap   total reserved 1572864K, committed 114688K, used 65844K [0x00000000a0000000, 0x0000000100000000)
  region size 1024K, 2 young (2048K), 2 survivors (2048K)
 Metaspace       used 59327K, committed 61120K, reserved 1114112K
  class space    used 6540K, committed 7360K, reserved 1048576K
}
Event: 8.249 GC heap before
{Heap before GC invocations=18 (full 0):
 garbage-first heap   total reserved 1572864K, committed 114688K, used 103732K [0x00000000a0000000, 0x0000000100000000)
  region size 1024K, 39 young (39936K), 2 survivors (2048K)
 Metaspace       used 63642K, committed 65536K, reserved 1114112K
  class space    used 7012K, committed 7936K, reserved 1048576K
}
Event: 8.253 GC heap after
{Heap after GC invocations=19 (full 0):
 garbage-first heap   total reserved 1572864K, committed 114688K, used 68614K [0x00000000a0000000, 0x0000000100000000)
  region size 1024K, 4 young (4096K), 4 survivors (4096K)
 Metaspace       used 63642K, committed 65536K, reserved 1114112K
  class space    used 7012K, committed 7936K, reserved 1048576K
}
Event: 8.633 GC heap before
{Heap before GC invocations=20 (full 0):
 garbage-first heap   total reserved 1572864K, committed 116736K, used 107526K [0x00000000a0000000, 0x0000000100000000)
  region size 1024K, 37 young (37888K), 4 survivors (4096K)
 Metaspace       used 65288K, committed 67136K, reserved 1114112K
  class space    used 7152K, committed 8000K, reserved 1048576K
}
Event: 8.640 GC heap after
{Heap after GC invocations=21 (full 0):
 garbage-first heap   total reserved 1572864K, committed 116736K, used 73468K [0x00000000a0000000, 0x0000000100000000)
  region size 1024K, 5 young (5120K), 5 survivors (5120K)
 Metaspace       used 65288K, committed 67136K, reserved 1114112K
  class space    used 7152K, committed 8000K, reserved 1048576K
}
Event: 9.078 GC heap before
{Heap before GC invocations=21 (full 0):
 garbage-first heap   total reserved 1572864K, committed 116736K, used 103164K [0x00000000a0000000, 0x0000000100000000)
  region size 1024K, 34 young (34816K), 5 survivors (5120K)
 Metaspace       used 67305K, committed 69184K, reserved 1114112K
  class space    used 7381K, committed 8256K, reserved 1048576K
}
Event: 9.083 GC heap after
{Heap after GC invocations=22 (full 0):
 garbage-first heap   total reserved 1572864K, committed 140288K, used 74766K [0x00000000a0000000, 0x0000000100000000)
  region size 1024K, 2 young (2048K), 2 survivors (2048K)
 Metaspace       used 67305K, committed 69184K, reserved 1114112K
  class space    used 7381K, committed 8256K, reserved 1048576K
}
Event: 9.496 GC heap before
{Heap before GC invocations=22 (full 0):
 garbage-first heap   total reserved 1572864K, committed 140288K, used 122894K [0x00000000a0000000, 0x0000000100000000)
  region size 1024K, 49 young (50176K), 2 survivors (2048K)
 Metaspace       used 67978K, committed 69888K, reserved 1114112K
  class space    used 7452K, committed 8320K, reserved 1048576K
}
Event: 9.500 GC heap after
{Heap after GC invocations=23 (full 0):
 garbage-first heap   total reserved 1572864K, committed 140288K, used 78895K [0x00000000a0000000, 0x0000000100000000)
  region size 1024K, 6 young (6144K), 6 survivors (6144K)
 Metaspace       used 67978K, committed 69888K, reserved 1114112K
  class space    used 7452K, committed 8320K, reserved 1048576K
}
Event: 10.256 GC heap before
{Heap before GC invocations=23 (full 0):
 garbage-first heap   total reserved 1572864K, committed 140288K, used 118831K [0x00000000a0000000, 0x0000000100000000)
  region size 1024K, 46 young (47104K), 6 survivors (6144K)
 Metaspace       used 71332K, committed 73280K, reserved 1114112K
  class space    used 7855K, committed 8768K, reserved 1048576K
}
Event: 10.263 GC heap after
{Heap after GC invocations=24 (full 0):
 garbage-first heap   total reserved 1572864K, committed 140288K, used 81169K [0x00000000a0000000, 0x0000000100000000)
  region size 1024K, 3 young (3072K), 3 survivors (3072K)
 Metaspace       used 71332K, committed 73280K, reserved 1114112K
  class space    used 7855K, committed 8768K, reserved 1048576K
}
Event: 11.226 GC heap before
{Heap before GC invocations=25 (full 0):
 garbage-first heap   total reserved 1572864K, committed 140288K, used 127249K [0x00000000a0000000, 0x0000000100000000)
  region size 1024K, 47 young (48128K), 3 survivors (3072K)
 Metaspace       used 75068K, committed 77056K, reserved 1179648K
  class space    used 8308K, committed 9216K, reserved 1048576K
}
Event: 11.230 GC heap after
{Heap after GC invocations=26 (full 0):
 garbage-first heap   total reserved 1572864K, committed 140288K, used 82384K [0x00000000a0000000, 0x0000000100000000)
  region size 1024K, 4 young (4096K), 4 survivors (4096K)
 Metaspace       used 75068K, committed 77056K, reserved 1179648K
  class space    used 8308K, committed 9216K, reserved 1048576K
}

Dll operation events (15 events):
Event: 0.011 Loaded shared library C:\Program Files\Java\jdk-24\bin\java.dll
Event: 0.040 Loaded shared library C:\Program Files\Java\jdk-24\bin\jsvml.dll
Event: 0.071 Loaded shared library C:\Program Files\Java\jdk-24\bin\zip.dll
Event: 0.073 Loaded shared library C:\Program Files\Java\jdk-24\bin\instrument.dll
Event: 0.076 Loaded shared library C:\Program Files\Java\jdk-24\bin\net.dll
Event: 0.077 Loaded shared library C:\Program Files\Java\jdk-24\bin\nio.dll
Event: 0.079 Loaded shared library C:\Program Files\Java\jdk-24\bin\zip.dll
Event: 0.277 Loaded shared library C:\Program Files\Java\jdk-24\bin\jimage.dll
Event: 0.404 Loaded shared library C:\Program Files\Java\jdk-24\bin\verify.dll
Event: 0.512 Loaded shared library C:\Users\Prattay\.gradle\native\c067742578af261105cb4f569cf0c3c89f3d7b1fecec35dd04571415982c5e48\windows-amd64\native-platform.dll
Event: 0.516 Loaded shared library C:\Users\Prattay\.gradle\native\100fb08df4bc3b14c8652ba06237920a3bd2aa13389f12d3474272988ae205f9\windows-amd64\native-platform-file-events.dll
Event: 1.353 Loaded shared library C:\Program Files\Java\jdk-24\bin\management.dll
Event: 1.354 Loaded shared library C:\Program Files\Java\jdk-24\bin\management_ext.dll
Event: 1.548 Loaded shared library C:\Program Files\Java\jdk-24\bin\extnet.dll
Event: 1.675 Loaded shared library C:\Program Files\Java\jdk-24\bin\sunmscapi.dll

Deoptimization events (20 events):
Event: 11.184 Thread 0x00000244e70548c0 Uncommon trap: trap_request=0xffffffde fr.pc=0x00000244d4b80b90 relative=0x0000000000000070
Event: 11.184 Thread 0x00000244e70548c0 Uncommon trap: reason=class_check action=maybe_recompile pc=0x00000244d4b80b90 method=java.lang.invoke.Invokers$Holder.linkToTargetMethod(Ljava/lang/Object;Ljava/lang/Object;Ljava/lang/Object;Ljava/lang/Object;)Ljava/lang/Object; @ 1 c2
Event: 11.184 Thread 0x00000244e70548c0 DEOPT PACKING pc=0x00000244d4b80b90 sp=0x000000f03f0f8590
Event: 11.184 Thread 0x00000244e70548c0 DEOPT UNPACKING pc=0x00000244d44e8602 sp=0x000000f03f0f8520 mode 2
Event: 11.186 Thread 0x00000244e70548c0 Uncommon trap: trap_request=0xffffffde fr.pc=0x00000244d4b80b90 relative=0x0000000000000070
Event: 11.186 Thread 0x00000244e70548c0 Uncommon trap: reason=class_check action=maybe_recompile pc=0x00000244d4b80b90 method=java.lang.invoke.Invokers$Holder.linkToTargetMethod(Ljava/lang/Object;Ljava/lang/Object;Ljava/lang/Object;Ljava/lang/Object;)Ljava/lang/Object; @ 1 c2
Event: 11.186 Thread 0x00000244e70548c0 DEOPT PACKING pc=0x00000244d4b80b90 sp=0x000000f03f0f8590
Event: 11.186 Thread 0x00000244e70548c0 DEOPT UNPACKING pc=0x00000244d44e8602 sp=0x000000f03f0f8520 mode 2
Event: 11.187 Thread 0x00000244e70548c0 Uncommon trap: trap_request=0xffffffde fr.pc=0x00000244d4b80b90 relative=0x0000000000000070
Event: 11.187 Thread 0x00000244e70548c0 Uncommon trap: reason=class_check action=maybe_recompile pc=0x00000244d4b80b90 method=java.lang.invoke.Invokers$Holder.linkToTargetMethod(Ljava/lang/Object;Ljava/lang/Object;Ljava/lang/Object;Ljava/lang/Object;)Ljava/lang/Object; @ 1 c2
Event: 11.187 Thread 0x00000244e70548c0 DEOPT PACKING pc=0x00000244d4b80b90 sp=0x000000f03f0f8590
Event: 11.187 Thread 0x00000244e70548c0 DEOPT UNPACKING pc=0x00000244d44e8602 sp=0x000000f03f0f8520 mode 2
Event: 11.314 Thread 0x00000244e70548c0 Uncommon trap: trap_request=0xffffff4d fr.pc=0x00000244d4c7533c relative=0x0000000000000a9c
Event: 11.314 Thread 0x00000244e70548c0 Uncommon trap: reason=unstable_if action=reinterpret pc=0x00000244d4c7533c method=java.util.Properties$LineReader.readLine()I @ 25 c2
Event: 11.314 Thread 0x00000244e70548c0 DEOPT PACKING pc=0x00000244d4c7533c sp=0x000000f03f0f8160
Event: 11.314 Thread 0x00000244e70548c0 DEOPT UNPACKING pc=0x00000244d44e8602 sp=0x000000f03f0f8108 mode 2
Event: 11.361 Thread 0x00000244e70548c0 Uncommon trap: trap_request=0xffffff76 fr.pc=0x00000244d4f3c20c relative=0x000000000000044c
Event: 11.361 Thread 0x00000244e70548c0 Uncommon trap: reason=predicate action=maybe_recompile pc=0x00000244d4f3c20c method=java.util.TimSort.binarySort([Ljava/lang/Object;IIILjava/util/Comparator;)V @ 34 c2
Event: 11.361 Thread 0x00000244e70548c0 DEOPT PACKING pc=0x00000244d4f3c20c sp=0x000000f03f0f81d0
Event: 11.361 Thread 0x00000244e70548c0 DEOPT UNPACKING pc=0x00000244d44e8602 sp=0x000000f03f0f8170 mode 2

Classes loaded (20 events):
Event: 9.483 Loading class java/lang/EnumCustomizer
Event: 9.483 Loading class java/lang/EnumCustomizer done
Event: 9.483 Loading class java/lang/EnumCustomizer
Event: 9.483 Loading class java/lang/EnumCustomizer done
Event: 9.541 Loading class java/io/LineNumberReader
Event: 9.542 Loading class java/io/LineNumberReader done
Event: 10.230 Loading class java/util/concurrent/atomic/AtomicIntegerArray
Event: 10.230 Loading class java/util/concurrent/atomic/AtomicIntegerArray done
Event: 10.232 Loading class java/util/Currency
Event: 10.232 Loading class java/util/Currency done
Event: 10.238 Loading class java/util/concurrent/atomic/AtomicLongArray
Event: 10.238 Loading class java/util/concurrent/atomic/AtomicLongArray done
Event: 10.267 Loading class java/io/Reader$2
Event: 10.268 Loading class java/io/Reader$2 done
Event: 10.284 Loading class sun/reflect/generics/repository/FieldRepository
Event: 10.284 Loading class sun/reflect/generics/repository/FieldRepository done
Event: 10.299 Loading class jdk/internal/vm/annotation/ForceInline
Event: 10.299 Loading class jdk/internal/vm/annotation/ForceInline done
Event: 10.386 Loading class java/util/regex/Pattern$Caret
Event: 10.386 Loading class java/util/regex/Pattern$Caret done

Classes unloaded (0 events):
No events

Classes redefined (0 events):
No events

Internal exceptions (20 events):
Event: 9.490 Thread 0x00000244e70548c0 Exception <a 'java/lang/ClassNotFoundException'{0x00000000a4d24ea8}: com/android/build/gradle/internal/CompileOptionsBeanInfo> (0x00000000a4d24ea8) 
thrown [s\open\src\hotspot\share\classfile\systemDictionary.cpp, line 327]
Event: 9.490 Thread 0x00000244e70548c0 Exception <a 'java/lang/ClassNotFoundException'{0x00000000a4d2f740}: com/android/build/gradle/internal/CompileOptionsCustomizer> (0x00000000a4d2f740) 
thrown [s\open\src\hotspot\share\classfile\systemDictionary.cpp, line 327]
Event: 9.491 Thread 0x00000244e70548c0 Exception <a 'java/lang/ClassNotFoundException'{0x00000000a4d47fc0}: com/android/build/gradle/internal/CompileOptions$AgpDecoratedCustomizer> (0x00000000a4d47fc0) 
thrown [s\open\src\hotspot\share\classfile\systemDictionary.cpp, line 327]
Event: 9.491 Thread 0x00000244e70548c0 Exception <a 'java/lang/ClassNotFoundException'{0x00000000a4d56630}: com/android/build/gradle/internal/CompileOptions$AgpDecorated_DecoratedCustomizer> (0x00000000a4d56630) 
thrown [s\open\src\hotspot\share\classfile\systemDictionary.cpp, line 327]
Event: 9.516 Thread 0x00000244e70548c0 Exception <a 'java/lang/ClassNotFoundException'{0x00000000fff70170}: cordova_variables_498oa286tr2qtrg0s42bxgexlBeanInfo> (0x00000000fff70170) 
thrown [s\open\src\hotspot\share\classfile\systemDictionary.cpp, line 327]
Event: 9.517 Thread 0x00000244e70548c0 Exception <a 'java/lang/ClassNotFoundException'{0x00000000fff78238}: cordova_variables_498oa286tr2qtrg0s42bxgexlCustomizer> (0x00000000fff78238) 
thrown [s\open\src\hotspot\share\classfile\systemDictionary.cpp, line 327]
Event: 9.543 Thread 0x00000244e70548c0 Exception <a 'java/io/FileNotFoundException'{0x00000000ff531168}> (0x00000000ff531168) 
thrown [s\open\src\hotspot\share\prims\jni.cpp, line 518]
Event: 9.546 Thread 0x00000244e70548c0 Exception <a 'java/lang/ClassNotFoundException'{0x00000000ff57ab70}: org/gradle/internal/logging/slf4j/OutputEventListenerBackedLoggerBeanInfo> (0x00000000ff57ab70) 
thrown [s\open\src\hotspot\share\classfile\systemDictionary.cpp, line 327]
Event: 9.547 Thread 0x00000244e70548c0 Exception <a 'java/lang/ClassNotFoundException'{0x00000000ff58c3a8}: org/gradle/internal/logging/slf4j/BuildOperationAwareLoggerBeanInfo> (0x00000000ff58c3a8) 
thrown [s\open\src\hotspot\share\classfile\systemDictionary.cpp, line 327]
Event: 9.548 Thread 0x00000244e70548c0 Exception <a 'java/lang/ClassNotFoundException'{0x00000000ff59b518}: org/gradle/internal/logging/slf4j/BuildOperationAwareLoggerCustomizer> (0x00000000ff59b518) 
thrown [s\open\src\hotspot\share\classfile\systemDictionary.cpp, line 327]
Event: 9.550 Thread 0x00000244e70548c0 Exception <a 'java/lang/ClassNotFoundException'{0x00000000ff5d98d0}: org/gradle/internal/logging/slf4j/OutputEventListenerBackedLoggerCustomizer> (0x00000000ff5d98d0) 
thrown [s\open\src\hotspot\share\classfile\systemDictionary.cpp, line 327]
Event: 9.777 Thread 0x00000244e70548c0 Exception <a 'java/lang/NoClassDefFoundError'{0x00000000ac834958}: org/jetbrains/kotlin/gradle/plugin/KotlinBasePluginWrapper> (0x00000000ac834958) 
thrown [s\open\src\hotspot\share\classfile\systemDictionary.cpp, line 316]
Event: 9.888 Thread 0x00000244e70548c0 Exception <a 'java/lang/NoSuchMethodError'{0x00000000a67681c8}: 'java.lang.Object java.lang.invoke.DirectMethodHandle$Holder.newInvokeSpecial(java.lang.Object, java.lang.Object, java.lang.Object, java.lang.Object, java.lang.Object, java.lang.Object, java.lang.Object, java.lang.Object, java.lang.Object, java.lang.Object, java.lang.Object, java.lang.Object, java.lang.Object, java.lang.Object)'> (0x00000000a67681c8) 
thrown [s\open\src\hotspot\share\interpreter\linkResolver.cpp, line 805]
Event: 9.992 Thread 0x00000244e70548c0 Exception <a 'java/lang/NoClassDefFoundError'{0x00000000a639c9e8}: org/jetbrains/kotlin/gradle/plugin/KotlinBasePluginWrapper> (0x00000000a639c9e8) 
thrown [s\open\src\hotspot\share\oops\constantPool.cpp, line 1048]
Event: 10.035 Thread 0x00000244e70548c0 Exception <a 'java/lang/NoClassDefFoundError'{0x00000000a60f8700}: org/jetbrains/kotlin/gradle/plugin/KotlinBasePluginWrapper> (0x00000000a60f8700) 
thrown [s\open\src\hotspot\share\oops\constantPool.cpp, line 1048]
Event: 10.080 Thread 0x00000244e70548c0 Exception <a 'java/lang/NoClassDefFoundError'{0x00000000a5cb2f38}: org/jetbrains/kotlin/gradle/plugin/KotlinBasePluginWrapper> (0x00000000a5cb2f38) 
thrown [s\open\src\hotspot\share\oops\constantPool.cpp, line 1048]
Event: 10.087 Thread 0x00000244e70548c0 Exception <a 'java/lang/NoClassDefFoundError'{0x00000000a5cd0338}: org/jetbrains/kotlin/gradle/plugin/KotlinBasePluginWrapper> (0x00000000a5cd0338) 
thrown [s\open\src\hotspot\share\oops\constantPool.cpp, line 1048]
Event: 10.300 Thread 0x00000244e70548c0 Exception <a 'java/lang/NoSuchMethodError'{0x00000000ff016800}: 'void java.lang.invoke.Invokers$Holder.invokeExact_MT(java.lang.Object, java.lang.Object, java.lang.Object, java.lang.Object)'> (0x00000000ff016800) 
thrown [s\open\src\hotspot\share\interpreter\linkResolver.cpp, line 805]
Event: 11.222 Thread 0x00000244e70548c0 Exception <a 'java/lang/NoSuchMethodError'{0x00000000a4d65a88}: 'int java.lang.invoke.DirectMethodHandle$Holder.invokeSpecialIFC(java.lang.Object, java.lang.Object, java.lang.Object, java.lang.Object, java.lang.Object)'> (0x00000000a4d65a88) 
thrown [s\open\src\hotspot\share\interpreter\linkResolver.cpp, line 805]
Event: 11.313 Thread 0x00000244e70548c0 Exception <a 'java/lang/NoSuchMethodError'{0x00000000ad1d35b0}: 'java.lang.Object java.lang.invoke.Invokers$Holder.invokeExact_MT(java.lang.Object, java.lang.Object, java.lang.Object, int, java.lang.Object, java.lang.Object)'> (0x00000000ad1d35b0) 
thrown [s\open\src\hotspot\share\interpreter\linkResolver.cpp, line 805]

VM Operations (20 events):
Event: 9.539 Executing VM operation: HandshakeAllThreads (Deoptimize)
Event: 9.539 Executing VM operation: HandshakeAllThreads (Deoptimize) done
Event: 9.542 Executing VM operation: HandshakeAllThreads (Deoptimize)
Event: 9.543 Executing VM operation: HandshakeAllThreads (Deoptimize) done
Event: 9.586 Executing VM operation: HandshakeAllThreads (Deoptimize)
Event: 9.587 Executing VM operation: HandshakeAllThreads (Deoptimize) done
Event: 9.769 Executing VM operation: HandshakeAllThreads (Deoptimize)
Event: 9.769 Executing VM operation: HandshakeAllThreads (Deoptimize) done
Event: 10.256 Executing VM operation: G1TryInitiateConcMark (G1 Humongous Allocation)
Event: 10.263 Executing VM operation: G1TryInitiateConcMark (G1 Humongous Allocation) done
Event: 10.273 Executing VM operation: HandshakeAllThreads (Deoptimize)
Event: 10.273 Executing VM operation: HandshakeAllThreads (Deoptimize) done
Event: 10.274 Executing VM operation: HandshakeAllThreads (Deoptimize)
Event: 10.274 Executing VM operation: HandshakeAllThreads (Deoptimize) done
Event: 10.301 Executing VM operation: G1PauseRemark
Event: 10.305 Executing VM operation: G1PauseRemark done
Event: 10.320 Executing VM operation: G1PauseCleanup
Event: 10.320 Executing VM operation: G1PauseCleanup done
Event: 11.226 Executing VM operation: G1CollectForAllocation (G1 Evacuation Pause)
Event: 11.230 Executing VM operation: G1CollectForAllocation (G1 Evacuation Pause) done

Memory protections (0 events):
No events

Nmethod flushes (20 events):
Event: 10.304 Thread 0x00000244e1750030 flushing  nmethod 0x00000244cd088008
Event: 10.304 Thread 0x00000244e1750030 flushing  nmethod 0x00000244cd1cd088
Event: 10.304 Thread 0x00000244e1750030 flushing  nmethod 0x00000244cd20bf08
Event: 10.304 Thread 0x00000244e1750030 flushing  nmethod 0x00000244cd258888
Event: 10.304 Thread 0x00000244e1750030 flushing  nmethod 0x00000244cd25a288
Event: 10.304 Thread 0x00000244e1750030 flushing  nmethod 0x00000244cd339988
Event: 10.304 Thread 0x00000244e1750030 flushing  nmethod 0x00000244cd372a08
Event: 10.304 Thread 0x00000244e1750030 flushing  nmethod 0x00000244cd4b8488
Event: 10.304 Thread 0x00000244e1750030 flushing  nmethod 0x00000244cd67f308
Event: 10.304 Thread 0x00000244e1750030 flushing  nmethod 0x00000244cd7bb488
Event: 10.304 Thread 0x00000244e1750030 flushing  nmethod 0x00000244cd7bbf08
Event: 10.304 Thread 0x00000244e1750030 flushing  nmethod 0x00000244cdb7d808
Event: 10.304 Thread 0x00000244e1750030 flushing  nmethod 0x00000244cdd19088
Event: 10.304 Thread 0x00000244e1750030 flushing  nmethod 0x00000244cdd19688
Event: 10.304 Thread 0x00000244e1750030 flushing  nmethod 0x00000244cdd1c408
Event: 10.304 Thread 0x00000244e1750030 flushing  nmethod 0x00000244cdc55a08
Event: 10.304 Thread 0x00000244e1750030 flushing  nmethod 0x00000244cdc56e08
Event: 10.304 Thread 0x00000244e1750030 flushing  nmethod 0x00000244cdc58f08
Event: 10.304 Thread 0x00000244e1750030 flushing  nmethod 0x00000244cdc9eb88
Event: 10.304 Thread 0x00000244e1750030 flushing  nmethod 0x00000244cdcba608

Events (20 events):
Event: 6.489 Thread 0x00000244e70548c0 Thread added: 0x00000244e8b18150
Event: 6.490 Thread 0x00000244e70548c0 Thread added: 0x00000244e8b15570
Event: 6.491 Thread 0x00000244e70548c0 Thread added: 0x00000244e8b18ff0
Event: 6.492 Thread 0x00000244e70548c0 Thread added: 0x00000244e8b19740
Event: 6.492 Thread 0x00000244e70548c0 Thread added: 0x00000244e8b19e90
Event: 6.493 Thread 0x00000244e70548c0 Thread added: 0x00000244e8b1a5e0
Event: 6.493 Thread 0x00000244e70548c0 Thread added: 0x00000244e8b1ad30
Event: 6.493 Thread 0x00000244e70548c0 Thread added: 0x00000244e8b17a00
Event: 6.494 Thread 0x00000244e70548c0 Thread added: 0x00000244e8b1b480
Event: 6.494 Thread 0x00000244e70548c0 Thread added: 0x00000244c1637480
Event: 6.495 Thread 0x00000244e70548c0 Thread added: 0x00000244c1635740
Event: 6.496 Thread 0x00000244e70548c0 Thread added: 0x00000244c1635e90
Event: 6.803 Thread 0x00000244e70548c0 Thread added: 0x00000244c1637bd0
Event: 6.816 Thread 0x00000244e70548c0 Thread added: 0x00000244c1638320
Event: 7.259 Thread 0x00000244c186ecb0 Thread exited: 0x00000244c186ecb0
Event: 8.080 Thread 0x00000244e70548c0 Thread added: 0x00000244c16391c0
Event: 10.660 Thread 0x00000244c134baf0 Thread exited: 0x00000244c134baf0
Event: 10.664 Thread 0x00000244c11a4150 Thread exited: 0x00000244c11a4150
Event: 11.000 Thread 0x00000244c1081100 Thread added: 0x00000244e947fef0
Event: 11.303 Thread 0x00000244e947fef0 Thread exited: 0x00000244e947fef0


Dynamic libraries:
0x00007ff7cb8f0000 - 0x00007ff7cb900000 	C:\Program Files\Java\jdk-24\bin\java.exe
0x00007ff81fd00000 - 0x00007ff81ff68000 	C:\WINDOWS\SYSTEM32\ntdll.dll
0x00007ff81ea10000 - 0x00007ff81ead9000 	C:\WINDOWS\System32\KERNEL32.DLL
0x00007ff81d560000 - 0x00007ff81d94d000 	C:\WINDOWS\System32\KERNELBASE.dll
0x00007ff8197f0000 - 0x00007ff81988e000 	C:\WINDOWS\SYSTEM32\apphelp.dll
0x00007ff81d950000 - 0x00007ff81da9b000 	C:\WINDOWS\System32\ucrtbase.dll
0x00007fffdd7f0000 - 0x00007fffdd80b000 	C:\Program Files\Java\jdk-24\bin\VCRUNTIME140.dll
0x00007fffaeec0000 - 0x00007fffaeed6000 	C:\Program Files\Java\jdk-24\bin\jli.dll
0x00007ff81fa40000 - 0x00007ff81fc0c000 	C:\WINDOWS\System32\USER32.dll
0x00007ff81ce50000 - 0x00007ff81ce77000 	C:\WINDOWS\System32\win32u.dll
0x00007ff81ebf0000 - 0x00007ff81ec1b000 	C:\WINDOWS\System32\GDI32.dll
0x00007ff81d200000 - 0x00007ff81d337000 	C:\WINDOWS\System32\gdi32full.dll
0x00007ffff84e0000 - 0x00007ffff877a000 	C:\WINDOWS\WinSxS\amd64_microsoft.windows.common-controls_6595b64144ccf1df_6.0.26100.4484_none_3e0e6d4ce32ef3b3\COMCTL32.dll
0x00007ff81d0c0000 - 0x00007ff81d163000 	C:\WINDOWS\System32\msvcp_win.dll
0x00007ff81fc10000 - 0x00007ff81fcb9000 	C:\WINDOWS\System32\msvcrt.dll
0x00007ff81e310000 - 0x00007ff81e33f000 	C:\WINDOWS\System32\IMM32.DLL
0x00007fffec3c0000 - 0x00007fffec3cc000 	C:\Program Files\Java\jdk-24\bin\vcruntime140_1.dll
0x00007fff6dbb0000 - 0x00007fff6dc3e000 	C:\Program Files\Java\jdk-24\bin\msvcp140.dll
0x00007fff20d00000 - 0x00007fff21aa2000 	C:\Program Files\Java\jdk-24\bin\server\jvm.dll
0x00007ff81f2d0000 - 0x00007ff81f384000 	C:\WINDOWS\System32\ADVAPI32.dll
0x00007ff81e760000 - 0x00007ff81e806000 	C:\WINDOWS\System32\sechost.dll
0x00007ff81f490000 - 0x00007ff81f5a8000 	C:\WINDOWS\System32\RPCRT4.dll
0x00007ff81eae0000 - 0x00007ff81eb54000 	C:\WINDOWS\System32\WS2_32.dll
0x00007ff80ed70000 - 0x00007ff80eda5000 	C:\WINDOWS\SYSTEM32\WINMM.dll
0x00007ff8125a0000 - 0x00007ff8125ab000 	C:\WINDOWS\SYSTEM32\VERSION.dll
0x00007ff81c340000 - 0x00007ff81c39e000 	C:\WINDOWS\SYSTEM32\POWRPROF.dll
0x00007ff81c2e0000 - 0x00007ff81c2f4000 	C:\WINDOWS\SYSTEM32\UMPDC.dll
0x00007ff81bbf0000 - 0x00007ff81bc0b000 	C:\WINDOWS\SYSTEM32\kernel.appcore.dll
0x00007fffcd000000 - 0x00007fffcd00a000 	C:\Program Files\Java\jdk-24\bin\jimage.dll
0x00007ff81a560000 - 0x00007ff81a7a1000 	C:\WINDOWS\SYSTEM32\DBGHELP.DLL
0x00007ff81ecb0000 - 0x00007ff81f036000 	C:\WINDOWS\System32\combase.dll
0x00007ff81e3c0000 - 0x00007ff81e4a0000 	C:\WINDOWS\System32\OLEAUT32.dll
0x00007fffd61e0000 - 0x00007fffd6223000 	C:\WINDOWS\SYSTEM32\dbgcore.DLL
0x00007ff81d340000 - 0x00007ff81d3d9000 	C:\WINDOWS\System32\bcryptPrimitives.dll
0x00007fffccb10000 - 0x00007fffccb1f000 	C:\Program Files\Java\jdk-24\bin\instrument.dll
0x00007fff831d0000 - 0x00007fff831ee000 	C:\Program Files\Java\jdk-24\bin\java.dll
0x00007ff81e810000 - 0x00007ff81e9ae000 	C:\WINDOWS\System32\ole32.dll
0x00007ff81dba0000 - 0x00007ff81e2ea000 	C:\WINDOWS\System32\SHELL32.dll
0x00007ff81d3e0000 - 0x00007ff81d554000 	C:\WINDOWS\System32\wintypes.dll
0x00007ff81aa60000 - 0x00007ff81b2bb000 	C:\WINDOWS\SYSTEM32\windows.storage.dll
0x00007ff81f390000 - 0x00007ff81f485000 	C:\WINDOWS\System32\SHCORE.dll
0x00007ff81e350000 - 0x00007ff81e3ba000 	C:\WINDOWS\System32\shlwapi.dll
0x00007ff81cd60000 - 0x00007ff81cd8f000 	C:\WINDOWS\SYSTEM32\profapi.dll
0x00007fff6dad0000 - 0x00007fff6dba7000 	C:\Program Files\Java\jdk-24\bin\jsvml.dll
0x00007fff831b0000 - 0x00007fff831c7000 	C:\Program Files\Java\jdk-24\bin\zip.dll
0x00007fffcc9d0000 - 0x00007fffcc9e0000 	C:\Program Files\Java\jdk-24\bin\net.dll
0x00007ff81c210000 - 0x00007ff81c27a000 	C:\WINDOWS\system32\mswsock.dll
0x00007fff742f0000 - 0x00007fff74306000 	C:\Program Files\Java\jdk-24\bin\nio.dll
0x00007fffcc070000 - 0x00007fffcc080000 	C:\Program Files\Java\jdk-24\bin\verify.dll
0x00007fffd7310000 - 0x00007fffd7337000 	C:\Users\Prattay\.gradle\native\c067742578af261105cb4f569cf0c3c89f3d7b1fecec35dd04571415982c5e48\windows-amd64\native-platform.dll
0x00007fff6d980000 - 0x00007fff6dac4000 	C:\Users\Prattay\.gradle\native\100fb08df4bc3b14c8652ba06237920a3bd2aa13389f12d3474272988ae205f9\windows-amd64\native-platform-file-events.dll
0x00007fffcbd50000 - 0x00007fffcbd5a000 	C:\Program Files\Java\jdk-24\bin\management.dll
0x00007fffc91e0000 - 0x00007fffc91eb000 	C:\Program Files\Java\jdk-24\bin\management_ext.dll
0x00007ff81e640000 - 0x00007ff81e648000 	C:\WINDOWS\System32\PSAPI.DLL
0x00007ff81c560000 - 0x00007ff81c57b000 	C:\WINDOWS\SYSTEM32\CRYPTSP.dll
0x00007ff81bb50000 - 0x00007ff81bb8b000 	C:\WINDOWS\system32\rsaenh.dll
0x00007ff81c2b0000 - 0x00007ff81c2db000 	C:\WINDOWS\SYSTEM32\USERENV.dll
0x00007ff81cd30000 - 0x00007ff81cd56000 	C:\WINDOWS\SYSTEM32\bcrypt.dll
0x00007ff81c550000 - 0x00007ff81c55c000 	C:\WINDOWS\SYSTEM32\CRYPTBASE.dll
0x00007ff81b630000 - 0x00007ff81b663000 	C:\WINDOWS\SYSTEM32\IPHLPAPI.DLL
0x00007ff81e300000 - 0x00007ff81e30a000 	C:\WINDOWS\System32\NSI.dll
0x00007fffc43e0000 - 0x00007fffc43e9000 	C:\Program Files\Java\jdk-24\bin\extnet.dll
0x00007fffc4090000 - 0x00007fffc409e000 	C:\Program Files\Java\jdk-24\bin\sunmscapi.dll
0x00007ff81cf40000 - 0x00007ff81d0b7000 	C:\WINDOWS\System32\CRYPT32.dll
0x00007ff81c770000 - 0x00007ff81c7a0000 	C:\WINDOWS\SYSTEM32\ncrypt.dll
0x00007ff81c720000 - 0x00007ff81c75f000 	C:\WINDOWS\SYSTEM32\NTASN1.dll
0x00007fffcabf0000 - 0x00007fffcabf8000 	C:\WINDOWS\system32\wshunix.dll

JVMTI agents:
C:\Users\Prattay\.gradle\wrapper\dists\gradle-8.11.1-all\2qik7nd48slq1ooc2496ixf4i\gradle-8.11.1\lib\agents\gradle-instrumentation-agent-8.11.1.jar path:C:\Program Files\Java\jdk-24\bin\instrument.dll, loaded, initialized, instrumentlib options:none

dbghelp: loaded successfully - version: 4.0.5 - missing functions: none
symbol engine: initialized successfully - sym options: 0x614 - pdb path: .;C:\Program Files\Java\jdk-24\bin;C:\WINDOWS\SYSTEM32;C:\WINDOWS\WinSxS\amd64_microsoft.windows.common-controls_6595b64144ccf1df_6.0.26100.4484_none_3e0e6d4ce32ef3b3;C:\Program Files\Java\jdk-24\bin\server;C:\Users\Prattay\.gradle\native\c067742578af261105cb4f569cf0c3c89f3d7b1fecec35dd04571415982c5e48\windows-amd64;C:\Users\Prattay\.gradle\native\100fb08df4bc3b14c8652ba06237920a3bd2aa13389f12d3474272988ae205f9\windows-amd64

VM Arguments:
jvm_args: --add-opens=java.base/java.lang=ALL-UNNAMED --add-opens=java.base/java.lang.invoke=ALL-UNNAMED --add-opens=java.base/java.util=ALL-UNNAMED --add-opens=java.prefs/java.util.prefs=ALL-UNNAMED --add-exports=jdk.compiler/com.sun.tools.javac.api=ALL-UNNAMED --add-exports=jdk.compiler/com.sun.tools.javac.util=ALL-UNNAMED --add-opens=java.base/java.util=ALL-UNNAMED --add-opens=java.prefs/java.util.prefs=ALL-UNNAMED --add-opens=java.base/java.nio.charset=ALL-UNNAMED --add-opens=java.base/java.net=ALL-UNNAMED --add-opens=java.base/java.util.concurrent.atomic=ALL-UNNAMED --add-opens=java.xml/javax.xml.namespace=ALL-UNNAMED -Xmx1536m -Dfile.encoding=UTF-8 -Duser.country=IN -Duser.language=en -Duser.variant -javaagent:C:\Users\Prattay\.gradle\wrapper\dists\gradle-8.11.1-all\2qik7nd48slq1ooc2496ixf4i\gradle-8.11.1\lib\agents\gradle-instrumentation-agent-8.11.1.jar 
java_command: org.gradle.launcher.daemon.bootstrap.GradleDaemon 8.11.1
java_class_path (initial): C:\Users\Prattay\.gradle\wrapper\dists\gradle-8.11.1-all\2qik7nd48slq1ooc2496ixf4i\gradle-8.11.1\lib\gradle-daemon-main-8.11.1.jar
Launcher Type: SUN_STANDARD

[Global flags]
     intx CICompilerCount                          = 12                                        {product} {ergonomic}
     uint ConcGCThreads                            = 3                                         {product} {ergonomic}
     uint G1ConcRefinementThreads                  = 13                                        {product} {ergonomic}
   size_t G1HeapRegionSize                         = 1048576                                   {product} {ergonomic}
   size_t InitialHeapSize                          = 264241152                                 {product} {ergonomic}
   size_t MarkStackSize                            = 4194304                                   {product} {ergonomic}
   size_t MarkStackSizeMax                         = 536870912                                 {product} {ergonomic}
   size_t MaxHeapSize                              = 1610612736                                {product} {command line}
   size_t MaxNewSize                               = 965738496                                 {product} {ergonomic}
   size_t MinHeapDeltaBytes                        = 1048576                                   {product} {ergonomic}
   size_t MinHeapSize                              = 8388608                                   {product} {ergonomic}
    uintx NonNMethodCodeHeapSize                   = 7602176                                {pd product} {ergonomic}
    uintx NonProfiledCodeHeapSize                  = 122093568                              {pd product} {ergonomic}
    uintx ProfiledCodeHeapSize                     = 121962496                              {pd product} {ergonomic}
    uintx ReservedCodeCacheSize                    = 251658240                              {pd product} {ergonomic}
     bool SegmentedCodeCache                       = true                                      {product} {ergonomic}
   size_t SoftMaxHeapSize                          = 1610612736                             {manageable} {ergonomic}
     bool UseCompressedOops                        = true                           {product lp64_product} {ergonomic}
     bool UseG1GC                                  = true                                      {product} {ergonomic}
     bool UseLargePagesIndividualAllocation        = false                                  {pd product} {ergonomic}

Logging:
Log output configuration:
 #0: stdout all=warning uptime,level,tags foldmultilines=false
 #1: stderr all=off uptime,level,tags foldmultilines=false

Environment Variables:
PATH=C:\Program Files\Common Files\Oracle\Java\javapath;C:\Users\Prattay\AppData\Local\Programs\Python\Python313;C:\Windows;C:\Windows\System32\Wbem;C:\Windows\System32\WindowsPowerShell\v1.0\;C:\Windows\System32\OpenSSH\;C:\Program Files\dotnet\;D:\Git\cmd;C:\Program Files (x86)\NVIDIA Corporation\PhysX\Common;C:\Program Files\Microsoft SQL Server\Client SDK\ODBC\170\Tools\Binn\;C:\Program Files (x86)\Microsoft SQL Server\150\Tools\Binn\;C:\Program Files\Microsoft SQL Server\150\Tools\Binn\;C:\Program Files\Microsoft SQL Server\150\DTS\Binn\;C:\Program Files (x86)\Windows Kits\8.1\Windows Performance Toolkit\;C:\Program Files\nodejs\;C:\ProgramData\chocolatey\bin;C:\Program Files\NVIDIA Corporation\NVIDIA app\NvDLISR;C:\MinGW\bin;C:\WINDOWS\system32;C:\WINDOWS;C:\WINDOWS\System32\Wbem;C:\WINDOWS\System32\WindowsPowerShell\v1.0\;C:\WINDOWS\System32\OpenSSH\;D:\MATLAB\bin;C:\Users\Prattay\AppData\Local\Programs\Python\Python313\Scripts;C:\Users\Prattay\AppData\Local\Microsoft\WindowsApps;D:\Microsoft VS Code\bin;C:\Users\Prattay\AppData\Local\GitHubDesktop\bin;C:\MinGW\bin;C:\Users\Prattay\AppData\Roaming\npm;
USERNAME=Prattay
OS=Windows_NT
PROCESSOR_IDENTIFIER=Intel64 Family 6 Model 154 Stepping 3, GenuineIntel
TMP=C:\Users\Prattay\AppData\Local\Temp
TEMP=C:\Users\Prattay\AppData\Local\Temp




Periodic native trim disabled

---------------  S Y S T E M  ---------------

OS:
 Windows 11 , 64 bit Build 26100 (10.0.26100.4484)
OS uptime: 7 days 2:21 hours
Hyper-V role detected

CPU: total 16 (initial active 16) (8 cores per cpu, 2 threads per core) family 6 model 154 stepping 3 microcode 0x437, cx8, cmov, fxsr, ht, mmx, 3dnowpref, sse, sse2, sse3, ssse3, sse4.1, sse4.2, popcnt, lzcnt, tsc, tscinvbit, avx, avx2, aes, erms, clmul, bmi1, bmi2, adx, sha, fma, vzeroupper, clflush, clflushopt, clwb, hv, serialize, rdtscp, rdpid, fsrm, gfni, f16c, cet_ibt, cet_ss
Processor Information for the first 16 processors :
  Max Mhz: 2500, Current Mhz: 2500, Mhz Limit: 2500

Memory: 4k page, system-wide physical 16068M (712M free)
TotalPageFile size 28568M (AvailPageFile size 7M)
current process WorkingSet (physical memory assigned to process): 369M, peak: 382M
current process commit charge ("private bytes"): 419M, peak: 471M

vm_info: Java HotSpot(TM) 64-Bit Server VM (24.0.1+9-30) for windows-amd64 JRE (24.0.1+9-30), built on 2025-03-05T07:23:45Z with MS VC++ 17.6 (VS2022)

END.
